[0.125s] Invoking command in '/workspaces/bdai/bosdyn_msgs/build/bosdyn_msgs': CMAKE_PREFIX_PATH=${CMAKE_PREFIX_PATH}:/workspaces/bdai/projects/watch_understand_do/ws/install/visual_servoing:/workspaces/bdai/projects/watch_understand_do/ws/install/primitives_ros:/workspaces/bdai/projects/watch_understand_do/ws/install/look_at_that_ros:/workspaces/bdai/projects/watch_understand_do/ws/install/diagnose_repair_ros:/workspaces/bdai/projects/tir/ws/install/ur_pick_and_place_ros:/workspaces/bdai/projects/storefront/ws/install/spot_dancing:/workspaces/bdai/ws/install/utilities:/workspaces/bdai/ws/install/spot_spotter:/workspaces/bdai/ws/install/spot_driver:/workspaces/bdai/ws/install/simple_walk_forward:/workspaces/bdai/ws/install/simple_arm_motion:/workspaces/bdai/ws/install/mocap_driver_utilities:/workspaces/bdai/ws/install/camera_interfaces:/workspaces/bdai/ws/install/bdai_ros2_wrappers:/workspaces/bdai/ws/install/bdai_ros:/opt/ros/humble /usr/bin/cmake /workspaces/bdai/bosdyn_msgs -DCMAKE_INSTALL_PREFIX=/workspaces/bdai/bosdyn_msgs/install/bosdyn_msgs
[0.138s] -- Found ament_cmake: 1.3.5 (/opt/ros/humble/share/ament_cmake/cmake)
[0.435s] -- Found builtin_interfaces: 1.2.1 (/opt/ros/humble/share/builtin_interfaces/cmake)
[0.452s] -- Found rosidl_generator_c: 3.1.5 (/opt/ros/humble/share/rosidl_generator_c/cmake)
[0.453s] -- Found rosidl_adapter: 3.1.5 (/opt/ros/humble/share/rosidl_adapter/cmake)
[0.456s] -- Found rosidl_generator_cpp: 3.1.5 (/opt/ros/humble/share/rosidl_generator_cpp/cmake)
[0.464s] -- Using all available rosidl_typesupport_c: rosidl_typesupport_fastrtps_c;rosidl_typesupport_introspection_c
[0.473s] -- Using all available rosidl_typesupport_cpp: rosidl_typesupport_fastrtps_cpp;rosidl_typesupport_introspection_cpp
[0.482s] -- Found common_interfaces: 4.2.3 (/opt/ros/humble/share/common_interfaces/cmake)
[0.483s] -- Found std_msgs: 4.2.3 (/opt/ros/humble/share/std_msgs/cmake)
[0.501s] -- Found geometry_msgs: 4.2.3 (/opt/ros/humble/share/geometry_msgs/cmake)
[0.524s] -- Found sensor_msgs: 4.2.3 (/opt/ros/humble/share/sensor_msgs/cmake)
[0.571s] -- Found rosidl_default_generators: 1.2.0 (/opt/ros/humble/share/rosidl_default_generators/cmake)
[4.662s] -- Found ament_cmake_ros: 0.10.0 (/opt/ros/humble/share/ament_cmake_ros/cmake)
[5.873s] -- Using all available rosidl_typesupport_c: rosidl_typesupport_fastrtps_c;rosidl_typesupport_introspection_c
[6.344s] -- Using all available rosidl_typesupport_cpp: rosidl_typesupport_fastrtps_cpp;rosidl_typesupport_introspection_cpp
[6.430s] -- Found PythonInterp: /usr/bin/python3 (found suitable version "3.10.12", minimum required is "3.6") 
[6.436s] -- Found python_cmake_module: 0.10.0 (/opt/ros/humble/share/python_cmake_module/cmake)
[6.515s] -- Found PythonLibs: /usr/lib/x86_64-linux-gnu/libpython3.10.so (found suitable version "3.10.12", minimum required is "3.5") 
[6.515s] -- Using PYTHON_EXECUTABLE: /usr/bin/python3
[6.516s] -- Using PYTHON_INCLUDE_DIRS: /usr/include/python3.10
[6.516s] -- Using PYTHON_LIBRARIES: /usr/lib/x86_64-linux-gnu/libpython3.10.so
[6.588s] -- Found PythonExtra: .so  
[7.174s] -- Using numpy include directory: /usr/local/lib/python3.10/dist-packages/numpy/core/include
[7.239s] -- Found ament_lint_auto: 0.12.8 (/opt/ros/humble/share/ament_lint_auto/cmake)
[7.363s] -- Added test 'cppcheck' to perform static code analysis on C / C++ code
[7.363s] -- Configured cppcheck include dirs: $<BUILD_INTERFACE:/workspaces/bdai/bosdyn_msgs/build/bosdyn_msgs/rosidl_generator_c>;$<BUILD_INTERFACE:/workspaces/bdai/bosdyn_msgs/build/bosdyn_msgs/rosidl_typesupport_fastrtps_c>;$<BUILD_INTERFACE:/workspaces/bdai/bosdyn_msgs/build/bosdyn_msgs/rosidl_generator_cpp>;$<BUILD_INTERFACE:/workspaces/bdai/bosdyn_msgs/build/bosdyn_msgs/rosidl_typesupport_fastrtps_cpp>;$<BUILD_INTERFACE:/workspaces/bdai/bosdyn_msgs/build/bosdyn_msgs/rosidl_typesupport_introspection_c>;$<BUILD_INTERFACE:/workspaces/bdai/bosdyn_msgs/build/bosdyn_msgs/rosidl_typesupport_introspection_cpp>;/workspaces/bdai/bosdyn_msgs/build/bosdyn_msgs/rosidl_generator_c;/workspaces/bdai/bosdyn_msgs/build/bosdyn_msgs/rosidl_generator_py
[7.363s] -- Configured cppcheck exclude dirs and/or files: 
[7.376s] -- Added test 'flake8' to check Python code syntax and style conventions
[7.400s] -- Added test 'lint_cmake' to check CMake code style
[7.411s] -- Added test 'pep257' to check Python code against some of the docstring style conventions in PEP 257
[7.500s] -- Added test 'uncrustify' to check C / C++ code style
[7.500s] -- Configured uncrustify additional arguments: 
[7.512s] -- Added test 'xmllint' to check XML markup files
[7.515s] -- Configuring done
[8.785s] -- Generating done
[8.789s] -- Build files have been written to: /workspaces/bdai/bosdyn_msgs/build/bosdyn_msgs
[8.836s] Invoked command in '/workspaces/bdai/bosdyn_msgs/build/bosdyn_msgs' returned '0': CMAKE_PREFIX_PATH=${CMAKE_PREFIX_PATH}:/workspaces/bdai/projects/watch_understand_do/ws/install/visual_servoing:/workspaces/bdai/projects/watch_understand_do/ws/install/primitives_ros:/workspaces/bdai/projects/watch_understand_do/ws/install/look_at_that_ros:/workspaces/bdai/projects/watch_understand_do/ws/install/diagnose_repair_ros:/workspaces/bdai/projects/tir/ws/install/ur_pick_and_place_ros:/workspaces/bdai/projects/storefront/ws/install/spot_dancing:/workspaces/bdai/ws/install/utilities:/workspaces/bdai/ws/install/spot_spotter:/workspaces/bdai/ws/install/spot_driver:/workspaces/bdai/ws/install/simple_walk_forward:/workspaces/bdai/ws/install/simple_arm_motion:/workspaces/bdai/ws/install/mocap_driver_utilities:/workspaces/bdai/ws/install/camera_interfaces:/workspaces/bdai/ws/install/bdai_ros2_wrappers:/workspaces/bdai/ws/install/bdai_ros:/opt/ros/humble /usr/bin/cmake /workspaces/bdai/bosdyn_msgs -DCMAKE_INSTALL_PREFIX=/workspaces/bdai/bosdyn_msgs/install/bosdyn_msgs
[8.838s] Invoking command in '/workspaces/bdai/bosdyn_msgs/build/bosdyn_msgs': CMAKE_PREFIX_PATH=${CMAKE_PREFIX_PATH}:/workspaces/bdai/projects/watch_understand_do/ws/install/visual_servoing:/workspaces/bdai/projects/watch_understand_do/ws/install/primitives_ros:/workspaces/bdai/projects/watch_understand_do/ws/install/look_at_that_ros:/workspaces/bdai/projects/watch_understand_do/ws/install/diagnose_repair_ros:/workspaces/bdai/projects/tir/ws/install/ur_pick_and_place_ros:/workspaces/bdai/projects/storefront/ws/install/spot_dancing:/workspaces/bdai/ws/install/utilities:/workspaces/bdai/ws/install/spot_spotter:/workspaces/bdai/ws/install/spot_driver:/workspaces/bdai/ws/install/simple_walk_forward:/workspaces/bdai/ws/install/simple_arm_motion:/workspaces/bdai/ws/install/mocap_driver_utilities:/workspaces/bdai/ws/install/camera_interfaces:/workspaces/bdai/ws/install/bdai_ros2_wrappers:/workspaces/bdai/ws/install/bdai_ros:/opt/ros/humble /usr/bin/cmake --build /workspaces/bdai/bosdyn_msgs/build/bosdyn_msgs -- -j16 -l16
[25.707s] [  0%] Built target ament_cmake_python_copy_bosdyn_msgs
[25.775s] [  0%] [34m[1mGenerating C code for ROS interfaces[0m
[25.868s] [  0%] [34m[1mGenerating C++ code for ROS interfaces[0m
[26.045s] running egg_info
[26.045s] creating bosdyn_msgs.egg-info
[26.058s] writing bosdyn_msgs.egg-info/PKG-INFO
[26.058s] writing dependency_links to bosdyn_msgs.egg-info/dependency_links.txt
[26.058s] writing top-level names to bosdyn_msgs.egg-info/top_level.txt
[26.059s] writing manifest file 'bosdyn_msgs.egg-info/SOURCES.txt'
[26.096s] reading manifest file 'bosdyn_msgs.egg-info/SOURCES.txt'
[26.097s] writing manifest file 'bosdyn_msgs.egg-info/SOURCES.txt'
[26.129s] [  0%] Built target ament_cmake_python_build_bosdyn_msgs_egg
[99.510s] [  0%] Built target bosdyn_msgs__cpp
[99.614s] [  0%] [34m[1mGenerating C++ type support dispatch for ROS interfaces[0m
[99.692s] [  0%] [34m[1mGenerating C++ type support for eProsima Fast-RTPS[0m
[99.720s] [  0%] [34m[1mGenerating C++ introspection for ROS interfaces[0m
[109.935s] [  0%] [32mBuilding C object CMakeFiles/bosdyn_msgs__rosidl_generator_c.dir/rosidl_generator_c/bosdyn_msgs/msg/detail/acquire_lease_response__functions.c.o[0m
[109.936s] [  0%] [32mBuilding C object CMakeFiles/bosdyn_msgs__rosidl_generator_c.dir/rosidl_generator_c/bosdyn_msgs/msg/detail/acquire_data_request__functions.c.o[0m
[109.936s] [  0%] [32mBuilding C object CMakeFiles/bosdyn_msgs__rosidl_generator_c.dir/rosidl_generator_c/bosdyn_msgs/msg/detail/acquire_plugin_data_request__functions.c.o[0m
[109.937s] [  0%] [32mBuilding C object CMakeFiles/bosdyn_msgs__rosidl_generator_c.dir/rosidl_generator_c/bosdyn_msgs/msg/detail/acquire_lease_request__functions.c.o[0m
[109.938s] [  0%] [32mBuilding C object CMakeFiles/bosdyn_msgs__rosidl_generator_c.dir/rosidl_generator_c/bosdyn_msgs/msg/detail/acquire_lease_response_status__functions.c.o[0m
[109.938s] [  0%] [32mBuilding C object CMakeFiles/bosdyn_msgs__rosidl_generator_c.dir/rosidl_generator_c/bosdyn_msgs/msg/detail/acquire_data_response__functions.c.o[0m
[109.939s] [  0%] [32mBuilding C object CMakeFiles/bosdyn_msgs__rosidl_generator_c.dir/rosidl_generator_c/bosdyn_msgs/msg/detail/acquire_plugin_data_response_status__functions.c.o[0m
[109.939s] [  0%] [32mBuilding C object CMakeFiles/bosdyn_msgs__rosidl_generator_c.dir/rosidl_generator_c/bosdyn_msgs/msg/detail/acquire_plugin_data_response__functions.c.o[0m
[109.939s] [  0%] [32mBuilding C object CMakeFiles/bosdyn_msgs__rosidl_generator_c.dir/rosidl_generator_c/bosdyn_msgs/msg/detail/acquire_data_response_status__functions.c.o[0m
[109.940s] [  0%] [32mBuilding C object CMakeFiles/bosdyn_msgs__rosidl_generator_c.dir/rosidl_generator_c/bosdyn_msgs/msg/detail/acquisition_capability_list__functions.c.o[0m
[109.941s] [  0%] [32mBuilding C object CMakeFiles/bosdyn_msgs__rosidl_generator_c.dir/rosidl_generator_c/bosdyn_msgs/msg/detail/action_after__functions.c.o[0m
[109.941s] [  0%] [32mBuilding C object CMakeFiles/bosdyn_msgs__rosidl_generator_c.dir/rosidl_generator_c/bosdyn_msgs/msg/detail/action__functions.c.o[0m
[109.942s] [  0%] [32mBuilding C object CMakeFiles/bosdyn_msgs__rosidl_generator_c.dir/rosidl_generator_c/bosdyn_msgs/msg/detail/acquisition_request_list__functions.c.o[0m
[109.984s] In file included from [01m[K/workspaces/bdai/bosdyn_msgs/build/bosdyn_msgs/rosidl_generator_c/bosdyn_msgs/msg/detail/one_of_param__struct.h:24[m[K,
[109.984s]                  from [01m[K/workspaces/bdai/bosdyn_msgs/build/bosdyn_msgs/rosidl_generator_c/bosdyn_msgs/msg/detail/custom_param_one_of_value__struct.h:90[m[K,
[109.985s]                  from [01m[K/workspaces/bdai/bosdyn_msgs/build/bosdyn_msgs/rosidl_generator_c/bosdyn_msgs/msg/detail/custom_param__struct.h:22[m[K,
[109.985s]                  from [01m[K/workspaces/bdai/bosdyn_msgs/build/bosdyn_msgs/rosidl_generator_c/bosdyn_msgs/msg/detail/key_string_value_bosdyn_msgs_custom_param__struct.h:24[m[K,
[109.985s]                  from [01m[K/workspaces/bdai/bosdyn_msgs/build/bosdyn_msgs/rosidl_generator_c/bosdyn_msgs/msg/detail/dict_param__struct.h:22[m[K,
[109.985s]                  from [01m[K/workspaces/bdai/bosdyn_msgs/build/bosdyn_msgs/rosidl_generator_c/bosdyn_msgs/msg/detail/image_request__struct.h:28[m[K,
[109.985s]                  from [01m[K/workspaces/bdai/bosdyn_msgs/build/bosdyn_msgs/rosidl_generator_c/bosdyn_msgs/msg/detail/image_source_capture__struct.h:24[m[K,
[109.986s]                  from [01m[K/workspaces/bdai/bosdyn_msgs/build/bosdyn_msgs/rosidl_generator_c/bosdyn_msgs/msg/detail/acquisition_request_list__struct.h:22[m[K,
[109.986s]                  from [01m[K/workspaces/bdai/bosdyn_msgs/build/bosdyn_msgs/rosidl_generator_c/bosdyn_msgs/msg/detail/acquire_plugin_data_request__struct.h:30[m[K,
[109.986s]                  from [01m[K/workspaces/bdai/bosdyn_msgs/build/bosdyn_msgs/rosidl_generator_c/bosdyn_msgs/msg/detail/acquire_plugin_data_request__functions.h:19[m[K,
[109.986s]                  from [01m[K/workspaces/bdai/bosdyn_msgs/build/bosdyn_msgs/rosidl_generator_c/bosdyn_msgs/msg/detail/acquire_plugin_data_request__functions.c:4[m[K:
[109.986s] [01m[K/workspaces/bdai/bosdyn_msgs/build/bosdyn_msgs/rosidl_generator_c/bosdyn_msgs/msg/detail/key_string_value_bosdyn_msgs_dict_param__struct.h:33:3:[m[K [01;31m[Kerror: [m[Kunknown type name â€˜[01m[Kbosdyn_msgs__msg__DictParam[m[Kâ€™
[109.986s]    33 |   [01;31m[Kbosdyn_msgs__msg__DictParam[m[K value;
[109.986s]       |   [01;31m[K^~~~~~~~~~~~~~~~~~~~~~~~~~~[m[K
[109.986s] In file included from [01m[K/workspaces/bdai/bosdyn_msgs/build/bosdyn_msgs/rosidl_generator_c/bosdyn_msgs/msg/detail/one_of_param__struct.h:24[m[K,
[109.986s]                  from [01m[K/workspaces/bdai/bosdyn_msgs/build/bosdyn_msgs/rosidl_generator_c/bosdyn_msgs/msg/detail/custom_param_one_of_value__struct.h:90[m[K,
[109.986s]                  from [01m[K/workspaces/bdai/bosdyn_msgs/build/bosdyn_msgs/rosidl_generator_c/bosdyn_msgs/msg/detail/custom_param__struct.h:22[m[K,
[109.986s]                  from [01m[K/workspaces/bdai/bosdyn_msgs/build/bosdyn_msgs/rosidl_generator_c/bosdyn_msgs/msg/detail/key_string_value_bosdyn_msgs_custom_param__struct.h:24[m[K,
[109.987s]                  from [01m[K/workspaces/bdai/bosdyn_msgs/build/bosdyn_msgs/rosidl_generator_c/bosdyn_msgs/msg/detail/dict_param__struct.h:22[m[K,
[109.987s]                  from [01m[K/workspaces/bdai/bosdyn_msgs/build/bosdyn_msgs/rosidl_generator_c/bosdyn_msgs/msg/detail/image_request__struct.h:28[m[K,
[109.987s]                  from [01m[K/workspaces/bdai/bosdyn_msgs/build/bosdyn_msgs/rosidl_generator_c/bosdyn_msgs/msg/detail/image_source_capture__struct.h:24[m[K,
[109.987s]                  from [01m[K/workspaces/bdai/bosdyn_msgs/build/bosdyn_msgs/rosidl_generator_c/bosdyn_msgs/msg/detail/acquisition_request_list__struct.h:22[m[K,
[109.987s]                  from [01m[K/workspaces/bdai/bosdyn_msgs/build/bosdyn_msgs/rosidl_generator_c/bosdyn_msgs/msg/detail/acquire_data_request__struct.h:28[m[K,
[109.987s]                  from [01m[K/workspaces/bdai/bosdyn_msgs/build/bosdyn_msgs/rosidl_generator_c/bosdyn_msgs/msg/detail/action_data_acquisition__struct.h:22[m[K,
[109.987s]                  from [01m[K/workspaces/bdai/bosdyn_msgs/build/bosdyn_msgs/rosidl_generator_c/bosdyn_msgs/msg/detail/action_one_of_action__struct.h:54[m[K,
[109.987s]                  from [01m[K/workspaces/bdai/bosdyn_msgs/build/bosdyn_msgs/rosidl_generator_c/bosdyn_msgs/msg/detail/action__struct.h:22[m[K,
[109.987s]                  from [01m[K/workspaces/bdai/bosdyn_msgs/build/bosdyn_msgs/rosidl_generator_c/bosdyn_msgs/msg/detail/action__functions.h:19[m[K,
[109.987s]                  from [01m[K/workspaces/bdai/bosdyn_msgs/build/bosdyn_msgs/rosidl_generator_c/bosdyn_msgs/msg/detail/action__functions.c:4[m[K:
[109.988s] [01m[K/workspaces/bdai/bosdyn_msgs/build/bosdyn_msgs/rosidl_generator_c/bosdyn_msgs/msg/detail/key_string_value_bosdyn_msgs_dict_param__struct.h:33:3:[m[K [01;31m[Kerror: [m[Kunknown type name â€˜[01m[Kbosdyn_msgs__msg__DictParam[m[Kâ€™
[109.988s]    33 |   [01;31m[Kbosdyn_msgs__msg__DictParam[m[K value;
[109.988s]       |   [01;31m[K^~~~~~~~~~~~~~~~~~~~~~~~~~~[m[K
[110.000s] In file included from [01m[K/workspaces/bdai/bosdyn_msgs/build/bosdyn_msgs/rosidl_generator_c/bosdyn_msgs/msg/detail/one_of_param__struct.h:24[m[K,
[110.001s]                  from [01m[K/workspaces/bdai/bosdyn_msgs/build/bosdyn_msgs/rosidl_generator_c/bosdyn_msgs/msg/detail/custom_param_one_of_value__struct.h:90[m[K,
[110.001s]                  from [01m[K/workspaces/bdai/bosdyn_msgs/build/bosdyn_msgs/rosidl_generator_c/bosdyn_msgs/msg/detail/custom_param__struct.h:22[m[K,
[110.001s]                  from [01m[K/workspaces/bdai/bosdyn_msgs/build/bosdyn_msgs/rosidl_generator_c/bosdyn_msgs/msg/detail/key_string_value_bosdyn_msgs_custom_param__struct.h:24[m[K,
[110.001s]                  from [01m[K/workspaces/bdai/bosdyn_msgs/build/bosdyn_msgs/rosidl_generator_c/bosdyn_msgs/msg/detail/dict_param__struct.h:22[m[K,
[110.001s]                  from [01m[K/workspaces/bdai/bosdyn_msgs/build/bosdyn_msgs/rosidl_generator_c/bosdyn_msgs/msg/detail/image_request__struct.h:28[m[K,
[110.001s]                  from [01m[K/workspaces/bdai/bosdyn_msgs/build/bosdyn_msgs/rosidl_generator_c/bosdyn_msgs/msg/detail/image_source_capture__struct.h:24[m[K,
[110.001s]                  from [01m[K/workspaces/bdai/bosdyn_msgs/build/bosdyn_msgs/rosidl_generator_c/bosdyn_msgs/msg/detail/acquisition_request_list__struct.h:22[m[K,
[110.001s]                  from [01m[K/workspaces/bdai/bosdyn_msgs/build/bosdyn_msgs/rosidl_generator_c/bosdyn_msgs/msg/detail/acquisition_request_list__functions.h:19[m[K,
[110.001s]                  from [01m[K/workspaces/bdai/bosdyn_msgs/build/bosdyn_msgs/rosidl_generator_c/bosdyn_msgs/msg/detail/acquisition_request_list__functions.c:4[m[K:
[110.001s] [01m[K/workspaces/bdai/bosdyn_msgs/build/bosdyn_msgs/rosidl_generator_c/bosdyn_msgs/msg/detail/key_string_value_bosdyn_msgs_dict_param__struct.h:33:3:[m[K [01;31m[Kerror: [m[Kunknown type name â€˜[01m[Kbosdyn_msgs__msg__DictParam[m[Kâ€™
[110.002s]    33 |   [01;31m[Kbosdyn_msgs__msg__DictParam[m[K value;
[110.002s]       |   [01;31m[K^~~~~~~~~~~~~~~~~~~~~~~~~~~[m[K
[110.002s] In file included from [01m[K/workspaces/bdai/bosdyn_msgs/build/bosdyn_msgs/rosidl_generator_c/bosdyn_msgs/msg/detail/one_of_param__struct.h:24[m[K,
[110.002s]                  from [01m[K/workspaces/bdai/bosdyn_msgs/build/bosdyn_msgs/rosidl_generator_c/bosdyn_msgs/msg/detail/custom_param_one_of_value__struct.h:90[m[K,
[110.002s]                  from [01m[K/workspaces/bdai/bosdyn_msgs/build/bosdyn_msgs/rosidl_generator_c/bosdyn_msgs/msg/detail/custom_param__struct.h:22[m[K,
[110.002s]                  from [01m[K/workspaces/bdai/bosdyn_msgs/build/bosdyn_msgs/rosidl_generator_c/bosdyn_msgs/msg/detail/key_string_value_bosdyn_msgs_custom_param__struct.h:24[m[K,
[110.002s]                  from [01m[K/workspaces/bdai/bosdyn_msgs/build/bosdyn_msgs/rosidl_generator_c/bosdyn_msgs/msg/detail/dict_param__struct.h:22[m[K,
[110.002s]                  from [01m[K/workspaces/bdai/bosdyn_msgs/build/bosdyn_msgs/rosidl_generator_c/bosdyn_msgs/msg/detail/image_request__struct.h:28[m[K,
[110.002s]                  from [01m[K/workspaces/bdai/bosdyn_msgs/build/bosdyn_msgs/rosidl_generator_c/bosdyn_msgs/msg/detail/image_source_capture__struct.h:24[m[K,
[110.002s]                  from [01m[K/workspaces/bdai/bosdyn_msgs/build/bosdyn_msgs/rosidl_generator_c/bosdyn_msgs/msg/detail/acquisition_request_list__struct.h:22[m[K,
[110.003s]                  from [01m[K/workspaces/bdai/bosdyn_msgs/build/bosdyn_msgs/rosidl_generator_c/bosdyn_msgs/msg/detail/acquire_data_request__struct.h:28[m[K,
[110.003s]                  from [01m[K/workspaces/bdai/bosdyn_msgs/build/bosdyn_msgs/rosidl_generator_c/bosdyn_msgs/msg/detail/acquire_data_request__functions.h:19[m[K,
[110.003s]                  from [01m[K/workspaces/bdai/bosdyn_msgs/build/bosdyn_msgs/rosidl_generator_c/bosdyn_msgs/msg/detail/acquire_data_request__functions.c:4[m[K:
[110.003s] [01m[K/workspaces/bdai/bosdyn_msgs/build/bosdyn_msgs/rosidl_generator_c/bosdyn_msgs/msg/detail/key_string_value_bosdyn_msgs_dict_param__struct.h:33:3:[m[K [01;31m[Kerror: [m[Kunknown type name â€˜[01m[Kbosdyn_msgs__msg__DictParam[m[Kâ€™
[110.003s]    33 |   [01;31m[Kbosdyn_msgs__msg__DictParam[m[K value;
[110.003s]       |   [01;31m[K^~~~~~~~~~~~~~~~~~~~~~~~~~~[m[K
[110.010s] gmake[2]: *** [CMakeFiles/bosdyn_msgs__rosidl_generator_c.dir/build.make:21686: CMakeFiles/bosdyn_msgs__rosidl_generator_c.dir/rosidl_generator_c/bosdyn_msgs/msg/detail/acquire_plugin_data_request__functions.c.o] Error 1
[110.010s] gmake[2]: *** Waiting for unfinished jobs....
[110.010s] gmake[2]: *** [CMakeFiles/bosdyn_msgs__rosidl_generator_c.dir/build.make:21742: CMakeFiles/bosdyn_msgs__rosidl_generator_c.dir/rosidl_generator_c/bosdyn_msgs/msg/detail/acquisition_request_list__functions.c.o] Error 1
[110.016s] gmake[2]: *** [CMakeFiles/bosdyn_msgs__rosidl_generator_c.dir/build.make:21756: CMakeFiles/bosdyn_msgs__rosidl_generator_c.dir/rosidl_generator_c/bosdyn_msgs/msg/detail/action__functions.c.o] Error 1
[110.017s] gmake[2]: *** [CMakeFiles/bosdyn_msgs__rosidl_generator_c.dir/build.make:21602: CMakeFiles/bosdyn_msgs__rosidl_generator_c.dir/rosidl_generator_c/bosdyn_msgs/msg/detail/acquire_data_request__functions.c.o] Error 1
[110.043s] gmake[1]: *** [CMakeFiles/Makefile2:213: CMakeFiles/bosdyn_msgs__rosidl_generator_c.dir/all] Error 2
[110.044s] gmake[1]: *** Waiting for unfinished jobs....
[189.789s] [  0%] [32mBuilding CXX object CMakeFiles/bosdyn_msgs__rosidl_typesupport_cpp.dir/rosidl_typesupport_cpp/bosdyn_msgs/msg/acquire_data_response__type_support.cpp.o[0m
[189.789s] [  0%] [32mBuilding CXX object CMakeFiles/bosdyn_msgs__rosidl_typesupport_cpp.dir/rosidl_typesupport_cpp/bosdyn_msgs/msg/acquire_data_response_status__type_support.cpp.o[0m
[189.790s] [  0%] [32mBuilding CXX object CMakeFiles/bosdyn_msgs__rosidl_typesupport_cpp.dir/rosidl_typesupport_cpp/bosdyn_msgs/msg/acquire_lease_response__type_support.cpp.o[0m
[189.790s] [  0%] [32mBuilding CXX object CMakeFiles/bosdyn_msgs__rosidl_typesupport_cpp.dir/rosidl_typesupport_cpp/bosdyn_msgs/msg/acquire_lease_request__type_support.cpp.o[0m
[189.790s] [  0%] [32mBuilding CXX object CMakeFiles/bosdyn_msgs__rosidl_typesupport_cpp.dir/rosidl_typesupport_cpp/bosdyn_msgs/msg/acquire_lease_response_status__type_support.cpp.o[0m
[189.791s] [  0%] [32mBuilding CXX object CMakeFiles/bosdyn_msgs__rosidl_typesupport_cpp.dir/rosidl_typesupport_cpp/bosdyn_msgs/msg/acquire_data_request__type_support.cpp.o[0m
[189.794s] [  0%] [32mBuilding CXX object CMakeFiles/bosdyn_msgs__rosidl_typesupport_cpp.dir/rosidl_typesupport_cpp/bosdyn_msgs/msg/acquire_plugin_data_response_status__type_support.cpp.o[0m
[189.795s] [  0%] [32mBuilding CXX object CMakeFiles/bosdyn_msgs__rosidl_typesupport_cpp.dir/rosidl_typesupport_cpp/bosdyn_msgs/msg/acquire_plugin_data_response__type_support.cpp.o[0m
[189.797s] [  0%] [32mBuilding CXX object CMakeFiles/bosdyn_msgs__rosidl_typesupport_cpp.dir/rosidl_typesupport_cpp/bosdyn_msgs/msg/acquisition_capability_list__type_support.cpp.o[0m
[189.798s] [  0%] [32mBuilding CXX object CMakeFiles/bosdyn_msgs__rosidl_typesupport_cpp.dir/rosidl_typesupport_cpp/bosdyn_msgs/msg/action__type_support.cpp.o[0m
[189.798s] [  0%] [32mBuilding CXX object CMakeFiles/bosdyn_msgs__rosidl_typesupport_cpp.dir/rosidl_typesupport_cpp/bosdyn_msgs/msg/acquire_plugin_data_request__type_support.cpp.o[0m
[189.800s] [  0%] [32mBuilding CXX object CMakeFiles/bosdyn_msgs__rosidl_typesupport_cpp.dir/rosidl_typesupport_cpp/bosdyn_msgs/msg/acquisition_request_list__type_support.cpp.o[0m
[189.801s] [  0%] [32mBuilding CXX object CMakeFiles/bosdyn_msgs__rosidl_typesupport_cpp.dir/rosidl_typesupport_cpp/bosdyn_msgs/msg/action_after__type_support.cpp.o[0m
[189.804s] [  0%] [32mBuilding CXX object CMakeFiles/bosdyn_msgs__rosidl_typesupport_cpp.dir/rosidl_typesupport_cpp/bosdyn_msgs/msg/action_after_auto_return__type_support.cpp.o[0m
[190.561s] In file included from [01m[K/workspaces/bdai/bosdyn_msgs/build/bosdyn_msgs/rosidl_generator_cpp/bosdyn_msgs/msg/detail/one_of_param__struct.hpp:20[m[K,
[190.562s]                  from [01m[K/workspaces/bdai/bosdyn_msgs/build/bosdyn_msgs/rosidl_generator_cpp/bosdyn_msgs/msg/detail/custom_param_one_of_value__struct.hpp:34[m[K,
[190.562s]                  from [01m[K/workspaces/bdai/bosdyn_msgs/build/bosdyn_msgs/rosidl_generator_cpp/bosdyn_msgs/msg/detail/custom_param__struct.hpp:20[m[K,
[190.562s]                  from [01m[K/workspaces/bdai/bosdyn_msgs/build/bosdyn_msgs/rosidl_generator_cpp/bosdyn_msgs/msg/detail/key_string_value_bosdyn_msgs_custom_param__struct.hpp:20[m[K,
[190.562s]                  from [01m[K/workspaces/bdai/bosdyn_msgs/build/bosdyn_msgs/rosidl_generator_cpp/bosdyn_msgs/msg/detail/dict_param__struct.hpp:20[m[K,
[190.563s]                  from [01m[K/workspaces/bdai/bosdyn_msgs/build/bosdyn_msgs/rosidl_generator_cpp/bosdyn_msgs/msg/detail/image_request__struct.hpp:24[m[K,
[190.563s]                  from [01m[K/workspaces/bdai/bosdyn_msgs/build/bosdyn_msgs/rosidl_generator_cpp/bosdyn_msgs/msg/detail/image_source_capture__struct.hpp:20[m[K,
[190.563s]                  from [01m[K/workspaces/bdai/bosdyn_msgs/build/bosdyn_msgs/rosidl_generator_cpp/bosdyn_msgs/msg/detail/acquisition_request_list__struct.hpp:20[m[K,
[190.563s]                  from [01m[K/workspaces/bdai/bosdyn_msgs/build/bosdyn_msgs/rosidl_typesupport_cpp/bosdyn_msgs/msg/acquisition_request_list__type_support.cpp:7[m[K:
[190.564s] [01m[K/workspaces/bdai/bosdyn_msgs/build/bosdyn_msgs/rosidl_generator_cpp/bosdyn_msgs/msg/detail/key_string_value_bosdyn_msgs_dict_param__struct.hpp:66:23:[m[K [01;31m[Kerror: [m[Kâ€˜[01m[KDictParam_[m[Kâ€™ in namespace â€˜[01m[Kbosdyn_msgs::msg[m[Kâ€™ does not name a template type; did you mean â€˜[01m[KListParam_[m[Kâ€™?
[190.564s]    66 |     bosdyn_msgs::msg::[01;31m[KDictParam_[m[K<ContainerAllocator>;
[190.564s]       |                       [01;31m[K^~~~~~~~~~[m[K
[190.565s]       |                       [32m[KListParam_[m[K
[190.565s] [01m[K/workspaces/bdai/bosdyn_msgs/build/bosdyn_msgs/rosidl_generator_cpp/bosdyn_msgs/msg/detail/key_string_value_bosdyn_msgs_dict_param__struct.hpp:67:3:[m[K [01;31m[Kerror: [m[Kâ€˜[01m[K_value_type[m[Kâ€™ does not name a type
[190.565s]    67 |   [01;31m[K_value_type[m[K value;
[190.566s]       |   [01;31m[K^~~~~~~~~~~[m[K
[190.566s] [01m[K/workspaces/bdai/bosdyn_msgs/build/bosdyn_msgs/rosidl_generator_cpp/bosdyn_msgs/msg/detail/key_string_value_bosdyn_msgs_dict_param__struct.hpp:77:29:[m[K [01;31m[Kerror: [m[Kâ€˜[01m[KDictParam_[m[Kâ€™ in namespace â€˜[01m[Kbosdyn_msgs::msg[m[Kâ€™ does not name a template type; did you mean â€˜[01m[KListParam_[m[Kâ€™?
[190.566s]    77 |     const bosdyn_msgs::msg::[01;31m[KDictParam_[m[K<ContainerAllocator> & _arg)
[190.566s]       |                             [01;31m[K^~~~~~~~~~[m[K
[190.567s]       |                             [32m[KListParam_[m[K
[190.567s] [01m[K/workspaces/bdai/bosdyn_msgs/build/bosdyn_msgs/rosidl_generator_cpp/bosdyn_msgs/msg/detail/key_string_value_bosdyn_msgs_dict_param__struct.hpp:77:39:[m[K [01;31m[Kerror: [m[Kexpected â€˜[01m[K,[m[Kâ€™ or â€˜[01m[K...[m[Kâ€™ before â€˜[01m[K<[m[Kâ€™ token
[190.567s]    77 |     const bosdyn_msgs::msg::DictParam_[01;31m[K<[m[KContainerAllocator> & _arg)
[190.568s]       |                                       [01;31m[K^[m[K
[190.568s] [01m[K/workspaces/bdai/bosdyn_msgs/build/bosdyn_msgs/rosidl_generator_cpp/bosdyn_msgs/msg/detail/key_string_value_bosdyn_msgs_dict_param__struct.hpp:[m[K In constructor â€˜[01m[Kbosdyn_msgs::msg::KeyStringValueBosdynMsgsDictParam_<ContainerAllocator>::KeyStringValueBosdynMsgsDictParam_(rosidl_runtime_cpp::MessageInitialization)[m[Kâ€™:
[190.568s] [01m[K/workspaces/bdai/bosdyn_msgs/build/bosdyn_msgs/rosidl_generator_cpp/bosdyn_msgs/msg/detail/key_string_value_bosdyn_msgs_dict_param__struct.hpp:41:5:[m[K [01;31m[Kerror: [m[Kclass â€˜[01m[Kbosdyn_msgs::msg::KeyStringValueBosdynMsgsDictParam_<ContainerAllocator>[m[Kâ€™ does not have any field named â€˜[01m[Kvalue[m[Kâ€™
[190.568s]    41 |   : [01;31m[Kvalue[m[K(_init)
[190.568s]       |     [01;31m[K^~~~~[m[K
[190.568s] [01m[K/workspaces/bdai/bosdyn_msgs/build/bosdyn_msgs/rosidl_generator_cpp/bosdyn_msgs/msg/detail/key_string_value_bosdyn_msgs_dict_param__struct.hpp:[m[K In constructor â€˜[01m[Kbosdyn_msgs::msg::KeyStringValueBosdynMsgsDictParam_<ContainerAllocator>::KeyStringValueBosdynMsgsDictParam_(const ContainerAllocator&, rosidl_runtime_cpp::MessageInitialization)[m[Kâ€™:
[190.569s] [01m[K/workspaces/bdai/bosdyn_msgs/build/bosdyn_msgs/rosidl_generator_cpp/bosdyn_msgs/msg/detail/key_string_value_bosdyn_msgs_dict_param__struct.hpp:52:5:[m[K [01;31m[Kerror: [m[Kclass â€˜[01m[Kbosdyn_msgs::msg::KeyStringValueBosdynMsgsDictParam_<ContainerAllocator>[m[Kâ€™ does not have any field named â€˜[01m[Kvalue[m[Kâ€™
[190.569s]    52 |     [01;31m[Kvalue[m[K(_alloc, _init)
[190.569s]       |     [01;31m[K^~~~~[m[K
[190.573s] [01m[K/workspaces/bdai/bosdyn_msgs/build/bosdyn_msgs/rosidl_generator_cpp/bosdyn_msgs/msg/detail/key_string_value_bosdyn_msgs_dict_param__struct.hpp:[m[K In member function â€˜[01m[Kbosdyn_msgs::msg::KeyStringValueBosdynMsgsDictParam_<ContainerAllocator>::Type& bosdyn_msgs::msg::KeyStringValueBosdynMsgsDictParam_<ContainerAllocator>::set__value(int)[m[Kâ€™:
[190.573s] [01m[K/workspaces/bdai/bosdyn_msgs/build/bosdyn_msgs/rosidl_generator_cpp/bosdyn_msgs/msg/detail/key_string_value_bosdyn_msgs_dict_param__struct.hpp:79:19:[m[K [01;31m[Kerror: [m[Kâ€˜[01m[K_arg[m[Kâ€™ was not declared in this scope
[190.574s]    79 |     this->value = [01;31m[K_arg[m[K;
[190.574s]       |                   [01;31m[K^~~~[m[K
[190.589s] [  0%] [32mBuilding CXX object CMakeFiles/bosdyn_msgs__rosidl_typesupport_cpp.dir/rosidl_typesupport_cpp/bosdyn_msgs/msg/action_after_controlled_motors_off__type_support.cpp.o[0m
[190.604s] In file included from [01m[K/workspaces/bdai/bosdyn_msgs/build/bosdyn_msgs/rosidl_generator_cpp/bosdyn_msgs/msg/detail/one_of_param__struct.hpp:20[m[K,
[190.604s]                  from [01m[K/workspaces/bdai/bosdyn_msgs/build/bosdyn_msgs/rosidl_generator_cpp/bosdyn_msgs/msg/detail/custom_param_one_of_value__struct.hpp:34[m[K,
[190.604s]                  from [01m[K/workspaces/bdai/bosdyn_msgs/build/bosdyn_msgs/rosidl_generator_cpp/bosdyn_msgs/msg/detail/custom_param__struct.hpp:20[m[K,
[190.604s]                  from [01m[K/workspaces/bdai/bosdyn_msgs/build/bosdyn_msgs/rosidl_generator_cpp/bosdyn_msgs/msg/detail/key_string_value_bosdyn_msgs_custom_param__struct.hpp:20[m[K,
[190.605s]                  from [01m[K/workspaces/bdai/bosdyn_msgs/build/bosdyn_msgs/rosidl_generator_cpp/bosdyn_msgs/msg/detail/dict_param__struct.hpp:20[m[K,
[190.606s]                  from [01m[K/workspaces/bdai/bosdyn_msgs/build/bosdyn_msgs/rosidl_generator_cpp/bosdyn_msgs/msg/detail/image_request__struct.hpp:24[m[K,
[190.606s]                  from [01m[K/workspaces/bdai/bosdyn_msgs/build/bosdyn_msgs/rosidl_generator_cpp/bosdyn_msgs/msg/detail/image_source_capture__struct.hpp:20[m[K,
[190.607s]                  from [01m[K/workspaces/bdai/bosdyn_msgs/build/bosdyn_msgs/rosidl_generator_cpp/bosdyn_msgs/msg/detail/acquisition_request_list__struct.hpp:20[m[K,
[190.607s]                  from [01m[K/workspaces/bdai/bosdyn_msgs/build/bosdyn_msgs/rosidl_generator_cpp/bosdyn_msgs/msg/detail/acquire_plugin_data_request__struct.hpp:28[m[K,
[190.608s]                  from [01m[K/workspaces/bdai/bosdyn_msgs/build/bosdyn_msgs/rosidl_typesupport_cpp/bosdyn_msgs/msg/acquire_plugin_data_request__type_support.cpp:7[m[K:
[190.609s] [01m[K/workspaces/bdai/bosdyn_msgs/build/bosdyn_msgs/rosidl_generator_cpp/bosdyn_msgs/msg/detail/key_string_value_bosdyn_msgs_dict_param__struct.hpp:66:23:[m[K [01;31m[Kerror: [m[Kâ€˜[01m[KDictParam_[m[Kâ€™ in namespace â€˜[01m[Kbosdyn_msgs::msg[m[Kâ€™ does not name a template type; did you mean â€˜[01m[KListParam_[m[Kâ€™?
[190.609s]    66 |     bosdyn_msgs::msg::[01;31m[KDictParam_[m[K<ContainerAllocator>;
[190.609s]       |                       [01;31m[K^~~~~~~~~~[m[K
[190.609s]       |                       [32m[KListParam_[m[K
[190.610s] [01m[K/workspaces/bdai/bosdyn_msgs/build/bosdyn_msgs/rosidl_generator_cpp/bosdyn_msgs/msg/detail/key_string_value_bosdyn_msgs_dict_param__struct.hpp:67:3:[m[K [01;31m[Kerror: [m[Kâ€˜[01m[K_value_type[m[Kâ€™ does not name a type
[190.610s]    67 |   [01;31m[K_value_type[m[K value;
[190.610s]       |   [01;31m[K^~~~~~~~~~~[m[K
[190.610s] [01m[K/workspaces/bdai/bosdyn_msgs/build/bosdyn_msgs/rosidl_generator_cpp/bosdyn_msgs/msg/detail/key_string_value_bosdyn_msgs_dict_param__struct.hpp:77:29:[m[K [01;31m[Kerror: [m[Kâ€˜[01m[KDictParam_[m[Kâ€™ in namespace â€˜[01m[Kbosdyn_msgs::msg[m[Kâ€™ does not name a template type; did you mean â€˜[01m[KListParam_[m[Kâ€™?
[190.610s]    77 |     const bosdyn_msgs::msg::[01;31m[KDictParam_[m[K<ContainerAllocator> & _arg)
[190.611s]       |                             [01;31m[K^~~~~~~~~~[m[K
[190.611s]       |                             [32m[KListParam_[m[K
[190.611s] [01m[K/workspaces/bdai/bosdyn_msgs/build/bosdyn_msgs/rosidl_generator_cpp/bosdyn_msgs/msg/detail/key_string_value_bosdyn_msgs_dict_param__struct.hpp:77:39:[m[K [01;31m[Kerror: [m[Kexpected â€˜[01m[K,[m[Kâ€™ or â€˜[01m[K...[m[Kâ€™ before â€˜[01m[K<[m[Kâ€™ token
[190.612s]    77 |     const bosdyn_msgs::msg::DictParam_[01;31m[K<[m[KContainerAllocator> & _arg)
[190.612s]       |                                       [01;31m[K^[m[K
[190.612s] [01m[K/workspaces/bdai/bosdyn_msgs/build/bosdyn_msgs/rosidl_generator_cpp/bosdyn_msgs/msg/detail/key_string_value_bosdyn_msgs_dict_param__struct.hpp:[m[K In constructor â€˜[01m[Kbosdyn_msgs::msg::KeyStringValueBosdynMsgsDictParam_<ContainerAllocator>::KeyStringValueBosdynMsgsDictParam_(rosidl_runtime_cpp::MessageInitialization)[m[Kâ€™:
[190.612s] [01m[K/workspaces/bdai/bosdyn_msgs/build/bosdyn_msgs/rosidl_generator_cpp/bosdyn_msgs/msg/detail/key_string_value_bosdyn_msgs_dict_param__struct.hpp:41:5:[m[K [01;31m[Kerror: [m[Kclass â€˜[01m[Kbosdyn_msgs::msg::KeyStringValueBosdynMsgsDictParam_<ContainerAllocator>[m[Kâ€™ does not have any field named â€˜[01m[Kvalue[m[Kâ€™
[190.612s]    41 |   : [01;31m[Kvalue[m[K(_init)
[190.613s]       |     [01;31m[K^~~~~[m[K
[190.613s] [01m[K/workspaces/bdai/bosdyn_msgs/build/bosdyn_msgs/rosidl_generator_cpp/bosdyn_msgs/msg/detail/key_string_value_bosdyn_msgs_dict_param__struct.hpp:[m[K In constructor â€˜[01m[Kbosdyn_msgs::msg::KeyStringValueBosdynMsgsDictParam_<ContainerAllocator>::KeyStringValueBosdynMsgsDictParam_(const ContainerAllocator&, rosidl_runtime_cpp::MessageInitialization)[m[Kâ€™:
[190.613s] [01m[K/workspaces/bdai/bosdyn_msgs/build/bosdyn_msgs/rosidl_generator_cpp/bosdyn_msgs/msg/detail/key_string_value_bosdyn_msgs_dict_param__struct.hpp:52:5:[m[K [01;31m[Kerror: [m[Kclass â€˜[01m[Kbosdyn_msgs::msg::KeyStringValueBosdynMsgsDictParam_<ContainerAllocator>[m[Kâ€™ does not have any field named â€˜[01m[Kvalue[m[Kâ€™
[190.613s]    52 |     [01;31m[Kvalue[m[K(_alloc, _init)
[190.613s]       |     [01;31m[K^~~~~[m[K
[190.614s] [01m[K/workspaces/bdai/bosdyn_msgs/build/bosdyn_msgs/rosidl_generator_cpp/bosdyn_msgs/msg/detail/key_string_value_bosdyn_msgs_dict_param__struct.hpp:[m[K In member function â€˜[01m[Kbosdyn_msgs::msg::KeyStringValueBosdynMsgsDictParam_<ContainerAllocator>::Type& bosdyn_msgs::msg::KeyStringValueBosdynMsgsDictParam_<ContainerAllocator>::set__value(int)[m[Kâ€™:
[190.615s] [01m[K/workspaces/bdai/bosdyn_msgs/build/bosdyn_msgs/rosidl_generator_cpp/bosdyn_msgs/msg/detail/key_string_value_bosdyn_msgs_dict_param__struct.hpp:79:19:[m[K [01;31m[Kerror: [m[Kâ€˜[01m[K_arg[m[Kâ€™ was not declared in this scope
[190.615s]    79 |     this->value = [01;31m[K_arg[m[K;
[190.615s]       |                   [01;31m[K^~~~[m[K
[190.679s] [  0%] [32mBuilding CXX object CMakeFiles/bosdyn_msgs__rosidl_typesupport_cpp.dir/rosidl_typesupport_cpp/bosdyn_msgs/msg/action_after_immediate_robot_off__type_support.cpp.o[0m
[190.688s] [  0%] [32mBuilding CXX object CMakeFiles/bosdyn_msgs__rosidl_typesupport_cpp.dir/rosidl_typesupport_cpp/bosdyn_msgs/msg/action_after_lease_stale__type_support.cpp.o[0m
[190.707s] In file included from [01m[K/workspaces/bdai/bosdyn_msgs/build/bosdyn_msgs/rosidl_generator_cpp/bosdyn_msgs/msg/detail/one_of_param__struct.hpp:20[m[K,
[190.707s]                  from [01m[K/workspaces/bdai/bosdyn_msgs/build/bosdyn_msgs/rosidl_generator_cpp/bosdyn_msgs/msg/detail/custom_param_one_of_value__struct.hpp:34[m[K,
[190.707s]                  from [01m[K/workspaces/bdai/bosdyn_msgs/build/bosdyn_msgs/rosidl_generator_cpp/bosdyn_msgs/msg/detail/custom_param__struct.hpp:20[m[K,
[190.707s]                  from [01m[K/workspaces/bdai/bosdyn_msgs/build/bosdyn_msgs/rosidl_generator_cpp/bosdyn_msgs/msg/detail/key_string_value_bosdyn_msgs_custom_param__struct.hpp:20[m[K,
[190.707s]                  from [01m[K/workspaces/bdai/bosdyn_msgs/build/bosdyn_msgs/rosidl_generator_cpp/bosdyn_msgs/msg/detail/dict_param__struct.hpp:20[m[K,
[190.708s]                  from [01m[K/workspaces/bdai/bosdyn_msgs/build/bosdyn_msgs/rosidl_generator_cpp/bosdyn_msgs/msg/detail/image_request__struct.hpp:24[m[K,
[190.708s]                  from [01m[K/workspaces/bdai/bosdyn_msgs/build/bosdyn_msgs/rosidl_generator_cpp/bosdyn_msgs/msg/detail/image_source_capture__struct.hpp:20[m[K,
[190.708s]                  from [01m[K/workspaces/bdai/bosdyn_msgs/build/bosdyn_msgs/rosidl_generator_cpp/bosdyn_msgs/msg/detail/acquisition_request_list__struct.hpp:20[m[K,
[190.708s]                  from [01m[K/workspaces/bdai/bosdyn_msgs/build/bosdyn_msgs/rosidl_generator_cpp/bosdyn_msgs/msg/detail/acquire_data_request__struct.hpp:26[m[K,
[190.708s]                  from [01m[K/workspaces/bdai/bosdyn_msgs/build/bosdyn_msgs/rosidl_typesupport_cpp/bosdyn_msgs/msg/acquire_data_request__type_support.cpp:7[m[K:
[190.708s] [01m[K/workspaces/bdai/bosdyn_msgs/build/bosdyn_msgs/rosidl_generator_cpp/bosdyn_msgs/msg/detail/key_string_value_bosdyn_msgs_dict_param__struct.hpp:66:23:[m[K [01;31m[Kerror: [m[Kâ€˜[01m[KDictParam_[m[Kâ€™ in namespace â€˜[01m[Kbosdyn_msgs::msg[m[Kâ€™ does not name a template type; did you mean â€˜[01m[KListParam_[m[Kâ€™?
[190.708s]    66 |     bosdyn_msgs::msg::[01;31m[KDictParam_[m[K<ContainerAllocator>;
[190.708s]       |                       [01;31m[K^~~~~~~~~~[m[K
[190.708s]       |                       [32m[KListParam_[m[K
[190.711s] [01m[K/workspaces/bdai/bosdyn_msgs/build/bosdyn_msgs/rosidl_generator_cpp/bosdyn_msgs/msg/detail/key_string_value_bosdyn_msgs_dict_param__struct.hpp:67:3:[m[K [01;31m[Kerror: [m[Kâ€˜[01m[K_value_type[m[Kâ€™ does not name a type
[190.711s]    67 |   [01;31m[K_value_type[m[K value;
[190.711s]       |   [01;31m[K^~~~~~~~~~~[m[K
[190.711s] [01m[K/workspaces/bdai/bosdyn_msgs/build/bosdyn_msgs/rosidl_generator_cpp/bosdyn_msgs/msg/detail/key_string_value_bosdyn_msgs_dict_param__struct.hpp:77:29:[m[K [01;31m[Kerror: [m[Kâ€˜[01m[KDictParam_[m[Kâ€™ in namespace â€˜[01m[Kbosdyn_msgs::msg[m[Kâ€™ does not name a template type; did you mean â€˜[01m[KListParam_[m[Kâ€™?
[190.711s]    77 |     const bosdyn_msgs::msg::[01;31m[KDictParam_[m[K<ContainerAllocator> & _arg)
[190.711s]       |                             [01;31m[K^~~~~~~~~~[m[K
[190.711s]       |                             [32m[KListParam_[m[K
[190.711s] [01m[K/workspaces/bdai/bosdyn_msgs/build/bosdyn_msgs/rosidl_generator_cpp/bosdyn_msgs/msg/detail/key_string_value_bosdyn_msgs_dict_param__struct.hpp:77:39:[m[K [01;31m[Kerror: [m[Kexpected â€˜[01m[K,[m[Kâ€™ or â€˜[01m[K...[m[Kâ€™ before â€˜[01m[K<[m[Kâ€™ token
[190.712s]    77 |     const bosdyn_msgs::msg::DictParam_[01;31m[K<[m[KContainerAllocator> & _arg)
[190.712s]       |                                       [01;31m[K^[m[K
[190.712s] [01m[K/workspaces/bdai/bosdyn_msgs/build/bosdyn_msgs/rosidl_generator_cpp/bosdyn_msgs/msg/detail/key_string_value_bosdyn_msgs_dict_param__struct.hpp:[m[K In constructor â€˜[01m[Kbosdyn_msgs::msg::KeyStringValueBosdynMsgsDictParam_<ContainerAllocator>::KeyStringValueBosdynMsgsDictParam_(rosidl_runtime_cpp::MessageInitialization)[m[Kâ€™:
[190.712s] [01m[K/workspaces/bdai/bosdyn_msgs/build/bosdyn_msgs/rosidl_generator_cpp/bosdyn_msgs/msg/detail/key_string_value_bosdyn_msgs_dict_param__struct.hpp:41:5:[m[K [01;31m[Kerror: [m[Kclass â€˜[01m[Kbosdyn_msgs::msg::KeyStringValueBosdynMsgsDictParam_<ContainerAllocator>[m[Kâ€™ does not have any field named â€˜[01m[Kvalue[m[Kâ€™
[190.712s]    41 |   : [01;31m[Kvalue[m[K(_init)
[190.712s]       |     [01;31m[K^~~~~[m[K
[190.718s] [01m[K/workspaces/bdai/bosdyn_msgs/build/bosdyn_msgs/rosidl_generator_cpp/bosdyn_msgs/msg/detail/key_string_value_bosdyn_msgs_dict_param__struct.hpp:[m[K In constructor â€˜[01m[Kbosdyn_msgs::msg::KeyStringValueBosdynMsgsDictParam_<ContainerAllocator>::KeyStringValueBosdynMsgsDictParam_(const ContainerAllocator&, rosidl_runtime_cpp::MessageInitialization)[m[Kâ€™:
[190.718s] [01m[K/workspaces/bdai/bosdyn_msgs/build/bosdyn_msgs/rosidl_generator_cpp/bosdyn_msgs/msg/detail/key_string_value_bosdyn_msgs_dict_param__struct.hpp:52:5:[m[K [01;31m[Kerror: [m[Kclass â€˜[01m[Kbosdyn_msgs::msg::KeyStringValueBosdynMsgsDictParam_<ContainerAllocator>[m[Kâ€™ does not have any field named â€˜[01m[Kvalue[m[Kâ€™
[190.718s]    52 |     [01;31m[Kvalue[m[K(_alloc, _init)
[190.719s]       |     [01;31m[K^~~~~[m[K
[190.720s] [01m[K/workspaces/bdai/bosdyn_msgs/build/bosdyn_msgs/rosidl_generator_cpp/bosdyn_msgs/msg/detail/key_string_value_bosdyn_msgs_dict_param__struct.hpp:[m[K In member function â€˜[01m[Kbosdyn_msgs::msg::KeyStringValueBosdynMsgsDictParam_<ContainerAllocator>::Type& bosdyn_msgs::msg::KeyStringValueBosdynMsgsDictParam_<ContainerAllocator>::set__value(int)[m[Kâ€™:
[190.720s] [01m[K/workspaces/bdai/bosdyn_msgs/build/bosdyn_msgs/rosidl_generator_cpp/bosdyn_msgs/msg/detail/key_string_value_bosdyn_msgs_dict_param__struct.hpp:79:19:[m[K [01;31m[Kerror: [m[Kâ€˜[01m[K_arg[m[Kâ€™ was not declared in this scope
[190.720s]    79 |     this->value = [01;31m[K_arg[m[K;
[190.720s]       |                   [01;31m[K^~~~[m[K
[190.721s] [  0%] [32mBuilding CXX object CMakeFiles/bosdyn_msgs__rosidl_typesupport_cpp.dir/rosidl_typesupport_cpp/bosdyn_msgs/msg/action_after_one_of_action__type_support.cpp.o[0m
[190.737s] gmake[2]: *** [CMakeFiles/bosdyn_msgs__rosidl_typesupport_cpp.dir/build.make:5667: CMakeFiles/bosdyn_msgs__rosidl_typesupport_cpp.dir/rosidl_typesupport_cpp/bosdyn_msgs/msg/acquisition_request_list__type_support.cpp.o] Error 1
[190.738s] gmake[2]: *** Waiting for unfinished jobs....
[190.763s] [  0%] [32mBuilding CXX object CMakeFiles/bosdyn_msgs__rosidl_typesupport_cpp.dir/rosidl_typesupport_cpp/bosdyn_msgs/msg/action_after_record_event__type_support.cpp.o[0m
[190.778s] gmake[2]: *** [CMakeFiles/bosdyn_msgs__rosidl_typesupport_cpp.dir/build.make:5611: CMakeFiles/bosdyn_msgs__rosidl_typesupport_cpp.dir/rosidl_typesupport_cpp/bosdyn_msgs/msg/acquire_plugin_data_request__type_support.cpp.o] Error 1
[190.823s] In file included from [01m[K/workspaces/bdai/bosdyn_msgs/build/bosdyn_msgs/rosidl_generator_cpp/bosdyn_msgs/msg/detail/one_of_param__struct.hpp:20[m[K,
[190.823s]                  from [01m[K/workspaces/bdai/bosdyn_msgs/build/bosdyn_msgs/rosidl_generator_cpp/bosdyn_msgs/msg/detail/custom_param_one_of_value__struct.hpp:34[m[K,
[190.823s]                  from [01m[K/workspaces/bdai/bosdyn_msgs/build/bosdyn_msgs/rosidl_generator_cpp/bosdyn_msgs/msg/detail/custom_param__struct.hpp:20[m[K,
[190.824s]                  from [01m[K/workspaces/bdai/bosdyn_msgs/build/bosdyn_msgs/rosidl_generator_cpp/bosdyn_msgs/msg/detail/key_string_value_bosdyn_msgs_custom_param__struct.hpp:20[m[K,
[190.824s]                  from [01m[K/workspaces/bdai/bosdyn_msgs/build/bosdyn_msgs/rosidl_generator_cpp/bosdyn_msgs/msg/detail/dict_param__struct.hpp:20[m[K,
[190.824s]                  from [01m[K/workspaces/bdai/bosdyn_msgs/build/bosdyn_msgs/rosidl_generator_cpp/bosdyn_msgs/msg/detail/image_request__struct.hpp:24[m[K,
[190.824s]                  from [01m[K/workspaces/bdai/bosdyn_msgs/build/bosdyn_msgs/rosidl_generator_cpp/bosdyn_msgs/msg/detail/image_source_capture__struct.hpp:20[m[K,
[190.824s]                  from [01m[K/workspaces/bdai/bosdyn_msgs/build/bosdyn_msgs/rosidl_generator_cpp/bosdyn_msgs/msg/detail/acquisition_request_list__struct.hpp:20[m[K,
[190.824s]                  from [01m[K/workspaces/bdai/bosdyn_msgs/build/bosdyn_msgs/rosidl_generator_cpp/bosdyn_msgs/msg/detail/acquire_data_request__struct.hpp:26[m[K,
[190.824s]                  from [01m[K/workspaces/bdai/bosdyn_msgs/build/bosdyn_msgs/rosidl_generator_cpp/bosdyn_msgs/msg/detail/action_data_acquisition__struct.hpp:20[m[K,
[190.825s]                  from [01m[K/workspaces/bdai/bosdyn_msgs/build/bosdyn_msgs/rosidl_generator_cpp/bosdyn_msgs/msg/detail/action_one_of_action__struct.hpp:22[m[K,
[190.825s]                  from [01m[K/workspaces/bdai/bosdyn_msgs/build/bosdyn_msgs/rosidl_generator_cpp/bosdyn_msgs/msg/detail/action__struct.hpp:20[m[K,
[190.825s]                  from [01m[K/workspaces/bdai/bosdyn_msgs/build/bosdyn_msgs/rosidl_typesupport_cpp/bosdyn_msgs/msg/action__type_support.cpp:7[m[K:
[190.826s] [01m[K/workspaces/bdai/bosdyn_msgs/build/bosdyn_msgs/rosidl_generator_cpp/bosdyn_msgs/msg/detail/key_string_value_bosdyn_msgs_dict_param__struct.hpp:66:23:[m[K [01;31m[Kerror: [m[Kâ€˜[01m[KDictParam_[m[Kâ€™ in namespace â€˜[01m[Kbosdyn_msgs::msg[m[Kâ€™ does not name a template type; did you mean â€˜[01m[KListParam_[m[Kâ€™?
[190.826s]    66 |     bosdyn_msgs::msg::[01;31m[KDictParam_[m[K<ContainerAllocator>;
[190.826s]       |                       [01;31m[K^~~~~~~~~~[m[K
[190.826s]       |                       [32m[KListParam_[m[K
[190.827s] [01m[K/workspaces/bdai/bosdyn_msgs/build/bosdyn_msgs/rosidl_generator_cpp/bosdyn_msgs/msg/detail/key_string_value_bosdyn_msgs_dict_param__struct.hpp:67:3:[m[K [01;31m[Kerror: [m[Kâ€˜[01m[K_value_type[m[Kâ€™ does not name a type
[190.827s]    67 |   [01;31m[K_value_type[m[K value;
[190.827s]       |   [01;31m[K^~~~~~~~~~~[m[K
[190.827s] [01m[K/workspaces/bdai/bosdyn_msgs/build/bosdyn_msgs/rosidl_generator_cpp/bosdyn_msgs/msg/detail/key_string_value_bosdyn_msgs_dict_param__struct.hpp:77:29:[m[K [01;31m[Kerror: [m[Kâ€˜[01m[KDictParam_[m[Kâ€™ in namespace â€˜[01m[Kbosdyn_msgs::msg[m[Kâ€™ does not name a template type; did you mean â€˜[01m[KListParam_[m[Kâ€™?
[190.827s]    77 |     const bosdyn_msgs::msg::[01;31m[KDictParam_[m[K<ContainerAllocator> & _arg)
[190.827s]       |                             [01;31m[K^~~~~~~~~~[m[K
[190.828s]       |                             [32m[KListParam_[m[K
[190.828s] [01m[K/workspaces/bdai/bosdyn_msgs/build/bosdyn_msgs/rosidl_generator_cpp/bosdyn_msgs/msg/detail/key_string_value_bosdyn_msgs_dict_param__struct.hpp:77:39:[m[K [01;31m[Kerror: [m[Kexpected â€˜[01m[K,[m[Kâ€™ or â€˜[01m[K...[m[Kâ€™ before â€˜[01m[K<[m[Kâ€™ token
[190.828s]    77 |     const bosdyn_msgs::msg::DictParam_[01;31m[K<[m[KContainerAllocator> & _arg)
[190.828s]       |                                       [01;31m[K^[m[K
[190.828s] [01m[K/workspaces/bdai/bosdyn_msgs/build/bosdyn_msgs/rosidl_generator_cpp/bosdyn_msgs/msg/detail/key_string_value_bosdyn_msgs_dict_param__struct.hpp:[m[K In constructor â€˜[01m[Kbosdyn_msgs::msg::KeyStringValueBosdynMsgsDictParam_<ContainerAllocator>::KeyStringValueBosdynMsgsDictParam_(rosidl_runtime_cpp::MessageInitialization)[m[Kâ€™:
[190.829s] [01m[K/workspaces/bdai/bosdyn_msgs/build/bosdyn_msgs/rosidl_generator_cpp/bosdyn_msgs/msg/detail/key_string_value_bosdyn_msgs_dict_param__struct.hpp:41:5:[m[K [01;31m[Kerror: [m[Kclass â€˜[01m[Kbosdyn_msgs::msg::KeyStringValueBosdynMsgsDictParam_<ContainerAllocator>[m[Kâ€™ does not have any field named â€˜[01m[Kvalue[m[Kâ€™
[190.829s]    41 |   : [01;31m[Kvalue[m[K(_init)
[190.829s]       |     [01;31m[K^~~~~[m[K
[190.829s] [01m[K/workspaces/bdai/bosdyn_msgs/build/bosdyn_msgs/rosidl_generator_cpp/bosdyn_msgs/msg/detail/key_string_value_bosdyn_msgs_dict_param__struct.hpp:[m[K In constructor â€˜[01m[Kbosdyn_msgs::msg::KeyStringValueBosdynMsgsDictParam_<ContainerAllocator>::KeyStringValueBosdynMsgsDictParam_(const ContainerAllocator&, rosidl_runtime_cpp::MessageInitialization)[m[Kâ€™:
[190.829s] [01m[K/workspaces/bdai/bosdyn_msgs/build/bosdyn_msgs/rosidl_generator_cpp/bosdyn_msgs/msg/detail/key_string_value_bosdyn_msgs_dict_param__struct.hpp:52:5:[m[K [01;31m[Kerror: [m[Kclass â€˜[01m[Kbosdyn_msgs::msg::KeyStringValueBosdynMsgsDictParam_<ContainerAllocator>[m[Kâ€™ does not have any field named â€˜[01m[Kvalue[m[Kâ€™
[190.830s]    52 |     [01;31m[Kvalue[m[K(_alloc, _init)
[190.830s]       |     [01;31m[K^~~~~[m[K
[190.830s] [01m[K/workspaces/bdai/bosdyn_msgs/build/bosdyn_msgs/rosidl_generator_cpp/bosdyn_msgs/msg/detail/key_string_value_bosdyn_msgs_dict_param__struct.hpp:[m[K In member function â€˜[01m[Kbosdyn_msgs::msg::KeyStringValueBosdynMsgsDictParam_<ContainerAllocator>::Type& bosdyn_msgs::msg::KeyStringValueBosdynMsgsDictParam_<ContainerAllocator>::set__value(int)[m[Kâ€™:
[190.830s] [01m[K/workspaces/bdai/bosdyn_msgs/build/bosdyn_msgs/rosidl_generator_cpp/bosdyn_msgs/msg/detail/key_string_value_bosdyn_msgs_dict_param__struct.hpp:79:19:[m[K [01;31m[Kerror: [m[Kâ€˜[01m[K_arg[m[Kâ€™ was not declared in this scope
[190.830s]    79 |     this->value = [01;31m[K_arg[m[K;
[190.831s]       |                   [01;31m[K^~~~[m[K
[190.839s] gmake[2]: *** [CMakeFiles/bosdyn_msgs__rosidl_typesupport_cpp.dir/build.make:5527: CMakeFiles/bosdyn_msgs__rosidl_typesupport_cpp.dir/rosidl_typesupport_cpp/bosdyn_msgs/msg/acquire_data_request__type_support.cpp.o] Error 1
[190.937s] gmake[2]: *** [CMakeFiles/bosdyn_msgs__rosidl_typesupport_cpp.dir/build.make:5681: CMakeFiles/bosdyn_msgs__rosidl_typesupport_cpp.dir/rosidl_typesupport_cpp/bosdyn_msgs/msg/action__type_support.cpp.o] Error 1
[191.358s] gmake[1]: *** [CMakeFiles/Makefile2:395: CMakeFiles/bosdyn_msgs__rosidl_typesupport_cpp.dir/all] Error 2
[204.615s] [  0%] [32mBuilding CXX object CMakeFiles/bosdyn_msgs__rosidl_typesupport_introspection_cpp.dir/rosidl_typesupport_introspection_cpp/bosdyn_msgs/msg/detail/acquire_lease_response__type_support.cpp.o[0m
[204.615s] [  0%] [32mBuilding CXX object CMakeFiles/bosdyn_msgs__rosidl_typesupport_introspection_cpp.dir/rosidl_typesupport_introspection_cpp/bosdyn_msgs/msg/detail/acquire_data_response_status__type_support.cpp.o[0m
[204.616s] [  0%] [32mBuilding CXX object CMakeFiles/bosdyn_msgs__rosidl_typesupport_introspection_cpp.dir/rosidl_typesupport_introspection_cpp/bosdyn_msgs/msg/detail/acquire_data_request__type_support.cpp.o[0m
[204.617s] [  0%] [32mBuilding CXX object CMakeFiles/bosdyn_msgs__rosidl_typesupport_introspection_cpp.dir/rosidl_typesupport_introspection_cpp/bosdyn_msgs/msg/detail/acquire_plugin_data_request__type_support.cpp.o[0m
[204.621s] [  0%] [32mBuilding CXX object CMakeFiles/bosdyn_msgs__rosidl_typesupport_introspection_cpp.dir/rosidl_typesupport_introspection_cpp/bosdyn_msgs/msg/detail/acquire_lease_response_status__type_support.cpp.o[0m
[204.622s] [  0%] [32mBuilding CXX object CMakeFiles/bosdyn_msgs__rosidl_typesupport_introspection_cpp.dir/rosidl_typesupport_introspection_cpp/bosdyn_msgs/msg/detail/acquire_data_response__type_support.cpp.o[0m
[204.627s] [  0%] [32mBuilding CXX object CMakeFiles/bosdyn_msgs__rosidl_typesupport_introspection_cpp.dir/rosidl_typesupport_introspection_cpp/bosdyn_msgs/msg/detail/acquire_lease_request__type_support.cpp.o[0m
[204.628s] [  0%] [32mBuilding CXX object CMakeFiles/bosdyn_msgs__rosidl_typesupport_introspection_cpp.dir/rosidl_typesupport_introspection_cpp/bosdyn_msgs/msg/detail/acquisition_capability_list__type_support.cpp.o[0m
[204.628s] [  0%] [32mBuilding CXX object CMakeFiles/bosdyn_msgs__rosidl_typesupport_introspection_cpp.dir/rosidl_typesupport_introspection_cpp/bosdyn_msgs/msg/detail/acquisition_request_list__type_support.cpp.o[0m
[204.628s] [  0%] [32mBuilding CXX object CMakeFiles/bosdyn_msgs__rosidl_typesupport_introspection_cpp.dir/rosidl_typesupport_introspection_cpp/bosdyn_msgs/msg/detail/acquire_plugin_data_response__type_support.cpp.o[0m
[204.629s] [  0%] [32mBuilding CXX object CMakeFiles/bosdyn_msgs__rosidl_typesupport_introspection_cpp.dir/rosidl_typesupport_introspection_cpp/bosdyn_msgs/msg/detail/action_after_auto_return__type_support.cpp.o[0m
[204.634s] [  0%] [32mBuilding CXX object CMakeFiles/bosdyn_msgs__rosidl_typesupport_introspection_cpp.dir/rosidl_typesupport_introspection_cpp/bosdyn_msgs/msg/detail/action_after_controlled_motors_off__type_support.cpp.o[0m
[204.635s] [  0%] [32mBuilding CXX object CMakeFiles/bosdyn_msgs__rosidl_typesupport_introspection_cpp.dir/rosidl_typesupport_introspection_cpp/bosdyn_msgs/msg/detail/action_after__type_support.cpp.o[0m
[204.648s] [  0%] [32mBuilding CXX object CMakeFiles/bosdyn_msgs__rosidl_typesupport_introspection_cpp.dir/rosidl_typesupport_introspection_cpp/bosdyn_msgs/msg/detail/action__type_support.cpp.o[0m
[204.654s] [  0%] [32mBuilding CXX object CMakeFiles/bosdyn_msgs__rosidl_typesupport_introspection_cpp.dir/rosidl_typesupport_introspection_cpp/bosdyn_msgs/msg/detail/acquire_plugin_data_response_status__type_support.cpp.o[0m
[205.922s] In file included from [01m[K/workspaces/bdai/bosdyn_msgs/build/bosdyn_msgs/rosidl_generator_cpp/bosdyn_msgs/msg/detail/one_of_param__struct.hpp:20[m[K,
[205.922s]                  from [01m[K/workspaces/bdai/bosdyn_msgs/build/bosdyn_msgs/rosidl_generator_cpp/bosdyn_msgs/msg/detail/custom_param_one_of_value__struct.hpp:34[m[K,
[205.923s]                  from [01m[K/workspaces/bdai/bosdyn_msgs/build/bosdyn_msgs/rosidl_generator_cpp/bosdyn_msgs/msg/detail/custom_param__struct.hpp:20[m[K,
[205.923s]                  from [01m[K/workspaces/bdai/bosdyn_msgs/build/bosdyn_msgs/rosidl_generator_cpp/bosdyn_msgs/msg/detail/key_string_value_bosdyn_msgs_custom_param__struct.hpp:20[m[K,
[205.923s]                  from [01m[K/workspaces/bdai/bosdyn_msgs/build/bosdyn_msgs/rosidl_generator_cpp/bosdyn_msgs/msg/detail/dict_param__struct.hpp:20[m[K,
[205.923s]                  from [01m[K/workspaces/bdai/bosdyn_msgs/build/bosdyn_msgs/rosidl_generator_cpp/bosdyn_msgs/msg/detail/image_request__struct.hpp:24[m[K,
[205.924s]                  from [01m[K/workspaces/bdai/bosdyn_msgs/build/bosdyn_msgs/rosidl_generator_cpp/bosdyn_msgs/msg/detail/image_source_capture__struct.hpp:20[m[K,
[205.924s]                  from [01m[K/workspaces/bdai/bosdyn_msgs/build/bosdyn_msgs/rosidl_generator_cpp/bosdyn_msgs/msg/detail/acquisition_request_list__struct.hpp:20[m[K,
[205.924s]                  from [01m[K/workspaces/bdai/bosdyn_msgs/build/bosdyn_msgs/rosidl_generator_cpp/bosdyn_msgs/msg/detail/acquire_plugin_data_request__struct.hpp:28[m[K,
[205.925s]                  from [01m[K/workspaces/bdai/bosdyn_msgs/build/bosdyn_msgs/rosidl_typesupport_introspection_cpp/bosdyn_msgs/msg/detail/acquire_plugin_data_request__type_support.cpp:12[m[K:
[205.925s] [01m[K/workspaces/bdai/bosdyn_msgs/build/bosdyn_msgs/rosidl_generator_cpp/bosdyn_msgs/msg/detail/key_string_value_bosdyn_msgs_dict_param__struct.hpp:66:23:[m[K [01;31m[Kerror: [m[Kâ€˜[01m[KDictParam_[m[Kâ€™ in namespace â€˜[01m[Kbosdyn_msgs::msg[m[Kâ€™ does not name a template type; did you mean â€˜[01m[KListParam_[m[Kâ€™?
[205.925s]    66 |     bosdyn_msgs::msg::[01;31m[KDictParam_[m[K<ContainerAllocator>;
[205.926s]       |                       [01;31m[K^~~~~~~~~~[m[K
[205.926s]       |                       [32m[KListParam_[m[K
[205.927s] [01m[K/workspaces/bdai/bosdyn_msgs/build/bosdyn_msgs/rosidl_generator_cpp/bosdyn_msgs/msg/detail/key_string_value_bosdyn_msgs_dict_param__struct.hpp:67:3:[m[K [01;31m[Kerror: [m[Kâ€˜[01m[K_value_type[m[Kâ€™ does not name a type
[205.927s]    67 |   [01;31m[K_value_type[m[K value;
[205.927s]       |   [01;31m[K^~~~~~~~~~~[m[K
[205.927s] [01m[K/workspaces/bdai/bosdyn_msgs/build/bosdyn_msgs/rosidl_generator_cpp/bosdyn_msgs/msg/detail/key_string_value_bosdyn_msgs_dict_param__struct.hpp:77:29:[m[K [01;31m[Kerror: [m[Kâ€˜[01m[KDictParam_[m[Kâ€™ in namespace â€˜[01m[Kbosdyn_msgs::msg[m[Kâ€™ does not name a template type; did you mean â€˜[01m[KListParam_[m[Kâ€™?
[205.927s]    77 |     const bosdyn_msgs::msg::[01;31m[KDictParam_[m[K<ContainerAllocator> & _arg)
[205.928s]       |                             [01;31m[K^~~~~~~~~~[m[K
[205.928s]       |                             [32m[KListParam_[m[K
[205.928s] [01m[K/workspaces/bdai/bosdyn_msgs/build/bosdyn_msgs/rosidl_generator_cpp/bosdyn_msgs/msg/detail/key_string_value_bosdyn_msgs_dict_param__struct.hpp:77:39:[m[K [01;31m[Kerror: [m[Kexpected â€˜[01m[K,[m[Kâ€™ or â€˜[01m[K...[m[Kâ€™ before â€˜[01m[K<[m[Kâ€™ token
[205.928s]    77 |     const bosdyn_msgs::msg::DictParam_[01;31m[K<[m[KContainerAllocator> & _arg)
[205.929s]       |                                       [01;31m[K^[m[K
[205.929s] [01m[K/workspaces/bdai/bosdyn_msgs/build/bosdyn_msgs/rosidl_generator_cpp/bosdyn_msgs/msg/detail/key_string_value_bosdyn_msgs_dict_param__struct.hpp:[m[K In constructor â€˜[01m[Kbosdyn_msgs::msg::KeyStringValueBosdynMsgsDictParam_<ContainerAllocator>::KeyStringValueBosdynMsgsDictParam_(rosidl_runtime_cpp::MessageInitialization)[m[Kâ€™:
[205.929s] [01m[K/workspaces/bdai/bosdyn_msgs/build/bosdyn_msgs/rosidl_generator_cpp/bosdyn_msgs/msg/detail/key_string_value_bosdyn_msgs_dict_param__struct.hpp:41:5:[m[K [01;31m[Kerror: [m[Kclass â€˜[01m[Kbosdyn_msgs::msg::KeyStringValueBosdynMsgsDictParam_<ContainerAllocator>[m[Kâ€™ does not have any field named â€˜[01m[Kvalue[m[Kâ€™
[205.929s]    41 |   : [01;31m[Kvalue[m[K(_init)
[205.930s]       |     [01;31m[K^~~~~[m[K
[205.930s] [01m[K/workspaces/bdai/bosdyn_msgs/build/bosdyn_msgs/rosidl_generator_cpp/bosdyn_msgs/msg/detail/key_string_value_bosdyn_msgs_dict_param__struct.hpp:[m[K In constructor â€˜[01m[Kbosdyn_msgs::msg::KeyStringValueBosdynMsgsDictParam_<ContainerAllocator>::KeyStringValueBosdynMsgsDictParam_(const ContainerAllocator&, rosidl_runtime_cpp::MessageInitialization)[m[Kâ€™:
[205.931s] [01m[K/workspaces/bdai/bosdyn_msgs/build/bosdyn_msgs/rosidl_generator_cpp/bosdyn_msgs/msg/detail/key_string_value_bosdyn_msgs_dict_param__struct.hpp:52:5:[m[K [01;31m[Kerror: [m[Kclass â€˜[01m[Kbosdyn_msgs::msg::KeyStringValueBosdynMsgsDictParam_<ContainerAllocator>[m[Kâ€™ does not have any field named â€˜[01m[Kvalue[m[Kâ€™
[205.931s]    52 |     [01;31m[Kvalue[m[K(_alloc, _init)
[205.932s]       |     [01;31m[K^~~~~[m[K
[205.933s] [01m[K/workspaces/bdai/bosdyn_msgs/build/bosdyn_msgs/rosidl_generator_cpp/bosdyn_msgs/msg/detail/key_string_value_bosdyn_msgs_dict_param__struct.hpp:[m[K In member function â€˜[01m[Kbosdyn_msgs::msg::KeyStringValueBosdynMsgsDictParam_<ContainerAllocator>::Type& bosdyn_msgs::msg::KeyStringValueBosdynMsgsDictParam_<ContainerAllocator>::set__value(int)[m[Kâ€™:
[205.933s] [01m[K/workspaces/bdai/bosdyn_msgs/build/bosdyn_msgs/rosidl_generator_cpp/bosdyn_msgs/msg/detail/key_string_value_bosdyn_msgs_dict_param__struct.hpp:79:19:[m[K [01;31m[Kerror: [m[Kâ€˜[01m[K_arg[m[Kâ€™ was not declared in this scope
[205.933s]    79 |     this->value = [01;31m[K_arg[m[K;
[205.934s]       |                   [01;31m[K^~~~[m[K
[205.941s] In file included from [01m[K/workspaces/bdai/bosdyn_msgs/build/bosdyn_msgs/rosidl_generator_cpp/bosdyn_msgs/msg/detail/one_of_param__struct.hpp:20[m[K,
[205.942s]                  from [01m[K/workspaces/bdai/bosdyn_msgs/build/bosdyn_msgs/rosidl_generator_cpp/bosdyn_msgs/msg/detail/custom_param_one_of_value__struct.hpp:34[m[K,
[205.942s]                  from [01m[K/workspaces/bdai/bosdyn_msgs/build/bosdyn_msgs/rosidl_generator_cpp/bosdyn_msgs/msg/detail/custom_param__struct.hpp:20[m[K,
[205.942s]                  from [01m[K/workspaces/bdai/bosdyn_msgs/build/bosdyn_msgs/rosidl_generator_cpp/bosdyn_msgs/msg/detail/key_string_value_bosdyn_msgs_custom_param__struct.hpp:20[m[K,
[205.942s]                  from [01m[K/workspaces/bdai/bosdyn_msgs/build/bosdyn_msgs/rosidl_generator_cpp/bosdyn_msgs/msg/detail/dict_param__struct.hpp:20[m[K,
[205.943s]                  from [01m[K/workspaces/bdai/bosdyn_msgs/build/bosdyn_msgs/rosidl_generator_cpp/bosdyn_msgs/msg/detail/image_request__struct.hpp:24[m[K,
[205.943s]                  from [01m[K/workspaces/bdai/bosdyn_msgs/build/bosdyn_msgs/rosidl_generator_cpp/bosdyn_msgs/msg/detail/image_source_capture__struct.hpp:20[m[K,
[205.943s]                  from [01m[K/workspaces/bdai/bosdyn_msgs/build/bosdyn_msgs/rosidl_generator_cpp/bosdyn_msgs/msg/detail/acquisition_request_list__struct.hpp:20[m[K,
[205.943s]                  from [01m[K/workspaces/bdai/bosdyn_msgs/build/bosdyn_msgs/rosidl_generator_cpp/bosdyn_msgs/msg/detail/acquire_data_request__struct.hpp:26[m[K,
[205.943s]                  from [01m[K/workspaces/bdai/bosdyn_msgs/build/bosdyn_msgs/rosidl_typesupport_introspection_cpp/bosdyn_msgs/msg/detail/acquire_data_request__type_support.cpp:12[m[K:
[205.950s] [01m[K/workspaces/bdai/bosdyn_msgs/build/bosdyn_msgs/rosidl_generator_cpp/bosdyn_msgs/msg/detail/key_string_value_bosdyn_msgs_dict_param__struct.hpp:66:23:[m[K [01;31m[Kerror: [m[Kâ€˜[01m[KDictParam_[m[Kâ€™ in namespace â€˜[01m[Kbosdyn_msgs::msg[m[Kâ€™ does not name a template type; did you mean â€˜[01m[KListParam_[m[Kâ€™?
[205.951s]    66 |     bosdyn_msgs::msg::[01;31m[KDictParam_[m[K<ContainerAllocator>;
[205.954s]       |                       [01;31m[K^~~~~~~~~~[m[K
[205.955s]       |                       [32m[KListParam_[m[K
[205.955s] [01m[K/workspaces/bdai/bosdyn_msgs/build/bosdyn_msgs/rosidl_generator_cpp/bosdyn_msgs/msg/detail/key_string_value_bosdyn_msgs_dict_param__struct.hpp:67:3:[m[K [01;31m[Kerror: [m[Kâ€˜[01m[K_value_type[m[Kâ€™ does not name a type
[205.955s]    67 |   [01;31m[K_value_type[m[K value;
[205.955s]       |   [01;31m[K^~~~~~~~~~~[m[K
[205.956s] [01m[K/workspaces/bdai/bosdyn_msgs/build/bosdyn_msgs/rosidl_generator_cpp/bosdyn_msgs/msg/detail/key_string_value_bosdyn_msgs_dict_param__struct.hpp:77:29:[m[K [01;31m[Kerror: [m[Kâ€˜[01m[KDictParam_[m[Kâ€™ in namespace â€˜[01m[Kbosdyn_msgs::msg[m[Kâ€™ does not name a template type; did you mean â€˜[01m[KListParam_[m[Kâ€™?
[205.957s]    77 |     const bosdyn_msgs::msg::[01;31m[KDictParam_[m[K<ContainerAllocator> & _arg)
[205.957s]       |                             [01;31m[K^~~~~~~~~~[m[K
[205.957s]       |                             [32m[KListParam_[m[K
[205.958s] [01m[K/workspaces/bdai/bosdyn_msgs/build/bosdyn_msgs/rosidl_generator_cpp/bosdyn_msgs/msg/detail/key_string_value_bosdyn_msgs_dict_param__struct.hpp:77:39:[m[K [01;31m[Kerror: [m[Kexpected â€˜[01m[K,[m[Kâ€™ or â€˜[01m[K...[m[Kâ€™ before â€˜[01m[K<[m[Kâ€™ token
[205.958s]    77 |     const bosdyn_msgs::msg::DictParam_[01;31m[K<[m[KContainerAllocator> & _arg)
[205.960s]       |                                       [01;31m[K^[m[K
[205.960s] [01m[K/workspaces/bdai/bosdyn_msgs/build/bosdyn_msgs/rosidl_generator_cpp/bosdyn_msgs/msg/detail/key_string_value_bosdyn_msgs_dict_param__struct.hpp:[m[K In constructor â€˜[01m[Kbosdyn_msgs::msg::KeyStringValueBosdynMsgsDictParam_<ContainerAllocator>::KeyStringValueBosdynMsgsDictParam_(rosidl_runtime_cpp::MessageInitialization)[m[Kâ€™:
[205.960s] [01m[K/workspaces/bdai/bosdyn_msgs/build/bosdyn_msgs/rosidl_generator_cpp/bosdyn_msgs/msg/detail/key_string_value_bosdyn_msgs_dict_param__struct.hpp:41:5:[m[K [01;31m[Kerror: [m[Kclass â€˜[01m[Kbosdyn_msgs::msg::KeyStringValueBosdynMsgsDictParam_<ContainerAllocator>[m[Kâ€™ does not have any field named â€˜[01m[Kvalue[m[Kâ€™
[205.961s]    41 |   : [01;31m[Kvalue[m[K(_init)
[205.961s]       |     [01;31m[K^~~~~[m[K
[205.961s] [01m[K/workspaces/bdai/bosdyn_msgs/build/bosdyn_msgs/rosidl_generator_cpp/bosdyn_msgs/msg/detail/key_string_value_bosdyn_msgs_dict_param__struct.hpp:[m[K In constructor â€˜[01m[Kbosdyn_msgs::msg::KeyStringValueBosdynMsgsDictParam_<ContainerAllocator>::KeyStringValueBosdynMsgsDictParam_(const ContainerAllocator&, rosidl_runtime_cpp::MessageInitialization)[m[Kâ€™:
[205.961s] [01m[K/workspaces/bdai/bosdyn_msgs/build/bosdyn_msgs/rosidl_generator_cpp/bosdyn_msgs/msg/detail/key_string_value_bosdyn_msgs_dict_param__struct.hpp:52:5:[m[K [01;31m[Kerror: [m[Kclass â€˜[01m[Kbosdyn_msgs::msg::KeyStringValueBosdynMsgsDictParam_<ContainerAllocator>[m[Kâ€™ does not have any field named â€˜[01m[Kvalue[m[Kâ€™
[205.962s]    52 |     [01;31m[Kvalue[m[K(_alloc, _init)
[205.962s]       |     [01;31m[K^~~~~[m[K
[205.962s] [01m[K/workspaces/bdai/bosdyn_msgs/build/bosdyn_msgs/rosidl_generator_cpp/bosdyn_msgs/msg/detail/key_string_value_bosdyn_msgs_dict_param__struct.hpp:[m[K In member function â€˜[01m[Kbosdyn_msgs::msg::KeyStringValueBosdynMsgsDictParam_<ContainerAllocator>::Type& bosdyn_msgs::msg::KeyStringValueBosdynMsgsDictParam_<ContainerAllocator>::set__value(int)[m[Kâ€™:
[205.962s] [01m[K/workspaces/bdai/bosdyn_msgs/build/bosdyn_msgs/rosidl_generator_cpp/bosdyn_msgs/msg/detail/key_string_value_bosdyn_msgs_dict_param__struct.hpp:79:19:[m[K [01;31m[Kerror: [m[Kâ€˜[01m[K_arg[m[Kâ€™ was not declared in this scope
[205.963s]    79 |     this->value = [01;31m[K_arg[m[K;
[205.963s]       |                   [01;31m[K^~~~[m[K
[206.120s] In file included from [01m[K/workspaces/bdai/bosdyn_msgs/build/bosdyn_msgs/rosidl_generator_cpp/bosdyn_msgs/msg/detail/one_of_param__struct.hpp:20[m[K,
[206.120s]                  from [01m[K/workspaces/bdai/bosdyn_msgs/build/bosdyn_msgs/rosidl_generator_cpp/bosdyn_msgs/msg/detail/custom_param_one_of_value__struct.hpp:34[m[K,
[206.120s]                  from [01m[K/workspaces/bdai/bosdyn_msgs/build/bosdyn_msgs/rosidl_generator_cpp/bosdyn_msgs/msg/detail/custom_param__struct.hpp:20[m[K,
[206.120s]                  from [01m[K/workspaces/bdai/bosdyn_msgs/build/bosdyn_msgs/rosidl_generator_cpp/bosdyn_msgs/msg/detail/key_string_value_bosdyn_msgs_custom_param__struct.hpp:20[m[K,
[206.121s]                  from [01m[K/workspaces/bdai/bosdyn_msgs/build/bosdyn_msgs/rosidl_generator_cpp/bosdyn_msgs/msg/detail/dict_param__struct.hpp:20[m[K,
[206.121s]                  from [01m[K/workspaces/bdai/bosdyn_msgs/build/bosdyn_msgs/rosidl_generator_cpp/bosdyn_msgs/msg/detail/image_request__struct.hpp:24[m[K,
[206.121s]                  from [01m[K/workspaces/bdai/bosdyn_msgs/build/bosdyn_msgs/rosidl_generator_cpp/bosdyn_msgs/msg/detail/image_source_capture__struct.hpp:20[m[K,
[206.121s]                  from [01m[K/workspaces/bdai/bosdyn_msgs/build/bosdyn_msgs/rosidl_generator_cpp/bosdyn_msgs/msg/detail/acquisition_request_list__struct.hpp:20[m[K,
[206.122s]                  from [01m[K/workspaces/bdai/bosdyn_msgs/build/bosdyn_msgs/rosidl_generator_cpp/bosdyn_msgs/msg/detail/acquire_data_request__struct.hpp:26[m[K,
[206.122s]                  from [01m[K/workspaces/bdai/bosdyn_msgs/build/bosdyn_msgs/rosidl_generator_cpp/bosdyn_msgs/msg/detail/action_data_acquisition__struct.hpp:20[m[K,
[206.122s]                  from [01m[K/workspaces/bdai/bosdyn_msgs/build/bosdyn_msgs/rosidl_generator_cpp/bosdyn_msgs/msg/detail/action_one_of_action__struct.hpp:22[m[K,
[206.123s]                  from [01m[K/workspaces/bdai/bosdyn_msgs/build/bosdyn_msgs/rosidl_generator_cpp/bosdyn_msgs/msg/detail/action__struct.hpp:20[m[K,
[206.123s]                  from [01m[K/workspaces/bdai/bosdyn_msgs/build/bosdyn_msgs/rosidl_typesupport_introspection_cpp/bosdyn_msgs/msg/detail/action__type_support.cpp:12[m[K:
[206.123s] [01m[K/workspaces/bdai/bosdyn_msgs/build/bosdyn_msgs/rosidl_generator_cpp/bosdyn_msgs/msg/detail/key_string_value_bosdyn_msgs_dict_param__struct.hpp:66:23:[m[K [01;31m[Kerror: [m[Kâ€˜[01m[KDictParam_[m[Kâ€™ in namespace â€˜[01m[Kbosdyn_msgs::msg[m[Kâ€™ does not name a template type; did you mean â€˜[01m[KListParam_[m[Kâ€™?
[206.123s]    66 |     bosdyn_msgs::msg::[01;31m[KDictParam_[m[K<ContainerAllocator>;
[206.124s]       |                       [01;31m[K^~~~~~~~~~[m[K
[206.124s]       |                       [32m[KListParam_[m[K
[206.124s] [01m[K/workspaces/bdai/bosdyn_msgs/build/bosdyn_msgs/rosidl_generator_cpp/bosdyn_msgs/msg/detail/key_string_value_bosdyn_msgs_dict_param__struct.hpp:67:3:[m[K [01;31m[Kerror: [m[Kâ€˜[01m[K_value_type[m[Kâ€™ does not name a type
[206.124s]    67 |   [01;31m[K_value_type[m[K value;
[206.125s]       |   [01;31m[K^~~~~~~~~~~[m[K
[206.125s] [01m[K/workspaces/bdai/bosdyn_msgs/build/bosdyn_msgs/rosidl_generator_cpp/bosdyn_msgs/msg/detail/key_string_value_bosdyn_msgs_dict_param__struct.hpp:77:29:[m[K [01;31m[Kerror: [m[Kâ€˜[01m[KDictParam_[m[Kâ€™ in namespace â€˜[01m[Kbosdyn_msgs::msg[m[Kâ€™ does not name a template type; did you mean â€˜[01m[KListParam_[m[Kâ€™?
[206.125s]    77 |     const bosdyn_msgs::msg::[01;31m[KDictParam_[m[K<ContainerAllocator> & _arg)
[206.125s]       |                             [01;31m[K^~~~~~~~~~[m[K
[206.125s]       |                             [32m[KListParam_[m[K
[206.126s] [01m[K/workspaces/bdai/bosdyn_msgs/build/bosdyn_msgs/rosidl_generator_cpp/bosdyn_msgs/msg/detail/key_string_value_bosdyn_msgs_dict_param__struct.hpp:77:39:[m[K [01;31m[Kerror: [m[Kexpected â€˜[01m[K,[m[Kâ€™ or â€˜[01m[K...[m[Kâ€™ before â€˜[01m[K<[m[Kâ€™ token
[206.126s]    77 |     const bosdyn_msgs::msg::DictParam_[01;31m[K<[m[KContainerAllocator> & _arg)
[206.126s]       |                                       [01;31m[K^[m[K
[206.129s] [01m[K/workspaces/bdai/bosdyn_msgs/build/bosdyn_msgs/rosidl_generator_cpp/bosdyn_msgs/msg/detail/key_string_value_bosdyn_msgs_dict_param__struct.hpp:[m[K In constructor â€˜[01m[Kbosdyn_msgs::msg::KeyStringValueBosdynMsgsDictParam_<ContainerAllocator>::KeyStringValueBosdynMsgsDictParam_(rosidl_runtime_cpp::MessageInitialization)[m[Kâ€™:
[206.129s] [01m[K/workspaces/bdai/bosdyn_msgs/build/bosdyn_msgs/rosidl_generator_cpp/bosdyn_msgs/msg/detail/key_string_value_bosdyn_msgs_dict_param__struct.hpp:41:5:[m[K [01;31m[Kerror: [m[Kclass â€˜[01m[Kbosdyn_msgs::msg::KeyStringValueBosdynMsgsDictParam_<ContainerAllocator>[m[Kâ€™ does not have any field named â€˜[01m[Kvalue[m[Kâ€™
[206.129s]    41 |   : [01;31m[Kvalue[m[K(_init)
[206.130s]       |     [01;31m[K^~~~~[m[K
[206.130s] [01m[K/workspaces/bdai/bosdyn_msgs/build/bosdyn_msgs/rosidl_generator_cpp/bosdyn_msgs/msg/detail/key_string_value_bosdyn_msgs_dict_param__struct.hpp:[m[K In constructor â€˜[01m[Kbosdyn_msgs::msg::KeyStringValueBosdynMsgsDictParam_<ContainerAllocator>::KeyStringValueBosdynMsgsDictParam_(const ContainerAllocator&, rosidl_runtime_cpp::MessageInitialization)[m[Kâ€™:
[206.130s] [01m[K/workspaces/bdai/bosdyn_msgs/build/bosdyn_msgs/rosidl_generator_cpp/bosdyn_msgs/msg/detail/key_string_value_bosdyn_msgs_dict_param__struct.hpp:52:5:[m[K [01;31m[Kerror: [m[Kclass â€˜[01m[Kbosdyn_msgs::msg::KeyStringValueBosdynMsgsDictParam_<ContainerAllocator>[m[Kâ€™ does not have any field named â€˜[01m[Kvalue[m[Kâ€™
[206.130s]    52 |     [01;31m[Kvalue[m[K(_alloc, _init)
[206.131s]       |     [01;31m[K^~~~~[m[K
[206.131s] [01m[K/workspaces/bdai/bosdyn_msgs/build/bosdyn_msgs/rosidl_generator_cpp/bosdyn_msgs/msg/detail/key_string_value_bosdyn_msgs_dict_param__struct.hpp:[m[K In member function â€˜[01m[Kbosdyn_msgs::msg::KeyStringValueBosdynMsgsDictParam_<ContainerAllocator>::Type& bosdyn_msgs::msg::KeyStringValueBosdynMsgsDictParam_<ContainerAllocator>::set__value(int)[m[Kâ€™:
[206.131s] [01m[K/workspaces/bdai/bosdyn_msgs/build/bosdyn_msgs/rosidl_generator_cpp/bosdyn_msgs/msg/detail/key_string_value_bosdyn_msgs_dict_param__struct.hpp:79:19:[m[K [01;31m[Kerror: [m[Kâ€˜[01m[K_arg[m[Kâ€™ was not declared in this scope
[206.131s]    79 |     this->value = [01;31m[K_arg[m[K;
[206.131s]       |                   [01;31m[K^~~~[m[K
[206.132s] [  0%] [32mBuilding CXX object CMakeFiles/bosdyn_msgs__rosidl_typesupport_introspection_cpp.dir/rosidl_typesupport_introspection_cpp/bosdyn_msgs/msg/detail/action_after_lease_stale__type_support.cpp.o[0m
[206.133s] [  0%] [32mBuilding CXX object CMakeFiles/bosdyn_msgs__rosidl_typesupport_introspection_cpp.dir/rosidl_typesupport_introspection_cpp/bosdyn_msgs/msg/detail/action_after_one_of_action__type_support.cpp.o[0m
[206.139s] [  0%] [32mBuilding CXX object CMakeFiles/bosdyn_msgs__rosidl_typesupport_introspection_cpp.dir/rosidl_typesupport_introspection_cpp/bosdyn_msgs/msg/detail/action_after_immediate_robot_off__type_support.cpp.o[0m
[206.179s] [  0%] [32mBuilding CXX object CMakeFiles/bosdyn_msgs__rosidl_typesupport_introspection_cpp.dir/rosidl_typesupport_introspection_cpp/bosdyn_msgs/msg/detail/action_after_record_event__type_support.cpp.o[0m
[206.219s] [  0%] [32mBuilding CXX object CMakeFiles/bosdyn_msgs__rosidl_typesupport_introspection_cpp.dir/rosidl_typesupport_introspection_cpp/bosdyn_msgs/msg/detail/action_data_acquisition__type_support.cpp.o[0m
[206.289s] [  0%] [32mBuilding CXX object CMakeFiles/bosdyn_msgs__rosidl_typesupport_introspection_cpp.dir/rosidl_typesupport_introspection_cpp/bosdyn_msgs/msg/detail/action_id_query__type_support.cpp.o[0m
[206.325s] In file included from [01m[K/workspaces/bdai/bosdyn_msgs/build/bosdyn_msgs/rosidl_generator_cpp/bosdyn_msgs/msg/detail/one_of_param__struct.hpp:20[m[K,
[206.325s]                  from [01m[K/workspaces/bdai/bosdyn_msgs/build/bosdyn_msgs/rosidl_generator_cpp/bosdyn_msgs/msg/detail/custom_param_one_of_value__struct.hpp:34[m[K,
[206.325s]                  from [01m[K/workspaces/bdai/bosdyn_msgs/build/bosdyn_msgs/rosidl_generator_cpp/bosdyn_msgs/msg/detail/custom_param__struct.hpp:20[m[K,
[206.326s]                  from [01m[K/workspaces/bdai/bosdyn_msgs/build/bosdyn_msgs/rosidl_generator_cpp/bosdyn_msgs/msg/detail/key_string_value_bosdyn_msgs_custom_param__struct.hpp:20[m[K,
[206.326s]                  from [01m[K/workspaces/bdai/bosdyn_msgs/build/bosdyn_msgs/rosidl_generator_cpp/bosdyn_msgs/msg/detail/dict_param__struct.hpp:20[m[K,
[206.326s]                  from [01m[K/workspaces/bdai/bosdyn_msgs/build/bosdyn_msgs/rosidl_generator_cpp/bosdyn_msgs/msg/detail/image_request__struct.hpp:24[m[K,
[206.327s]                  from [01m[K/workspaces/bdai/bosdyn_msgs/build/bosdyn_msgs/rosidl_generator_cpp/bosdyn_msgs/msg/detail/image_source_capture__struct.hpp:20[m[K,
[206.327s]                  from [01m[K/workspaces/bdai/bosdyn_msgs/build/bosdyn_msgs/rosidl_generator_cpp/bosdyn_msgs/msg/detail/acquisition_request_list__struct.hpp:20[m[K,
[206.327s]                  from [01m[K/workspaces/bdai/bosdyn_msgs/build/bosdyn_msgs/rosidl_typesupport_introspection_cpp/bosdyn_msgs/msg/detail/acquisition_request_list__type_support.cpp:12[m[K:
[206.327s] [01m[K/workspaces/bdai/bosdyn_msgs/build/bosdyn_msgs/rosidl_generator_cpp/bosdyn_msgs/msg/detail/key_string_value_bosdyn_msgs_dict_param__struct.hpp:66:23:[m[K [01;31m[Kerror: [m[Kâ€˜[01m[KDictParam_[m[Kâ€™ in namespace â€˜[01m[Kbosdyn_msgs::msg[m[Kâ€™ does not name a template type; did you mean â€˜[01m[KListParam_[m[Kâ€™?
[206.328s]    66 |     bosdyn_msgs::msg::[01;31m[KDictParam_[m[K<ContainerAllocator>;
[206.328s]       |                       [01;31m[K^~~~~~~~~~[m[K
[206.328s]       |                       [32m[KListParam_[m[K
[206.328s] [01m[K/workspaces/bdai/bosdyn_msgs/build/bosdyn_msgs/rosidl_generator_cpp/bosdyn_msgs/msg/detail/key_string_value_bosdyn_msgs_dict_param__struct.hpp:67:3:[m[K [01;31m[Kerror: [m[Kâ€˜[01m[K_value_type[m[Kâ€™ does not name a type
[206.329s]    67 |   [01;31m[K_value_type[m[K value;
[206.329s]       |   [01;31m[K^~~~~~~~~~~[m[K
[206.329s] [01m[K/workspaces/bdai/bosdyn_msgs/build/bosdyn_msgs/rosidl_generator_cpp/bosdyn_msgs/msg/detail/key_string_value_bosdyn_msgs_dict_param__struct.hpp:77:29:[m[K [01;31m[Kerror: [m[Kâ€˜[01m[KDictParam_[m[Kâ€™ in namespace â€˜[01m[Kbosdyn_msgs::msg[m[Kâ€™ does not name a template type; did you mean â€˜[01m[KListParam_[m[Kâ€™?
[206.329s]    77 |     const bosdyn_msgs::msg::[01;31m[KDictParam_[m[K<ContainerAllocator> & _arg)
[206.329s]       |                             [01;31m[K^~~~~~~~~~[m[K
[206.330s]       |                             [32m[KListParam_[m[K
[206.330s] [01m[K/workspaces/bdai/bosdyn_msgs/build/bosdyn_msgs/rosidl_generator_cpp/bosdyn_msgs/msg/detail/key_string_value_bosdyn_msgs_dict_param__struct.hpp:77:39:[m[K [01;31m[Kerror: [m[Kexpected â€˜[01m[K,[m[Kâ€™ or â€˜[01m[K...[m[Kâ€™ before â€˜[01m[K<[m[Kâ€™ token
[206.330s]    77 |     const bosdyn_msgs::msg::DictParam_[01;31m[K<[m[KContainerAllocator> & _arg)
[206.330s]       |                                       [01;31m[K^[m[K
[206.331s] [01m[K/workspaces/bdai/bosdyn_msgs/build/bosdyn_msgs/rosidl_generator_cpp/bosdyn_msgs/msg/detail/key_string_value_bosdyn_msgs_dict_param__struct.hpp:[m[K In constructor â€˜[01m[Kbosdyn_msgs::msg::KeyStringValueBosdynMsgsDictParam_<ContainerAllocator>::KeyStringValueBosdynMsgsDictParam_(rosidl_runtime_cpp::MessageInitialization)[m[Kâ€™:
[206.331s] [01m[K/workspaces/bdai/bosdyn_msgs/build/bosdyn_msgs/rosidl_generator_cpp/bosdyn_msgs/msg/detail/key_string_value_bosdyn_msgs_dict_param__struct.hpp:41:5:[m[K [01;31m[Kerror: [m[Kclass â€˜[01m[Kbosdyn_msgs::msg::KeyStringValueBosdynMsgsDictParam_<ContainerAllocator>[m[Kâ€™ does not have any field named â€˜[01m[Kvalue[m[Kâ€™
[206.331s]    41 |   : [01;31m[Kvalue[m[K(_init)
[206.331s]       |     [01;31m[K^~~~~[m[K
[206.331s] [01m[K/workspaces/bdai/bosdyn_msgs/build/bosdyn_msgs/rosidl_generator_cpp/bosdyn_msgs/msg/detail/key_string_value_bosdyn_msgs_dict_param__struct.hpp:[m[K In constructor â€˜[01m[Kbosdyn_msgs::msg::KeyStringValueBosdynMsgsDictParam_<ContainerAllocator>::KeyStringValueBosdynMsgsDictParam_(const ContainerAllocator&, rosidl_runtime_cpp::MessageInitialization)[m[Kâ€™:
[206.332s] [01m[K/workspaces/bdai/bosdyn_msgs/build/bosdyn_msgs/rosidl_generator_cpp/bosdyn_msgs/msg/detail/key_string_value_bosdyn_msgs_dict_param__struct.hpp:52:5:[m[K [01;31m[Kerror: [m[Kclass â€˜[01m[Kbosdyn_msgs::msg::KeyStringValueBosdynMsgsDictParam_<ContainerAllocator>[m[Kâ€™ does not have any field named â€˜[01m[Kvalue[m[Kâ€™
[206.332s]    52 |     [01;31m[Kvalue[m[K(_alloc, _init)
[206.332s]       |     [01;31m[K^~~~~[m[K
[206.334s] [  0%] [32mBuilding CXX object CMakeFiles/bosdyn_msgs__rosidl_typesupport_introspection_cpp.dir/rosidl_typesupport_introspection_cpp/bosdyn_msgs/msg/detail/action_one_of_action__type_support.cpp.o[0m
[206.336s] [01m[K/workspaces/bdai/bosdyn_msgs/build/bosdyn_msgs/rosidl_generator_cpp/bosdyn_msgs/msg/detail/key_string_value_bosdyn_msgs_dict_param__struct.hpp:[m[K In member function â€˜[01m[Kbosdyn_msgs::msg::KeyStringValueBosdynMsgsDictParam_<ContainerAllocator>::Type& bosdyn_msgs::msg::KeyStringValueBosdynMsgsDictParam_<ContainerAllocator>::set__value(int)[m[Kâ€™:
[206.337s] [01m[K/workspaces/bdai/bosdyn_msgs/build/bosdyn_msgs/rosidl_generator_cpp/bosdyn_msgs/msg/detail/key_string_value_bosdyn_msgs_dict_param__struct.hpp:79:19:[m[K [01;31m[Kerror: [m[Kâ€˜[01m[K_arg[m[Kâ€™ was not declared in this scope
[206.337s]    79 |     this->value = [01;31m[K_arg[m[K;
[206.337s]       |                   [01;31m[K^~~~[m[K
[206.377s] [  0%] [32mBuilding CXX object CMakeFiles/bosdyn_msgs__rosidl_typesupport_introspection_cpp.dir/rosidl_typesupport_introspection_cpp/bosdyn_msgs/msg/detail/action_remote_grpc__type_support.cpp.o[0m
[206.432s] gmake[2]: *** [CMakeFiles/bosdyn_msgs__rosidl_typesupport_introspection_cpp.dir/build.make:9630: CMakeFiles/bosdyn_msgs__rosidl_typesupport_introspection_cpp.dir/rosidl_typesupport_introspection_cpp/bosdyn_msgs/msg/detail/acquire_plugin_data_request__type_support.cpp.o] Error 1
[206.432s] gmake[2]: *** Waiting for unfinished jobs....
[206.469s] gmake[2]: *** [CMakeFiles/bosdyn_msgs__rosidl_typesupport_introspection_cpp.dir/build.make:9546: CMakeFiles/bosdyn_msgs__rosidl_typesupport_introspection_cpp.dir/rosidl_typesupport_introspection_cpp/bosdyn_msgs/msg/detail/acquire_data_request__type_support.cpp.o] Error 1
[206.716s] gmake[2]: *** [CMakeFiles/bosdyn_msgs__rosidl_typesupport_introspection_cpp.dir/build.make:9700: CMakeFiles/bosdyn_msgs__rosidl_typesupport_introspection_cpp.dir/rosidl_typesupport_introspection_cpp/bosdyn_msgs/msg/detail/action__type_support.cpp.o] Error 1
[207.212s] gmake[2]: *** [CMakeFiles/bosdyn_msgs__rosidl_typesupport_introspection_cpp.dir/build.make:9686: CMakeFiles/bosdyn_msgs__rosidl_typesupport_introspection_cpp.dir/rosidl_typesupport_introspection_cpp/bosdyn_msgs/msg/detail/acquisition_request_list__type_support.cpp.o] Error 1
[207.297s] In file included from [01m[K/workspaces/bdai/bosdyn_msgs/build/bosdyn_msgs/rosidl_generator_cpp/bosdyn_msgs/msg/detail/one_of_param__struct.hpp:20[m[K,
[207.298s]                  from [01m[K/workspaces/bdai/bosdyn_msgs/build/bosdyn_msgs/rosidl_generator_cpp/bosdyn_msgs/msg/detail/custom_param_one_of_value__struct.hpp:34[m[K,
[207.298s]                  from [01m[K/workspaces/bdai/bosdyn_msgs/build/bosdyn_msgs/rosidl_generator_cpp/bosdyn_msgs/msg/detail/custom_param__struct.hpp:20[m[K,
[207.298s]                  from [01m[K/workspaces/bdai/bosdyn_msgs/build/bosdyn_msgs/rosidl_generator_cpp/bosdyn_msgs/msg/detail/key_string_value_bosdyn_msgs_custom_param__struct.hpp:20[m[K,
[207.298s]                  from [01m[K/workspaces/bdai/bosdyn_msgs/build/bosdyn_msgs/rosidl_generator_cpp/bosdyn_msgs/msg/detail/dict_param__struct.hpp:20[m[K,
[207.299s]                  from [01m[K/workspaces/bdai/bosdyn_msgs/build/bosdyn_msgs/rosidl_generator_cpp/bosdyn_msgs/msg/detail/custom_param_collection__struct.hpp:22[m[K,
[207.299s]                  from [01m[K/workspaces/bdai/bosdyn_msgs/build/bosdyn_msgs/rosidl_generator_cpp/bosdyn_msgs/msg/detail/action_remote_grpc__struct.hpp:22[m[K,
[207.299s]                  from [01m[K/workspaces/bdai/bosdyn_msgs/build/bosdyn_msgs/rosidl_typesupport_introspection_cpp/bosdyn_msgs/msg/detail/action_remote_grpc__type_support.cpp:12[m[K:
[207.299s] [01m[K/workspaces/bdai/bosdyn_msgs/build/bosdyn_msgs/rosidl_generator_cpp/bosdyn_msgs/msg/detail/key_string_value_bosdyn_msgs_dict_param__struct.hpp:66:23:[m[K [01;31m[Kerror: [m[Kâ€˜[01m[KDictParam_[m[Kâ€™ in namespace â€˜[01m[Kbosdyn_msgs::msg[m[Kâ€™ does not name a template type; did you mean â€˜[01m[KListParam_[m[Kâ€™?
[207.299s]    66 |     bosdyn_msgs::msg::[01;31m[KDictParam_[m[K<ContainerAllocator>;
[207.300s]       |                       [01;31m[K^~~~~~~~~~[m[K
[207.300s]       |                       [32m[KListParam_[m[K
[207.300s] [01m[K/workspaces/bdai/bosdyn_msgs/build/bosdyn_msgs/rosidl_generator_cpp/bosdyn_msgs/msg/detail/key_string_value_bosdyn_msgs_dict_param__struct.hpp:67:3:[m[K [01;31m[Kerror: [m[Kâ€˜[01m[K_value_type[m[Kâ€™ does not name a type
[207.300s]    67 |   [01;31m[K_value_type[m[K value;
[207.301s]       |   [01;31m[K^~~~~~~~~~~[m[K
[207.301s] [01m[K/workspaces/bdai/bosdyn_msgs/build/bosdyn_msgs/rosidl_generator_cpp/bosdyn_msgs/msg/detail/key_string_value_bosdyn_msgs_dict_param__struct.hpp:77:29:[m[K [01;31m[Kerror: [m[Kâ€˜[01m[KDictParam_[m[Kâ€™ in namespace â€˜[01m[Kbosdyn_msgs::msg[m[Kâ€™ does not name a template type; did you mean â€˜[01m[KListParam_[m[Kâ€™?
[207.301s]    77 |     const bosdyn_msgs::msg::[01;31m[KDictParam_[m[K<ContainerAllocator> & _arg)
[207.301s]       |                             [01;31m[K^~~~~~~~~~[m[K
[207.301s]       |                             [32m[KListParam_[m[K
[207.301s] [01m[K/workspaces/bdai/bosdyn_msgs/build/bosdyn_msgs/rosidl_generator_cpp/bosdyn_msgs/msg/detail/key_string_value_bosdyn_msgs_dict_param__struct.hpp:77:39:[m[K [01;31m[Kerror: [m[Kexpected â€˜[01m[K,[m[Kâ€™ or â€˜[01m[K...[m[Kâ€™ before â€˜[01m[K<[m[Kâ€™ token
[207.302s]    77 |     const bosdyn_msgs::msg::DictParam_[01;31m[K<[m[KContainerAllocator> & _arg)
[207.302s]       |                                       [01;31m[K^[m[K
[207.302s] [01m[K/workspaces/bdai/bosdyn_msgs/build/bosdyn_msgs/rosidl_generator_cpp/bosdyn_msgs/msg/detail/key_string_value_bosdyn_msgs_dict_param__struct.hpp:[m[K In constructor â€˜[01m[Kbosdyn_msgs::msg::KeyStringValueBosdynMsgsDictParam_<ContainerAllocator>::KeyStringValueBosdynMsgsDictParam_(rosidl_runtime_cpp::MessageInitialization)[m[Kâ€™:
[207.302s] [01m[K/workspaces/bdai/bosdyn_msgs/build/bosdyn_msgs/rosidl_generator_cpp/bosdyn_msgs/msg/detail/key_string_value_bosdyn_msgs_dict_param__struct.hpp:41:5:[m[K [01;31m[Kerror: [m[Kclass â€˜[01m[Kbosdyn_msgs::msg::KeyStringValueBosdynMsgsDictParam_<ContainerAllocator>[m[Kâ€™ does not have any field named â€˜[01m[Kvalue[m[Kâ€™
[207.302s]    41 |   : [01;31m[Kvalue[m[K(_init)
[207.302s]       |     [01;31m[K^~~~~[m[K
[207.303s] [01m[K/workspaces/bdai/bosdyn_msgs/build/bosdyn_msgs/rosidl_generator_cpp/bosdyn_msgs/msg/detail/key_string_value_bosdyn_msgs_dict_param__struct.hpp:[m[K In constructor â€˜[01m[Kbosdyn_msgs::msg::KeyStringValueBosdynMsgsDictParam_<ContainerAllocator>::KeyStringValueBosdynMsgsDictParam_(const ContainerAllocator&, rosidl_runtime_cpp::MessageInitialization)[m[Kâ€™:
[207.303s] [01m[K/workspaces/bdai/bosdyn_msgs/build/bosdyn_msgs/rosidl_generator_cpp/bosdyn_msgs/msg/detail/key_string_value_bosdyn_msgs_dict_param__struct.hpp:52:5:[m[K [01;31m[Kerror: [m[Kclass â€˜[01m[Kbosdyn_msgs::msg::KeyStringValueBosdynMsgsDictParam_<ContainerAllocator>[m[Kâ€™ does not have any field named â€˜[01m[Kvalue[m[Kâ€™
[207.303s]    52 |     [01;31m[Kvalue[m[K(_alloc, _init)
[207.303s]       |     [01;31m[K^~~~~[m[K
[207.303s] In file included from [01m[K/workspaces/bdai/bosdyn_msgs/build/bosdyn_msgs/rosidl_generator_cpp/bosdyn_msgs/msg/detail/one_of_param__struct.hpp:20[m[K,
[207.304s]                  from [01m[K/workspaces/bdai/bosdyn_msgs/build/bosdyn_msgs/rosidl_generator_cpp/bosdyn_msgs/msg/detail/custom_param_one_of_value__struct.hpp:34[m[K,
[207.304s]                  from [01m[K/workspaces/bdai/bosdyn_msgs/build/bosdyn_msgs/rosidl_generator_cpp/bosdyn_msgs/msg/detail/custom_param__struct.hpp:20[m[K,
[207.304s]                  from [01m[K/workspaces/bdai/bosdyn_msgs/build/bosdyn_msgs/rosidl_generator_cpp/bosdyn_msgs/msg/detail/key_string_value_bosdyn_msgs_custom_param__struct.hpp:20[m[K,
[207.304s]                  from [01m[K/workspaces/bdai/bosdyn_msgs/build/bosdyn_msgs/rosidl_generator_cpp/bosdyn_msgs/msg/detail/dict_param__struct.hpp:20[m[K,
[207.304s]                  from [01m[K/workspaces/bdai/bosdyn_msgs/build/bosdyn_msgs/rosidl_generator_cpp/bosdyn_msgs/msg/detail/image_request__struct.hpp:24[m[K,
[207.305s]                  from [01m[K/workspaces/bdai/bosdyn_msgs/build/bosdyn_msgs/rosidl_generator_cpp/bosdyn_msgs/msg/detail/image_source_capture__struct.hpp:20[m[K,
[207.305s]                  from [01m[K/workspaces/bdai/bosdyn_msgs/build/bosdyn_msgs/rosidl_generator_cpp/bosdyn_msgs/msg/detail/acquisition_request_list__struct.hpp:20[m[K,
[207.305s]                  from [01m[K/workspaces/bdai/bosdyn_msgs/build/bosdyn_msgs/rosidl_generator_cpp/bosdyn_msgs/msg/detail/acquire_data_request__struct.hpp:26[m[K,
[207.306s]                  from [01m[K/workspaces/bdai/bosdyn_msgs/build/bosdyn_msgs/rosidl_generator_cpp/bosdyn_msgs/msg/detail/action_data_acquisition__struct.hpp:20[m[K,
[207.306s]                  from [01m[K/workspaces/bdai/bosdyn_msgs/build/bosdyn_msgs/rosidl_typesupport_introspection_cpp/bosdyn_msgs/msg/detail/action_data_acquisition__type_support.cpp:12[m[K:
[207.306s] [01m[K/workspaces/bdai/bosdyn_msgs/build/bosdyn_msgs/rosidl_generator_cpp/bosdyn_msgs/msg/detail/key_string_value_bosdyn_msgs_dict_param__struct.hpp:66:23:[m[K [01;31m[Kerror: [m[Kâ€˜[01m[KDictParam_[m[Kâ€™ in namespace â€˜[01m[Kbosdyn_msgs::msg[m[Kâ€™ does not name a template type; did you mean â€˜[01m[KListParam_[m[Kâ€™?
[207.306s]    66 |     bosdyn_msgs::msg::[01;31m[KDictParam_[m[K<ContainerAllocator>;
[207.307s]       |                       [01;31m[K^~~~~~~~~~[m[K
[207.307s]       |                       [32m[KListParam_[m[K
[207.307s] [01m[K/workspaces/bdai/bosdyn_msgs/build/bosdyn_msgs/rosidl_generator_cpp/bosdyn_msgs/msg/detail/key_string_value_bosdyn_msgs_dict_param__struct.hpp:[m[K In member function â€˜[01m[Kbosdyn_msgs::msg::KeyStringValueBosdynMsgsDictParam_<ContainerAllocator>::Type& bosdyn_msgs::msg::KeyStringValueBosdynMsgsDictParam_<ContainerAllocator>::set__value(int)[m[Kâ€™:
[207.307s] [01m[K/workspaces/bdai/bosdyn_msgs/build/bosdyn_msgs/rosidl_generator_cpp/bosdyn_msgs/msg/detail/key_string_value_bosdyn_msgs_dict_param__struct.hpp:79:19:[m[K [01;31m[Kerror: [m[Kâ€˜[01m[K_arg[m[Kâ€™ was not declared in this scope
[207.307s]    79 |     this->value = [01;31m[K_arg[m[K;
[207.307s]       |                   [01;31m[K^~~~[m[K
[207.308s] [01m[K/workspaces/bdai/bosdyn_msgs/build/bosdyn_msgs/rosidl_generator_cpp/bosdyn_msgs/msg/detail/key_string_value_bosdyn_msgs_dict_param__struct.hpp:67:3:[m[K [01;31m[Kerror: [m[Kâ€˜[01m[K_value_type[m[Kâ€™ does not name a type
[207.308s]    67 |   [01;31m[K_value_type[m[K value;
[207.308s]       |   [01;31m[K^~~~~~~~~~~[m[K
[207.308s] [01m[K/workspaces/bdai/bosdyn_msgs/build/bosdyn_msgs/rosidl_generator_cpp/bosdyn_msgs/msg/detail/key_string_value_bosdyn_msgs_dict_param__struct.hpp:77:29:[m[K [01;31m[Kerror: [m[Kâ€˜[01m[KDictParam_[m[Kâ€™ in namespace â€˜[01m[Kbosdyn_msgs::msg[m[Kâ€™ does not name a template type; did you mean â€˜[01m[KListParam_[m[Kâ€™?
[207.308s]    77 |     const bosdyn_msgs::msg::[01;31m[KDictParam_[m[K<ContainerAllocator> & _arg)
[207.309s]       |                             [01;31m[K^~~~~~~~~~[m[K
[207.309s]       |                             [32m[KListParam_[m[K
[207.309s] [01m[K/workspaces/bdai/bosdyn_msgs/build/bosdyn_msgs/rosidl_generator_cpp/bosdyn_msgs/msg/detail/key_string_value_bosdyn_msgs_dict_param__struct.hpp:77:39:[m[K [01;31m[Kerror: [m[Kexpected â€˜[01m[K,[m[Kâ€™ or â€˜[01m[K...[m[Kâ€™ before â€˜[01m[K<[m[Kâ€™ token
[207.309s]    77 |     const bosdyn_msgs::msg::DictParam_[01;31m[K<[m[KContainerAllocator> & _arg)
[207.309s]       |                                       [01;31m[K^[m[K
[207.309s] [01m[K/workspaces/bdai/bosdyn_msgs/build/bosdyn_msgs/rosidl_generator_cpp/bosdyn_msgs/msg/detail/key_string_value_bosdyn_msgs_dict_param__struct.hpp:[m[K In constructor â€˜[01m[Kbosdyn_msgs::msg::KeyStringValueBosdynMsgsDictParam_<ContainerAllocator>::KeyStringValueBosdynMsgsDictParam_(rosidl_runtime_cpp::MessageInitialization)[m[Kâ€™:
[207.310s] [01m[K/workspaces/bdai/bosdyn_msgs/build/bosdyn_msgs/rosidl_generator_cpp/bosdyn_msgs/msg/detail/key_string_value_bosdyn_msgs_dict_param__struct.hpp:41:5:[m[K [01;31m[Kerror: [m[Kclass â€˜[01m[Kbosdyn_msgs::msg::KeyStringValueBosdynMsgsDictParam_<ContainerAllocator>[m[Kâ€™ does not have any field named â€˜[01m[Kvalue[m[Kâ€™
[207.310s]    41 |   : [01;31m[Kvalue[m[K(_init)
[207.310s]       |     [01;31m[K^~~~~[m[K
[207.310s] [01m[K/workspaces/bdai/bosdyn_msgs/build/bosdyn_msgs/rosidl_generator_cpp/bosdyn_msgs/msg/detail/key_string_value_bosdyn_msgs_dict_param__struct.hpp:[m[K In constructor â€˜[01m[Kbosdyn_msgs::msg::KeyStringValueBosdynMsgsDictParam_<ContainerAllocator>::KeyStringValueBosdynMsgsDictParam_(const ContainerAllocator&, rosidl_runtime_cpp::MessageInitialization)[m[Kâ€™:
[207.310s] [01m[K/workspaces/bdai/bosdyn_msgs/build/bosdyn_msgs/rosidl_generator_cpp/bosdyn_msgs/msg/detail/key_string_value_bosdyn_msgs_dict_param__struct.hpp:52:5:[m[K [01;31m[Kerror: [m[Kclass â€˜[01m[Kbosdyn_msgs::msg::KeyStringValueBosdynMsgsDictParam_<ContainerAllocator>[m[Kâ€™ does not have any field named â€˜[01m[Kvalue[m[Kâ€™
[207.311s]    52 |     [01;31m[Kvalue[m[K(_alloc, _init)
[207.311s]       |     [01;31m[K^~~~~[m[K
[207.312s] [01m[K/workspaces/bdai/bosdyn_msgs/build/bosdyn_msgs/rosidl_generator_cpp/bosdyn_msgs/msg/detail/key_string_value_bosdyn_msgs_dict_param__struct.hpp:[m[K In member function â€˜[01m[Kbosdyn_msgs::msg::KeyStringValueBosdynMsgsDictParam_<ContainerAllocator>::Type& bosdyn_msgs::msg::KeyStringValueBosdynMsgsDictParam_<ContainerAllocator>::set__value(int)[m[Kâ€™:
[207.312s] [01m[K/workspaces/bdai/bosdyn_msgs/build/bosdyn_msgs/rosidl_generator_cpp/bosdyn_msgs/msg/detail/key_string_value_bosdyn_msgs_dict_param__struct.hpp:79:19:[m[K [01;31m[Kerror: [m[Kâ€˜[01m[K_arg[m[Kâ€™ was not declared in this scope
[207.312s]    79 |     this->value = [01;31m[K_arg[m[K;
[207.312s]       |                   [01;31m[K^~~~[m[K
[207.426s] In file included from [01m[K/workspaces/bdai/bosdyn_msgs/build/bosdyn_msgs/rosidl_generator_cpp/bosdyn_msgs/msg/detail/one_of_param__struct.hpp:20[m[K,
[207.426s]                  from [01m[K/workspaces/bdai/bosdyn_msgs/build/bosdyn_msgs/rosidl_generator_cpp/bosdyn_msgs/msg/detail/custom_param_one_of_value__struct.hpp:34[m[K,
[207.426s]                  from [01m[K/workspaces/bdai/bosdyn_msgs/build/bosdyn_msgs/rosidl_generator_cpp/bosdyn_msgs/msg/detail/custom_param__struct.hpp:20[m[K,
[207.426s]                  from [01m[K/workspaces/bdai/bosdyn_msgs/build/bosdyn_msgs/rosidl_generator_cpp/bosdyn_msgs/msg/detail/key_string_value_bosdyn_msgs_custom_param__struct.hpp:20[m[K,
[207.427s]                  from [01m[K/workspaces/bdai/bosdyn_msgs/build/bosdyn_msgs/rosidl_generator_cpp/bosdyn_msgs/msg/detail/dict_param__struct.hpp:20[m[K,
[207.427s]                  from [01m[K/workspaces/bdai/bosdyn_msgs/build/bosdyn_msgs/rosidl_generator_cpp/bosdyn_msgs/msg/detail/image_request__struct.hpp:24[m[K,
[207.427s]                  from [01m[K/workspaces/bdai/bosdyn_msgs/build/bosdyn_msgs/rosidl_generator_cpp/bosdyn_msgs/msg/detail/image_source_capture__struct.hpp:20[m[K,
[207.427s]                  from [01m[K/workspaces/bdai/bosdyn_msgs/build/bosdyn_msgs/rosidl_generator_cpp/bosdyn_msgs/msg/detail/acquisition_request_list__struct.hpp:20[m[K,
[207.427s]                  from [01m[K/workspaces/bdai/bosdyn_msgs/build/bosdyn_msgs/rosidl_generator_cpp/bosdyn_msgs/msg/detail/acquire_data_request__struct.hpp:26[m[K,
[207.427s]                  from [01m[K/workspaces/bdai/bosdyn_msgs/build/bosdyn_msgs/rosidl_generator_cpp/bosdyn_msgs/msg/detail/action_data_acquisition__struct.hpp:20[m[K,
[207.427s]                  from [01m[K/workspaces/bdai/bosdyn_msgs/build/bosdyn_msgs/rosidl_generator_cpp/bosdyn_msgs/msg/detail/action_one_of_action__struct.hpp:22[m[K,
[207.428s]                  from [01m[K/workspaces/bdai/bosdyn_msgs/build/bosdyn_msgs/rosidl_typesupport_introspection_cpp/bosdyn_msgs/msg/detail/action_one_of_action__type_support.cpp:12[m[K:
[207.428s] [01m[K/workspaces/bdai/bosdyn_msgs/build/bosdyn_msgs/rosidl_generator_cpp/bosdyn_msgs/msg/detail/key_string_value_bosdyn_msgs_dict_param__struct.hpp:66:23:[m[K [01;31m[Kerror: [m[Kâ€˜[01m[KDictParam_[m[Kâ€™ in namespace â€˜[01m[Kbosdyn_msgs::msg[m[Kâ€™ does not name a template type; did you mean â€˜[01m[KListParam_[m[Kâ€™?
[207.428s]    66 |     bosdyn_msgs::msg::[01;31m[KDictParam_[m[K<ContainerAllocator>;
[207.428s]       |                       [01;31m[K^~~~~~~~~~[m[K
[207.429s]       |                       [32m[KListParam_[m[K
[207.429s] [01m[K/workspaces/bdai/bosdyn_msgs/build/bosdyn_msgs/rosidl_generator_cpp/bosdyn_msgs/msg/detail/key_string_value_bosdyn_msgs_dict_param__struct.hpp:67:3:[m[K [01;31m[Kerror: [m[Kâ€˜[01m[K_value_type[m[Kâ€™ does not name a type
[207.429s]    67 |   [01;31m[K_value_type[m[K value;
[207.429s]       |   [01;31m[K^~~~~~~~~~~[m[K
[207.429s] [01m[K/workspaces/bdai/bosdyn_msgs/build/bosdyn_msgs/rosidl_generator_cpp/bosdyn_msgs/msg/detail/key_string_value_bosdyn_msgs_dict_param__struct.hpp:77:29:[m[K [01;31m[Kerror: [m[Kâ€˜[01m[KDictParam_[m[Kâ€™ in namespace â€˜[01m[Kbosdyn_msgs::msg[m[Kâ€™ does not name a template type; did you mean â€˜[01m[KListParam_[m[Kâ€™?
[207.429s]    77 |     const bosdyn_msgs::msg::[01;31m[KDictParam_[m[K<ContainerAllocator> & _arg)
[207.430s]       |                             [01;31m[K^~~~~~~~~~[m[K
[207.430s]       |                             [32m[KListParam_[m[K
[207.430s] [01m[K/workspaces/bdai/bosdyn_msgs/build/bosdyn_msgs/rosidl_generator_cpp/bosdyn_msgs/msg/detail/key_string_value_bosdyn_msgs_dict_param__struct.hpp:77:39:[m[K [01;31m[Kerror: [m[Kexpected â€˜[01m[K,[m[Kâ€™ or â€˜[01m[K...[m[Kâ€™ before â€˜[01m[K<[m[Kâ€™ token
[207.431s]    77 |     const bosdyn_msgs::msg::DictParam_[01;31m[K<[m[KContainerAllocator> & _arg)
[207.431s]       |                                       [01;31m[K^[m[K
[207.431s] [01m[K/workspaces/bdai/bosdyn_msgs/build/bosdyn_msgs/rosidl_generator_cpp/bosdyn_msgs/msg/detail/key_string_value_bosdyn_msgs_dict_param__struct.hpp:[m[K In constructor â€˜[01m[Kbosdyn_msgs::msg::KeyStringValueBosdynMsgsDictParam_<ContainerAllocator>::KeyStringValueBosdynMsgsDictParam_(rosidl_runtime_cpp::MessageInitialization)[m[Kâ€™:
[207.431s] [01m[K/workspaces/bdai/bosdyn_msgs/build/bosdyn_msgs/rosidl_generator_cpp/bosdyn_msgs/msg/detail/key_string_value_bosdyn_msgs_dict_param__struct.hpp:41:5:[m[K [01;31m[Kerror: [m[Kclass â€˜[01m[Kbosdyn_msgs::msg::KeyStringValueBosdynMsgsDictParam_<ContainerAllocator>[m[Kâ€™ does not have any field named â€˜[01m[Kvalue[m[Kâ€™
[207.431s]    41 |   : [01;31m[Kvalue[m[K(_init)
[207.431s]       |     [01;31m[K^~~~~[m[K
[207.431s] [01m[K/workspaces/bdai/bosdyn_msgs/build/bosdyn_msgs/rosidl_generator_cpp/bosdyn_msgs/msg/detail/key_string_value_bosdyn_msgs_dict_param__struct.hpp:[m[K In constructor â€˜[01m[Kbosdyn_msgs::msg::KeyStringValueBosdynMsgsDictParam_<ContainerAllocator>::KeyStringValueBosdynMsgsDictParam_(const ContainerAllocator&, rosidl_runtime_cpp::MessageInitialization)[m[Kâ€™:
[207.432s] [01m[K/workspaces/bdai/bosdyn_msgs/build/bosdyn_msgs/rosidl_generator_cpp/bosdyn_msgs/msg/detail/key_string_value_bosdyn_msgs_dict_param__struct.hpp:52:5:[m[K [01;31m[Kerror: [m[Kclass â€˜[01m[Kbosdyn_msgs::msg::KeyStringValueBosdynMsgsDictParam_<ContainerAllocator>[m[Kâ€™ does not have any field named â€˜[01m[Kvalue[m[Kâ€™
[207.432s]    52 |     [01;31m[Kvalue[m[K(_alloc, _init)
[207.432s]       |     [01;31m[K^~~~~[m[K
[207.435s] [01m[K/workspaces/bdai/bosdyn_msgs/build/bosdyn_msgs/rosidl_generator_cpp/bosdyn_msgs/msg/detail/key_string_value_bosdyn_msgs_dict_param__struct.hpp:[m[K In member function â€˜[01m[Kbosdyn_msgs::msg::KeyStringValueBosdynMsgsDictParam_<ContainerAllocator>::Type& bosdyn_msgs::msg::KeyStringValueBosdynMsgsDictParam_<ContainerAllocator>::set__value(int)[m[Kâ€™:
[207.435s] [01m[K/workspaces/bdai/bosdyn_msgs/build/bosdyn_msgs/rosidl_generator_cpp/bosdyn_msgs/msg/detail/key_string_value_bosdyn_msgs_dict_param__struct.hpp:79:19:[m[K [01;31m[Kerror: [m[Kâ€˜[01m[K_arg[m[Kâ€™ was not declared in this scope
[207.435s]    79 |     this->value = [01;31m[K_arg[m[K;
[207.435s]       |                   [01;31m[K^~~~[m[K
[207.758s] gmake[2]: *** [CMakeFiles/bosdyn_msgs__rosidl_typesupport_introspection_cpp.dir/build.make:9854: CMakeFiles/bosdyn_msgs__rosidl_typesupport_introspection_cpp.dir/rosidl_typesupport_introspection_cpp/bosdyn_msgs/msg/detail/action_remote_grpc__type_support.cpp.o] Error 1
[207.781s] gmake[2]: *** [CMakeFiles/bosdyn_msgs__rosidl_typesupport_introspection_cpp.dir/build.make:9840: CMakeFiles/bosdyn_msgs__rosidl_typesupport_introspection_cpp.dir/rosidl_typesupport_introspection_cpp/bosdyn_msgs/msg/detail/action_one_of_action__type_support.cpp.o] Error 1
[207.898s] gmake[2]: *** [CMakeFiles/bosdyn_msgs__rosidl_typesupport_introspection_cpp.dir/build.make:9812: CMakeFiles/bosdyn_msgs__rosidl_typesupport_introspection_cpp.dir/rosidl_typesupport_introspection_cpp/bosdyn_msgs/msg/detail/action_data_acquisition__type_support.cpp.o] Error 1
[207.900s] gmake[1]: *** [CMakeFiles/Makefile2:369: CMakeFiles/bosdyn_msgs__rosidl_typesupport_introspection_cpp.dir/all] Error 2
[218.181s] [  0%] [32mBuilding CXX object CMakeFiles/bosdyn_msgs__rosidl_typesupport_fastrtps_cpp.dir/rosidl_typesupport_fastrtps_cpp/bosdyn_msgs/msg/detail/dds_fastrtps/acquire_lease_response_status__type_support.cpp.o[0m
[218.182s] [  0%] [32mBuilding CXX object CMakeFiles/bosdyn_msgs__rosidl_typesupport_fastrtps_cpp.dir/rosidl_typesupport_fastrtps_cpp/bosdyn_msgs/msg/detail/dds_fastrtps/acquire_lease_response__type_support.cpp.o[0m
[218.183s] [  0%] [32mBuilding CXX object CMakeFiles/bosdyn_msgs__rosidl_typesupport_fastrtps_cpp.dir/rosidl_typesupport_fastrtps_cpp/bosdyn_msgs/msg/detail/dds_fastrtps/acquire_data_request__type_support.cpp.o[0m
[218.184s] [  0%] [32mBuilding CXX object CMakeFiles/bosdyn_msgs__rosidl_typesupport_fastrtps_cpp.dir/rosidl_typesupport_fastrtps_cpp/bosdyn_msgs/msg/detail/dds_fastrtps/acquire_data_response__type_support.cpp.o[0m
[218.188s] [  0%] [32mBuilding CXX object CMakeFiles/bosdyn_msgs__rosidl_typesupport_fastrtps_cpp.dir/rosidl_typesupport_fastrtps_cpp/bosdyn_msgs/msg/detail/dds_fastrtps/acquire_data_response_status__type_support.cpp.o[0m
[218.191s] [  0%] [32mBuilding CXX object CMakeFiles/bosdyn_msgs__rosidl_typesupport_fastrtps_cpp.dir/rosidl_typesupport_fastrtps_cpp/bosdyn_msgs/msg/detail/dds_fastrtps/acquire_plugin_data_request__type_support.cpp.o[0m
[218.196s] [  0%] [32mBuilding CXX object CMakeFiles/bosdyn_msgs__rosidl_typesupport_fastrtps_cpp.dir/rosidl_typesupport_fastrtps_cpp/bosdyn_msgs/msg/detail/dds_fastrtps/acquire_plugin_data_response__type_support.cpp.o[0m
[218.196s] [  0%] [32mBuilding CXX object CMakeFiles/bosdyn_msgs__rosidl_typesupport_fastrtps_cpp.dir/rosidl_typesupport_fastrtps_cpp/bosdyn_msgs/msg/detail/dds_fastrtps/acquisition_capability_list__type_support.cpp.o[0m
[218.198s] [  0%] [32mBuilding CXX object CMakeFiles/bosdyn_msgs__rosidl_typesupport_fastrtps_cpp.dir/rosidl_typesupport_fastrtps_cpp/bosdyn_msgs/msg/detail/dds_fastrtps/acquire_plugin_data_response_status__type_support.cpp.o[0m
[218.200s] [  0%] [32mBuilding CXX object CMakeFiles/bosdyn_msgs__rosidl_typesupport_fastrtps_cpp.dir/rosidl_typesupport_fastrtps_cpp/bosdyn_msgs/msg/detail/dds_fastrtps/action_after_auto_return__type_support.cpp.o[0m
[218.202s] [  0%] [32mBuilding CXX object CMakeFiles/bosdyn_msgs__rosidl_typesupport_fastrtps_cpp.dir/rosidl_typesupport_fastrtps_cpp/bosdyn_msgs/msg/detail/dds_fastrtps/acquire_lease_request__type_support.cpp.o[0m
[218.202s] [  0%] [32mBuilding CXX object CMakeFiles/bosdyn_msgs__rosidl_typesupport_fastrtps_cpp.dir/rosidl_typesupport_fastrtps_cpp/bosdyn_msgs/msg/detail/dds_fastrtps/action_after_controlled_motors_off__type_support.cpp.o[0m
[218.205s] [  0%] [32mBuilding CXX object CMakeFiles/bosdyn_msgs__rosidl_typesupport_fastrtps_cpp.dir/rosidl_typesupport_fastrtps_cpp/bosdyn_msgs/msg/detail/dds_fastrtps/acquisition_request_list__type_support.cpp.o[0m
[218.207s] [  0%] [32mBuilding CXX object CMakeFiles/bosdyn_msgs__rosidl_typesupport_fastrtps_cpp.dir/rosidl_typesupport_fastrtps_cpp/bosdyn_msgs/msg/detail/dds_fastrtps/action_after__type_support.cpp.o[0m
[218.211s] [  0%] [32mBuilding CXX object CMakeFiles/bosdyn_msgs__rosidl_typesupport_fastrtps_cpp.dir/rosidl_typesupport_fastrtps_cpp/bosdyn_msgs/msg/detail/dds_fastrtps/action_after_immediate_robot_off__type_support.cpp.o[0m
[218.222s] [  0%] [32mBuilding CXX object CMakeFiles/bosdyn_msgs__rosidl_typesupport_fastrtps_cpp.dir/rosidl_typesupport_fastrtps_cpp/bosdyn_msgs/msg/detail/dds_fastrtps/action__type_support.cpp.o[0m
[218.942s] In file included from [01m[K/workspaces/bdai/bosdyn_msgs/build/bosdyn_msgs/rosidl_generator_cpp/bosdyn_msgs/msg/detail/one_of_param__struct.hpp:20[m[K,
[218.942s]                  from [01m[K/workspaces/bdai/bosdyn_msgs/build/bosdyn_msgs/rosidl_generator_cpp/bosdyn_msgs/msg/detail/custom_param_one_of_value__struct.hpp:34[m[K,
[218.942s]                  from [01m[K/workspaces/bdai/bosdyn_msgs/build/bosdyn_msgs/rosidl_generator_cpp/bosdyn_msgs/msg/detail/custom_param__struct.hpp:20[m[K,
[218.943s]                  from [01m[K/workspaces/bdai/bosdyn_msgs/build/bosdyn_msgs/rosidl_generator_cpp/bosdyn_msgs/msg/detail/key_string_value_bosdyn_msgs_custom_param__struct.hpp:20[m[K,
[218.943s]                  from [01m[K/workspaces/bdai/bosdyn_msgs/build/bosdyn_msgs/rosidl_generator_cpp/bosdyn_msgs/msg/detail/dict_param__struct.hpp:20[m[K,
[218.943s]                  from [01m[K/workspaces/bdai/bosdyn_msgs/build/bosdyn_msgs/rosidl_generator_cpp/bosdyn_msgs/msg/detail/image_request__struct.hpp:24[m[K,
[218.943s]                  from [01m[K/workspaces/bdai/bosdyn_msgs/build/bosdyn_msgs/rosidl_generator_cpp/bosdyn_msgs/msg/detail/image_source_capture__struct.hpp:20[m[K,
[218.943s]                  from [01m[K/workspaces/bdai/bosdyn_msgs/build/bosdyn_msgs/rosidl_generator_cpp/bosdyn_msgs/msg/detail/acquisition_request_list__struct.hpp:20[m[K,
[218.943s]                  from [01m[K/workspaces/bdai/bosdyn_msgs/build/bosdyn_msgs/rosidl_typesupport_fastrtps_cpp/bosdyn_msgs/msg/detail/acquisition_request_list__rosidl_typesupport_fastrtps_cpp.hpp:11[m[K,
[218.943s]                  from [01m[K/workspaces/bdai/bosdyn_msgs/build/bosdyn_msgs/rosidl_typesupport_fastrtps_cpp/bosdyn_msgs/msg/detail/dds_fastrtps/acquisition_request_list__type_support.cpp:4[m[K:
[218.943s] [01m[K/workspaces/bdai/bosdyn_msgs/build/bosdyn_msgs/rosidl_generator_cpp/bosdyn_msgs/msg/detail/key_string_value_bosdyn_msgs_dict_param__struct.hpp:66:23:[m[K [01;31m[Kerror: [m[Kâ€˜[01m[KDictParam_[m[Kâ€™ in namespace â€˜[01m[Kbosdyn_msgs::msg[m[Kâ€™ does not name a template type; did you mean â€˜[01m[KListParam_[m[Kâ€™?
[218.944s]    66 |     bosdyn_msgs::msg::[01;31m[KDictParam_[m[K<ContainerAllocator>;
[218.944s]       |                       [01;31m[K^~~~~~~~~~[m[K
[218.944s]       |                       [32m[KListParam_[m[K
[218.945s] [01m[K/workspaces/bdai/bosdyn_msgs/build/bosdyn_msgs/rosidl_generator_cpp/bosdyn_msgs/msg/detail/key_string_value_bosdyn_msgs_dict_param__struct.hpp:67:3:[m[K [01;31m[Kerror: [m[Kâ€˜[01m[K_value_type[m[Kâ€™ does not name a type
[218.945s]    67 |   [01;31m[K_value_type[m[K value;
[218.945s]       |   [01;31m[K^~~~~~~~~~~[m[K
[218.945s] [01m[K/workspaces/bdai/bosdyn_msgs/build/bosdyn_msgs/rosidl_generator_cpp/bosdyn_msgs/msg/detail/key_string_value_bosdyn_msgs_dict_param__struct.hpp:77:29:[m[K [01;31m[Kerror: [m[Kâ€˜[01m[KDictParam_[m[Kâ€™ in namespace â€˜[01m[Kbosdyn_msgs::msg[m[Kâ€™ does not name a template type; did you mean â€˜[01m[KListParam_[m[Kâ€™?
[218.946s]    77 |     const bosdyn_msgs::msg::[01;31m[KDictParam_[m[K<ContainerAllocator> & _arg)
[218.946s]       |                             [01;31m[K^~~~~~~~~~[m[K
[218.946s]       |                             [32m[KListParam_[m[K
[218.946s] [01m[K/workspaces/bdai/bosdyn_msgs/build/bosdyn_msgs/rosidl_generator_cpp/bosdyn_msgs/msg/detail/key_string_value_bosdyn_msgs_dict_param__struct.hpp:77:39:[m[K [01;31m[Kerror: [m[Kexpected â€˜[01m[K,[m[Kâ€™ or â€˜[01m[K...[m[Kâ€™ before â€˜[01m[K<[m[Kâ€™ token
[218.947s]    77 |     const bosdyn_msgs::msg::DictParam_[01;31m[K<[m[KContainerAllocator> & _arg)
[218.947s]       |                                       [01;31m[K^[m[K
[218.947s] [01m[K/workspaces/bdai/bosdyn_msgs/build/bosdyn_msgs/rosidl_generator_cpp/bosdyn_msgs/msg/detail/key_string_value_bosdyn_msgs_dict_param__struct.hpp:[m[K In constructor â€˜[01m[Kbosdyn_msgs::msg::KeyStringValueBosdynMsgsDictParam_<ContainerAllocator>::KeyStringValueBosdynMsgsDictParam_(rosidl_runtime_cpp::MessageInitialization)[m[Kâ€™:
[218.947s] [01m[K/workspaces/bdai/bosdyn_msgs/build/bosdyn_msgs/rosidl_generator_cpp/bosdyn_msgs/msg/detail/key_string_value_bosdyn_msgs_dict_param__struct.hpp:41:5:[m[K [01;31m[Kerror: [m[Kclass â€˜[01m[Kbosdyn_msgs::msg::KeyStringValueBosdynMsgsDictParam_<ContainerAllocator>[m[Kâ€™ does not have any field named â€˜[01m[Kvalue[m[Kâ€™
[218.947s]    41 |   : [01;31m[Kvalue[m[K(_init)
[218.947s]       |     [01;31m[K^~~~~[m[K
[218.948s] [01m[K/workspaces/bdai/bosdyn_msgs/build/bosdyn_msgs/rosidl_generator_cpp/bosdyn_msgs/msg/detail/key_string_value_bosdyn_msgs_dict_param__struct.hpp:[m[K In constructor â€˜[01m[Kbosdyn_msgs::msg::KeyStringValueBosdynMsgsDictParam_<ContainerAllocator>::KeyStringValueBosdynMsgsDictParam_(const ContainerAllocator&, rosidl_runtime_cpp::MessageInitialization)[m[Kâ€™:
[218.948s] [01m[K/workspaces/bdai/bosdyn_msgs/build/bosdyn_msgs/rosidl_generator_cpp/bosdyn_msgs/msg/detail/key_string_value_bosdyn_msgs_dict_param__struct.hpp:52:5:[m[K [01;31m[Kerror: [m[Kclass â€˜[01m[Kbosdyn_msgs::msg::KeyStringValueBosdynMsgsDictParam_<ContainerAllocator>[m[Kâ€™ does not have any field named â€˜[01m[Kvalue[m[Kâ€™
[218.948s]    52 |     [01;31m[Kvalue[m[K(_alloc, _init)
[218.948s]       |     [01;31m[K^~~~~[m[K
[218.952s] [01m[K/workspaces/bdai/bosdyn_msgs/build/bosdyn_msgs/rosidl_generator_cpp/bosdyn_msgs/msg/detail/key_string_value_bosdyn_msgs_dict_param__struct.hpp:[m[K In member function â€˜[01m[Kbosdyn_msgs::msg::KeyStringValueBosdynMsgsDictParam_<ContainerAllocator>::Type& bosdyn_msgs::msg::KeyStringValueBosdynMsgsDictParam_<ContainerAllocator>::set__value(int)[m[Kâ€™:
[218.953s] [01m[K/workspaces/bdai/bosdyn_msgs/build/bosdyn_msgs/rosidl_generator_cpp/bosdyn_msgs/msg/detail/key_string_value_bosdyn_msgs_dict_param__struct.hpp:79:19:[m[K [01;31m[Kerror: [m[Kâ€˜[01m[K_arg[m[Kâ€™ was not declared in this scope
[218.953s]    79 |     this->value = [01;31m[K_arg[m[K;
[218.953s]       |                   [01;31m[K^~~~[m[K
[219.029s] In file included from [01m[K/workspaces/bdai/bosdyn_msgs/build/bosdyn_msgs/rosidl_generator_cpp/bosdyn_msgs/msg/detail/one_of_param__struct.hpp:20[m[K,
[219.029s]                  from [01m[K/workspaces/bdai/bosdyn_msgs/build/bosdyn_msgs/rosidl_generator_cpp/bosdyn_msgs/msg/detail/custom_param_one_of_value__struct.hpp:34[m[K,
[219.029s]                  from [01m[K/workspaces/bdai/bosdyn_msgs/build/bosdyn_msgs/rosidl_generator_cpp/bosdyn_msgs/msg/detail/custom_param__struct.hpp:20[m[K,
[219.029s]                  from [01m[K/workspaces/bdai/bosdyn_msgs/build/bosdyn_msgs/rosidl_generator_cpp/bosdyn_msgs/msg/detail/key_string_value_bosdyn_msgs_custom_param__struct.hpp:20[m[K,
[219.030s]                  from [01m[K/workspaces/bdai/bosdyn_msgs/build/bosdyn_msgs/rosidl_generator_cpp/bosdyn_msgs/msg/detail/dict_param__struct.hpp:20[m[K,
[219.030s]                  from [01m[K/workspaces/bdai/bosdyn_msgs/build/bosdyn_msgs/rosidl_generator_cpp/bosdyn_msgs/msg/detail/image_request__struct.hpp:24[m[K,
[219.030s]                  from [01m[K/workspaces/bdai/bosdyn_msgs/build/bosdyn_msgs/rosidl_generator_cpp/bosdyn_msgs/msg/detail/image_source_capture__struct.hpp:20[m[K,
[219.030s]                  from [01m[K/workspaces/bdai/bosdyn_msgs/build/bosdyn_msgs/rosidl_generator_cpp/bosdyn_msgs/msg/detail/acquisition_request_list__struct.hpp:20[m[K,
[219.030s]                  from [01m[K/workspaces/bdai/bosdyn_msgs/build/bosdyn_msgs/rosidl_generator_cpp/bosdyn_msgs/msg/detail/acquire_data_request__struct.hpp:26[m[K,
[219.030s]                  from [01m[K/workspaces/bdai/bosdyn_msgs/build/bosdyn_msgs/rosidl_typesupport_fastrtps_cpp/bosdyn_msgs/msg/detail/acquire_data_request__rosidl_typesupport_fastrtps_cpp.hpp:11[m[K,
[219.030s]                  from [01m[K/workspaces/bdai/bosdyn_msgs/build/bosdyn_msgs/rosidl_typesupport_fastrtps_cpp/bosdyn_msgs/msg/detail/dds_fastrtps/acquire_data_request__type_support.cpp:4[m[K:
[219.031s] [01m[K/workspaces/bdai/bosdyn_msgs/build/bosdyn_msgs/rosidl_generator_cpp/bosdyn_msgs/msg/detail/key_string_value_bosdyn_msgs_dict_param__struct.hpp:66:23:[m[K [01;31m[Kerror: [m[Kâ€˜[01m[KDictParam_[m[Kâ€™ in namespace â€˜[01m[Kbosdyn_msgs::msg[m[Kâ€™ does not name a template type; did you mean â€˜[01m[KListParam_[m[Kâ€™?
[219.031s]    66 |     bosdyn_msgs::msg::[01;31m[KDictParam_[m[K<ContainerAllocator>;
[219.031s]       |                       [01;31m[K^~~~~~~~~~[m[K
[219.031s]       |                       [32m[KListParam_[m[K
[219.031s] [01m[K/workspaces/bdai/bosdyn_msgs/build/bosdyn_msgs/rosidl_generator_cpp/bosdyn_msgs/msg/detail/key_string_value_bosdyn_msgs_dict_param__struct.hpp:67:3:[m[K [01;31m[Kerror: [m[Kâ€˜[01m[K_value_type[m[Kâ€™ does not name a type
[219.032s]    67 |   [01;31m[K_value_type[m[K value;
[219.032s]       |   [01;31m[K^~~~~~~~~~~[m[K
[219.032s] [01m[K/workspaces/bdai/bosdyn_msgs/build/bosdyn_msgs/rosidl_generator_cpp/bosdyn_msgs/msg/detail/key_string_value_bosdyn_msgs_dict_param__struct.hpp:77:29:[m[K [01;31m[Kerror: [m[Kâ€˜[01m[KDictParam_[m[Kâ€™ in namespace â€˜[01m[Kbosdyn_msgs::msg[m[Kâ€™ does not name a template type; did you mean â€˜[01m[KListParam_[m[Kâ€™?
[219.032s]    77 |     const bosdyn_msgs::msg::[01;31m[KDictParam_[m[K<ContainerAllocator> & _arg)
[219.032s]       |                             [01;31m[K^~~~~~~~~~[m[K
[219.033s]       |                             [32m[KListParam_[m[K
[219.033s] [01m[K/workspaces/bdai/bosdyn_msgs/build/bosdyn_msgs/rosidl_generator_cpp/bosdyn_msgs/msg/detail/key_string_value_bosdyn_msgs_dict_param__struct.hpp:77:39:[m[K [01;31m[Kerror: [m[Kexpected â€˜[01m[K,[m[Kâ€™ or â€˜[01m[K...[m[Kâ€™ before â€˜[01m[K<[m[Kâ€™ token
[219.033s]    77 |     const bosdyn_msgs::msg::DictParam_[01;31m[K<[m[KContainerAllocator> & _arg)
[219.033s]       |                                       [01;31m[K^[m[K
[219.033s] [01m[K/workspaces/bdai/bosdyn_msgs/build/bosdyn_msgs/rosidl_generator_cpp/bosdyn_msgs/msg/detail/key_string_value_bosdyn_msgs_dict_param__struct.hpp:[m[K In constructor â€˜[01m[Kbosdyn_msgs::msg::KeyStringValueBosdynMsgsDictParam_<ContainerAllocator>::KeyStringValueBosdynMsgsDictParam_(rosidl_runtime_cpp::MessageInitialization)[m[Kâ€™:
[219.033s] [01m[K/workspaces/bdai/bosdyn_msgs/build/bosdyn_msgs/rosidl_generator_cpp/bosdyn_msgs/msg/detail/key_string_value_bosdyn_msgs_dict_param__struct.hpp:41:5:[m[K [01;31m[Kerror: [m[Kclass â€˜[01m[Kbosdyn_msgs::msg::KeyStringValueBosdynMsgsDictParam_<ContainerAllocator>[m[Kâ€™ does not have any field named â€˜[01m[Kvalue[m[Kâ€™
[219.033s]    41 |   : [01;31m[Kvalue[m[K(_init)
[219.034s]       |     [01;31m[K^~~~~[m[K
[219.034s] [01m[K/workspaces/bdai/bosdyn_msgs/build/bosdyn_msgs/rosidl_generator_cpp/bosdyn_msgs/msg/detail/key_string_value_bosdyn_msgs_dict_param__struct.hpp:[m[K In constructor â€˜[01m[Kbosdyn_msgs::msg::KeyStringValueBosdynMsgsDictParam_<ContainerAllocator>::KeyStringValueBosdynMsgsDictParam_(const ContainerAllocator&, rosidl_runtime_cpp::MessageInitialization)[m[Kâ€™:
[219.034s] [01m[K/workspaces/bdai/bosdyn_msgs/build/bosdyn_msgs/rosidl_generator_cpp/bosdyn_msgs/msg/detail/key_string_value_bosdyn_msgs_dict_param__struct.hpp:52:5:[m[K [01;31m[Kerror: [m[Kclass â€˜[01m[Kbosdyn_msgs::msg::KeyStringValueBosdynMsgsDictParam_<ContainerAllocator>[m[Kâ€™ does not have any field named â€˜[01m[Kvalue[m[Kâ€™
[219.034s]    52 |     [01;31m[Kvalue[m[K(_alloc, _init)
[219.034s]       |     [01;31m[K^~~~~[m[K
[219.038s] [01m[K/workspaces/bdai/bosdyn_msgs/build/bosdyn_msgs/rosidl_generator_cpp/bosdyn_msgs/msg/detail/key_string_value_bosdyn_msgs_dict_param__struct.hpp:[m[K In member function â€˜[01m[Kbosdyn_msgs::msg::KeyStringValueBosdynMsgsDictParam_<ContainerAllocator>::Type& bosdyn_msgs::msg::KeyStringValueBosdynMsgsDictParam_<ContainerAllocator>::set__value(int)[m[Kâ€™:
[219.038s] [01m[K/workspaces/bdai/bosdyn_msgs/build/bosdyn_msgs/rosidl_generator_cpp/bosdyn_msgs/msg/detail/key_string_value_bosdyn_msgs_dict_param__struct.hpp:79:19:[m[K [01;31m[Kerror: [m[Kâ€˜[01m[K_arg[m[Kâ€™ was not declared in this scope
[219.038s]    79 |     this->value = [01;31m[K_arg[m[K;
[219.038s]       |                   [01;31m[K^~~~[m[K
[219.039s] In file included from [01m[K/workspaces/bdai/bosdyn_msgs/build/bosdyn_msgs/rosidl_generator_cpp/bosdyn_msgs/msg/detail/one_of_param__struct.hpp:20[m[K,
[219.039s]                  from [01m[K/workspaces/bdai/bosdyn_msgs/build/bosdyn_msgs/rosidl_generator_cpp/bosdyn_msgs/msg/detail/custom_param_one_of_value__struct.hpp:34[m[K,
[219.039s]                  from [01m[K/workspaces/bdai/bosdyn_msgs/build/bosdyn_msgs/rosidl_generator_cpp/bosdyn_msgs/msg/detail/custom_param__struct.hpp:20[m[K,
[219.039s]                  from [01m[K/workspaces/bdai/bosdyn_msgs/build/bosdyn_msgs/rosidl_generator_cpp/bosdyn_msgs/msg/detail/key_string_value_bosdyn_msgs_custom_param__struct.hpp:20[m[K,
[219.039s]                  from [01m[K/workspaces/bdai/bosdyn_msgs/build/bosdyn_msgs/rosidl_generator_cpp/bosdyn_msgs/msg/detail/dict_param__struct.hpp:20[m[K,
[219.040s]                  from [01m[K/workspaces/bdai/bosdyn_msgs/build/bosdyn_msgs/rosidl_generator_cpp/bosdyn_msgs/msg/detail/image_request__struct.hpp:24[m[K,
[219.040s]                  from [01m[K/workspaces/bdai/bosdyn_msgs/build/bosdyn_msgs/rosidl_generator_cpp/bosdyn_msgs/msg/detail/image_source_capture__struct.hpp:20[m[K,
[219.040s]                  from [01m[K/workspaces/bdai/bosdyn_msgs/build/bosdyn_msgs/rosidl_generator_cpp/bosdyn_msgs/msg/detail/acquisition_request_list__struct.hpp:20[m[K,
[219.040s]                  from [01m[K/workspaces/bdai/bosdyn_msgs/build/bosdyn_msgs/rosidl_generator_cpp/bosdyn_msgs/msg/detail/acquire_plugin_data_request__struct.hpp:28[m[K,
[219.040s]                  from [01m[K/workspaces/bdai/bosdyn_msgs/build/bosdyn_msgs/rosidl_typesupport_fastrtps_cpp/bosdyn_msgs/msg/detail/acquire_plugin_data_request__rosidl_typesupport_fastrtps_cpp.hpp:11[m[K,
[219.040s]                  from [01m[K/workspaces/bdai/bosdyn_msgs/build/bosdyn_msgs/rosidl_typesupport_fastrtps_cpp/bosdyn_msgs/msg/detail/dds_fastrtps/acquire_plugin_data_request__type_support.cpp:4[m[K:
[219.040s] [01m[K/workspaces/bdai/bosdyn_msgs/build/bosdyn_msgs/rosidl_generator_cpp/bosdyn_msgs/msg/detail/key_string_value_bosdyn_msgs_dict_param__struct.hpp:66:23:[m[K [01;31m[Kerror: [m[Kâ€˜[01m[KDictParam_[m[Kâ€™ in namespace â€˜[01m[Kbosdyn_msgs::msg[m[Kâ€™ does not name a template type; did you mean â€˜[01m[KListParam_[m[Kâ€™?
[219.041s]    66 |     bosdyn_msgs::msg::[01;31m[KDictParam_[m[K<ContainerAllocator>;
[219.041s]       |                       [01;31m[K^~~~~~~~~~[m[K
[219.041s]       |                       [32m[KListParam_[m[K
[219.042s] [01m[K/workspaces/bdai/bosdyn_msgs/build/bosdyn_msgs/rosidl_generator_cpp/bosdyn_msgs/msg/detail/key_string_value_bosdyn_msgs_dict_param__struct.hpp:67:3:[m[K [01;31m[Kerror: [m[Kâ€˜[01m[K_value_type[m[Kâ€™ does not name a type
[219.042s]    67 |   [01;31m[K_value_type[m[K value;
[219.042s]       |   [01;31m[K^~~~~~~~~~~[m[K
[219.042s] [01m[K/workspaces/bdai/bosdyn_msgs/build/bosdyn_msgs/rosidl_generator_cpp/bosdyn_msgs/msg/detail/key_string_value_bosdyn_msgs_dict_param__struct.hpp:77:29:[m[K [01;31m[Kerror: [m[Kâ€˜[01m[KDictParam_[m[Kâ€™ in namespace â€˜[01m[Kbosdyn_msgs::msg[m[Kâ€™ does not name a template type; did you mean â€˜[01m[KListParam_[m[Kâ€™?
[219.042s]    77 |     const bosdyn_msgs::msg::[01;31m[KDictParam_[m[K<ContainerAllocator> & _arg)
[219.042s]       |                             [01;31m[K^~~~~~~~~~[m[K
[219.043s]       |                             [32m[KListParam_[m[K
[219.043s] [01m[K/workspaces/bdai/bosdyn_msgs/build/bosdyn_msgs/rosidl_generator_cpp/bosdyn_msgs/msg/detail/key_string_value_bosdyn_msgs_dict_param__struct.hpp:77:39:[m[K [01;31m[Kerror: [m[Kexpected â€˜[01m[K,[m[Kâ€™ or â€˜[01m[K...[m[Kâ€™ before â€˜[01m[K<[m[Kâ€™ token
[219.043s]    77 |     const bosdyn_msgs::msg::DictParam_[01;31m[K<[m[KContainerAllocator> & _arg)
[219.043s]       |                                       [01;31m[K^[m[K
[219.043s] [01m[K/workspaces/bdai/bosdyn_msgs/build/bosdyn_msgs/rosidl_generator_cpp/bosdyn_msgs/msg/detail/key_string_value_bosdyn_msgs_dict_param__struct.hpp:[m[K In constructor â€˜[01m[Kbosdyn_msgs::msg::KeyStringValueBosdynMsgsDictParam_<ContainerAllocator>::KeyStringValueBosdynMsgsDictParam_(rosidl_runtime_cpp::MessageInitialization)[m[Kâ€™:
[219.044s] [01m[K/workspaces/bdai/bosdyn_msgs/build/bosdyn_msgs/rosidl_generator_cpp/bosdyn_msgs/msg/detail/key_string_value_bosdyn_msgs_dict_param__struct.hpp:41:5:[m[K [01;31m[Kerror: [m[Kclass â€˜[01m[Kbosdyn_msgs::msg::KeyStringValueBosdynMsgsDictParam_<ContainerAllocator>[m[Kâ€™ does not have any field named â€˜[01m[Kvalue[m[Kâ€™
[219.044s]    41 |   : [01;31m[Kvalue[m[K(_init)
[219.044s]       |     [01;31m[K^~~~~[m[K
[219.044s] [01m[K/workspaces/bdai/bosdyn_msgs/build/bosdyn_msgs/rosidl_generator_cpp/bosdyn_msgs/msg/detail/key_string_value_bosdyn_msgs_dict_param__struct.hpp:[m[K In constructor â€˜[01m[Kbosdyn_msgs::msg::KeyStringValueBosdynMsgsDictParam_<ContainerAllocator>::KeyStringValueBosdynMsgsDictParam_(const ContainerAllocator&, rosidl_runtime_cpp::MessageInitialization)[m[Kâ€™:
[219.044s] [01m[K/workspaces/bdai/bosdyn_msgs/build/bosdyn_msgs/rosidl_generator_cpp/bosdyn_msgs/msg/detail/key_string_value_bosdyn_msgs_dict_param__struct.hpp:52:5:[m[K [01;31m[Kerror: [m[Kclass â€˜[01m[Kbosdyn_msgs::msg::KeyStringValueBosdynMsgsDictParam_<ContainerAllocator>[m[Kâ€™ does not have any field named â€˜[01m[Kvalue[m[Kâ€™
[219.044s]    52 |     [01;31m[Kvalue[m[K(_alloc, _init)
[219.044s]       |     [01;31m[K^~~~~[m[K
[219.048s] [01m[K/workspaces/bdai/bosdyn_msgs/build/bosdyn_msgs/rosidl_generator_cpp/bosdyn_msgs/msg/detail/key_string_value_bosdyn_msgs_dict_param__struct.hpp:[m[K In member function â€˜[01m[Kbosdyn_msgs::msg::KeyStringValueBosdynMsgsDictParam_<ContainerAllocator>::Type& bosdyn_msgs::msg::KeyStringValueBosdynMsgsDictParam_<ContainerAllocator>::set__value(int)[m[Kâ€™:
[219.048s] [01m[K/workspaces/bdai/bosdyn_msgs/build/bosdyn_msgs/rosidl_generator_cpp/bosdyn_msgs/msg/detail/key_string_value_bosdyn_msgs_dict_param__struct.hpp:79:19:[m[K [01;31m[Kerror: [m[Kâ€˜[01m[K_arg[m[Kâ€™ was not declared in this scope
[219.049s]    79 |     this->value = [01;31m[K_arg[m[K;
[219.049s]       |                   [01;31m[K^~~~[m[K
[219.078s] In file included from [01m[K/workspaces/bdai/bosdyn_msgs/build/bosdyn_msgs/rosidl_generator_cpp/bosdyn_msgs/msg/detail/one_of_param__struct.hpp:20[m[K,
[219.078s]                  from [01m[K/workspaces/bdai/bosdyn_msgs/build/bosdyn_msgs/rosidl_generator_cpp/bosdyn_msgs/msg/detail/custom_param_one_of_value__struct.hpp:34[m[K,
[219.078s]                  from [01m[K/workspaces/bdai/bosdyn_msgs/build/bosdyn_msgs/rosidl_generator_cpp/bosdyn_msgs/msg/detail/custom_param__struct.hpp:20[m[K,
[219.078s]                  from [01m[K/workspaces/bdai/bosdyn_msgs/build/bosdyn_msgs/rosidl_generator_cpp/bosdyn_msgs/msg/detail/key_string_value_bosdyn_msgs_custom_param__struct.hpp:20[m[K,
[219.078s]                  from [01m[K/workspaces/bdai/bosdyn_msgs/build/bosdyn_msgs/rosidl_generator_cpp/bosdyn_msgs/msg/detail/dict_param__struct.hpp:20[m[K,
[219.078s]                  from [01m[K/workspaces/bdai/bosdyn_msgs/build/bosdyn_msgs/rosidl_generator_cpp/bosdyn_msgs/msg/detail/image_request__struct.hpp:24[m[K,
[219.079s]                  from [01m[K/workspaces/bdai/bosdyn_msgs/build/bosdyn_msgs/rosidl_generator_cpp/bosdyn_msgs/msg/detail/image_source_capture__struct.hpp:20[m[K,
[219.079s]                  from [01m[K/workspaces/bdai/bosdyn_msgs/build/bosdyn_msgs/rosidl_generator_cpp/bosdyn_msgs/msg/detail/acquisition_request_list__struct.hpp:20[m[K,
[219.079s]                  from [01m[K/workspaces/bdai/bosdyn_msgs/build/bosdyn_msgs/rosidl_generator_cpp/bosdyn_msgs/msg/detail/acquire_data_request__struct.hpp:26[m[K,
[219.079s]                  from [01m[K/workspaces/bdai/bosdyn_msgs/build/bosdyn_msgs/rosidl_generator_cpp/bosdyn_msgs/msg/detail/action_data_acquisition__struct.hpp:20[m[K,
[219.079s]                  from [01m[K/workspaces/bdai/bosdyn_msgs/build/bosdyn_msgs/rosidl_generator_cpp/bosdyn_msgs/msg/detail/action_one_of_action__struct.hpp:22[m[K,
[219.079s]                  from [01m[K/workspaces/bdai/bosdyn_msgs/build/bosdyn_msgs/rosidl_generator_cpp/bosdyn_msgs/msg/detail/action__struct.hpp:20[m[K,
[219.079s]                  from [01m[K/workspaces/bdai/bosdyn_msgs/build/bosdyn_msgs/rosidl_typesupport_fastrtps_cpp/bosdyn_msgs/msg/detail/action__rosidl_typesupport_fastrtps_cpp.hpp:11[m[K,
[219.080s]                  from [01m[K/workspaces/bdai/bosdyn_msgs/build/bosdyn_msgs/rosidl_typesupport_fastrtps_cpp/bosdyn_msgs/msg/detail/dds_fastrtps/action__type_support.cpp:4[m[K:
[219.080s] [01m[K/workspaces/bdai/bosdyn_msgs/build/bosdyn_msgs/rosidl_generator_cpp/bosdyn_msgs/msg/detail/key_string_value_bosdyn_msgs_dict_param__struct.hpp:66:23:[m[K [01;31m[Kerror: [m[Kâ€˜[01m[KDictParam_[m[Kâ€™ in namespace â€˜[01m[Kbosdyn_msgs::msg[m[Kâ€™ does not name a template type; did you mean â€˜[01m[KListParam_[m[Kâ€™?
[219.080s]    66 |     bosdyn_msgs::msg::[01;31m[KDictParam_[m[K<ContainerAllocator>;
[219.080s]       |                       [01;31m[K^~~~~~~~~~[m[K
[219.080s]       |                       [32m[KListParam_[m[K
[219.083s] [01m[K/workspaces/bdai/bosdyn_msgs/build/bosdyn_msgs/rosidl_generator_cpp/bosdyn_msgs/msg/detail/key_string_value_bosdyn_msgs_dict_param__struct.hpp:67:3:[m[K [01;31m[Kerror: [m[Kâ€˜[01m[K_value_type[m[Kâ€™ does not name a type
[219.084s]    67 |   [01;31m[K_value_type[m[K value;
[219.084s]       |   [01;31m[K^~~~~~~~~~~[m[K
[219.084s] [01m[K/workspaces/bdai/bosdyn_msgs/build/bosdyn_msgs/rosidl_generator_cpp/bosdyn_msgs/msg/detail/key_string_value_bosdyn_msgs_dict_param__struct.hpp:77:29:[m[K [01;31m[Kerror: [m[Kâ€˜[01m[KDictParam_[m[Kâ€™ in namespace â€˜[01m[Kbosdyn_msgs::msg[m[Kâ€™ does not name a template type; did you mean â€˜[01m[KListParam_[m[Kâ€™?
[219.085s]    77 |     const bosdyn_msgs::msg::[01;31m[KDictParam_[m[K<ContainerAllocator> & _arg)
[219.085s]       |                             [01;31m[K^~~~~~~~~~[m[K
[219.085s]       |                             [32m[KListParam_[m[K
[219.085s] [01m[K/workspaces/bdai/bosdyn_msgs/build/bosdyn_msgs/rosidl_generator_cpp/bosdyn_msgs/msg/detail/key_string_value_bosdyn_msgs_dict_param__struct.hpp:77:39:[m[K [01;31m[Kerror: [m[Kexpected â€˜[01m[K,[m[Kâ€™ or â€˜[01m[K...[m[Kâ€™ before â€˜[01m[K<[m[Kâ€™ token
[219.085s]    77 |     const bosdyn_msgs::msg::DictParam_[01;31m[K<[m[KContainerAllocator> & _arg)
[219.085s]       |                                       [01;31m[K^[m[K
[219.086s] [01m[K/workspaces/bdai/bosdyn_msgs/build/bosdyn_msgs/rosidl_generator_cpp/bosdyn_msgs/msg/detail/key_string_value_bosdyn_msgs_dict_param__struct.hpp:[m[K In constructor â€˜[01m[Kbosdyn_msgs::msg::KeyStringValueBosdynMsgsDictParam_<ContainerAllocator>::KeyStringValueBosdynMsgsDictParam_(rosidl_runtime_cpp::MessageInitialization)[m[Kâ€™:
[219.087s] [01m[K/workspaces/bdai/bosdyn_msgs/build/bosdyn_msgs/rosidl_generator_cpp/bosdyn_msgs/msg/detail/key_string_value_bosdyn_msgs_dict_param__struct.hpp:41:5:[m[K [01;31m[Kerror: [m[Kclass â€˜[01m[Kbosdyn_msgs::msg::KeyStringValueBosdynMsgsDictParam_<ContainerAllocator>[m[Kâ€™ does not have any field named â€˜[01m[Kvalue[m[Kâ€™
[219.087s]    41 |   : [01;31m[Kvalue[m[K(_init)
[219.087s]       |     [01;31m[K^~~~~[m[K
[219.087s] [01m[K/workspaces/bdai/bosdyn_msgs/build/bosdyn_msgs/rosidl_generator_cpp/bosdyn_msgs/msg/detail/key_string_value_bosdyn_msgs_dict_param__struct.hpp:[m[K In constructor â€˜[01m[Kbosdyn_msgs::msg::KeyStringValueBosdynMsgsDictParam_<ContainerAllocator>::KeyStringValueBosdynMsgsDictParam_(const ContainerAllocator&, rosidl_runtime_cpp::MessageInitialization)[m[Kâ€™:
[219.087s] [01m[K/workspaces/bdai/bosdyn_msgs/build/bosdyn_msgs/rosidl_generator_cpp/bosdyn_msgs/msg/detail/key_string_value_bosdyn_msgs_dict_param__struct.hpp:52:5:[m[K [01;31m[Kerror: [m[Kclass â€˜[01m[Kbosdyn_msgs::msg::KeyStringValueBosdynMsgsDictParam_<ContainerAllocator>[m[Kâ€™ does not have any field named â€˜[01m[Kvalue[m[Kâ€™
[219.088s]    52 |     [01;31m[Kvalue[m[K(_alloc, _init)
[219.088s]       |     [01;31m[K^~~~~[m[K
[219.093s] [01m[K/workspaces/bdai/bosdyn_msgs/build/bosdyn_msgs/rosidl_generator_cpp/bosdyn_msgs/msg/detail/key_string_value_bosdyn_msgs_dict_param__struct.hpp:[m[K In member function â€˜[01m[Kbosdyn_msgs::msg::KeyStringValueBosdynMsgsDictParam_<ContainerAllocator>::Type& bosdyn_msgs::msg::KeyStringValueBosdynMsgsDictParam_<ContainerAllocator>::set__value(int)[m[Kâ€™:
[219.094s] [01m[K/workspaces/bdai/bosdyn_msgs/build/bosdyn_msgs/rosidl_generator_cpp/bosdyn_msgs/msg/detail/key_string_value_bosdyn_msgs_dict_param__struct.hpp:79:19:[m[K [01;31m[Kerror: [m[Kâ€˜[01m[K_arg[m[Kâ€™ was not declared in this scope
[219.094s]    79 |     this->value = [01;31m[K_arg[m[K;
[219.094s]       |                   [01;31m[K^~~~[m[K
[219.372s] [  0%] [32mBuilding CXX object CMakeFiles/bosdyn_msgs__rosidl_typesupport_fastrtps_cpp.dir/rosidl_typesupport_fastrtps_cpp/bosdyn_msgs/msg/detail/dds_fastrtps/action_after_lease_stale__type_support.cpp.o[0m
[219.471s] [  0%] [32mBuilding CXX object CMakeFiles/bosdyn_msgs__rosidl_typesupport_fastrtps_cpp.dir/rosidl_typesupport_fastrtps_cpp/bosdyn_msgs/msg/detail/dds_fastrtps/action_data_acquisition__type_support.cpp.o[0m
[219.476s] [  0%] [32mBuilding CXX object CMakeFiles/bosdyn_msgs__rosidl_typesupport_fastrtps_cpp.dir/rosidl_typesupport_fastrtps_cpp/bosdyn_msgs/msg/detail/dds_fastrtps/action_id_query__type_support.cpp.o[0m
[219.479s] [  0%] [32mBuilding CXX object CMakeFiles/bosdyn_msgs__rosidl_typesupport_fastrtps_cpp.dir/rosidl_typesupport_fastrtps_cpp/bosdyn_msgs/msg/detail/dds_fastrtps/action_after_one_of_action__type_support.cpp.o[0m
[219.481s] [  0%] [32mBuilding CXX object CMakeFiles/bosdyn_msgs__rosidl_typesupport_fastrtps_cpp.dir/rosidl_typesupport_fastrtps_cpp/bosdyn_msgs/msg/detail/dds_fastrtps/action_after_record_event__type_support.cpp.o[0m
[219.497s] [  0%] [32mBuilding CXX object CMakeFiles/bosdyn_msgs__rosidl_typesupport_fastrtps_cpp.dir/rosidl_typesupport_fastrtps_cpp/bosdyn_msgs/msg/detail/dds_fastrtps/action_one_of_action__type_support.cpp.o[0m
[219.519s] [  0%] [32mBuilding CXX object CMakeFiles/bosdyn_msgs__rosidl_typesupport_fastrtps_cpp.dir/rosidl_typesupport_fastrtps_cpp/bosdyn_msgs/msg/detail/dds_fastrtps/action_remote_grpc__type_support.cpp.o[0m
[219.528s] gmake[2]: *** [CMakeFiles/bosdyn_msgs__rosidl_typesupport_fastrtps_cpp.dir/build.make:9546: CMakeFiles/bosdyn_msgs__rosidl_typesupport_fastrtps_cpp.dir/rosidl_typesupport_fastrtps_cpp/bosdyn_msgs/msg/detail/dds_fastrtps/acquire_data_request__type_support.cpp.o] Error 1
[219.528s] gmake[2]: *** Waiting for unfinished jobs....
[219.547s] [  0%] [32mBuilding CXX object CMakeFiles/bosdyn_msgs__rosidl_typesupport_fastrtps_cpp.dir/rosidl_typesupport_fastrtps_cpp/bosdyn_msgs/msg/detail/dds_fastrtps/action_sleep__type_support.cpp.o[0m
[219.589s] gmake[2]: *** [CMakeFiles/bosdyn_msgs__rosidl_typesupport_fastrtps_cpp.dir/build.make:9630: CMakeFiles/bosdyn_msgs__rosidl_typesupport_fastrtps_cpp.dir/rosidl_typesupport_fastrtps_cpp/bosdyn_msgs/msg/detail/dds_fastrtps/acquire_plugin_data_request__type_support.cpp.o] Error 1
[219.600s] gmake[2]: *** [CMakeFiles/bosdyn_msgs__rosidl_typesupport_fastrtps_cpp.dir/build.make:9700: CMakeFiles/bosdyn_msgs__rosidl_typesupport_fastrtps_cpp.dir/rosidl_typesupport_fastrtps_cpp/bosdyn_msgs/msg/detail/dds_fastrtps/action__type_support.cpp.o] Error 1
[219.775s] gmake[2]: *** [CMakeFiles/bosdyn_msgs__rosidl_typesupport_fastrtps_cpp.dir/build.make:9686: CMakeFiles/bosdyn_msgs__rosidl_typesupport_fastrtps_cpp.dir/rosidl_typesupport_fastrtps_cpp/bosdyn_msgs/msg/detail/dds_fastrtps/acquisition_request_list__type_support.cpp.o] Error 1
[219.973s] In file included from [01m[K/workspaces/bdai/bosdyn_msgs/build/bosdyn_msgs/rosidl_generator_cpp/bosdyn_msgs/msg/detail/one_of_param__struct.hpp:20[m[K,
[219.973s]                  from [01m[K/workspaces/bdai/bosdyn_msgs/build/bosdyn_msgs/rosidl_generator_cpp/bosdyn_msgs/msg/detail/custom_param_one_of_value__struct.hpp:34[m[K,
[219.973s]                  from [01m[K/workspaces/bdai/bosdyn_msgs/build/bosdyn_msgs/rosidl_generator_cpp/bosdyn_msgs/msg/detail/custom_param__struct.hpp:20[m[K,
[219.974s]                  from [01m[K/workspaces/bdai/bosdyn_msgs/build/bosdyn_msgs/rosidl_generator_cpp/bosdyn_msgs/msg/detail/key_string_value_bosdyn_msgs_custom_param__struct.hpp:20[m[K,
[219.974s]                  from [01m[K/workspaces/bdai/bosdyn_msgs/build/bosdyn_msgs/rosidl_generator_cpp/bosdyn_msgs/msg/detail/dict_param__struct.hpp:20[m[K,
[219.974s]                  from [01m[K/workspaces/bdai/bosdyn_msgs/build/bosdyn_msgs/rosidl_generator_cpp/bosdyn_msgs/msg/detail/image_request__struct.hpp:24[m[K,
[219.975s]                  from [01m[K/workspaces/bdai/bosdyn_msgs/build/bosdyn_msgs/rosidl_generator_cpp/bosdyn_msgs/msg/detail/image_source_capture__struct.hpp:20[m[K,
[219.975s]                  from [01m[K/workspaces/bdai/bosdyn_msgs/build/bosdyn_msgs/rosidl_generator_cpp/bosdyn_msgs/msg/detail/acquisition_request_list__struct.hpp:20[m[K,
[219.975s]                  from [01m[K/workspaces/bdai/bosdyn_msgs/build/bosdyn_msgs/rosidl_generator_cpp/bosdyn_msgs/msg/detail/acquire_data_request__struct.hpp:26[m[K,
[219.976s]                  from [01m[K/workspaces/bdai/bosdyn_msgs/build/bosdyn_msgs/rosidl_generator_cpp/bosdyn_msgs/msg/detail/action_data_acquisition__struct.hpp:20[m[K,
[219.976s]                  from [01m[K/workspaces/bdai/bosdyn_msgs/build/bosdyn_msgs/rosidl_typesupport_fastrtps_cpp/bosdyn_msgs/msg/detail/action_data_acquisition__rosidl_typesupport_fastrtps_cpp.hpp:11[m[K,
[219.977s]                  from [01m[K/workspaces/bdai/bosdyn_msgs/build/bosdyn_msgs/rosidl_typesupport_fastrtps_cpp/bosdyn_msgs/msg/detail/dds_fastrtps/action_data_acquisition__type_support.cpp:4[m[K:
[219.977s] [01m[K/workspaces/bdai/bosdyn_msgs/build/bosdyn_msgs/rosidl_generator_cpp/bosdyn_msgs/msg/detail/key_string_value_bosdyn_msgs_dict_param__struct.hpp:66:23:[m[K [01;31m[Kerror: [m[Kâ€˜[01m[KDictParam_[m[Kâ€™ in namespace â€˜[01m[Kbosdyn_msgs::msg[m[Kâ€™ does not name a template type; did you mean â€˜[01m[KListParam_[m[Kâ€™?
[219.977s]    66 |     bosdyn_msgs::msg::[01;31m[KDictParam_[m[K<ContainerAllocator>;
[219.977s]       |                       [01;31m[K^~~~~~~~~~[m[K
[219.977s]       |                       [32m[KListParam_[m[K
[219.978s] [01m[K/workspaces/bdai/bosdyn_msgs/build/bosdyn_msgs/rosidl_generator_cpp/bosdyn_msgs/msg/detail/key_string_value_bosdyn_msgs_dict_param__struct.hpp:67:3:[m[K [01;31m[Kerror: [m[Kâ€˜[01m[K_value_type[m[Kâ€™ does not name a type
[219.978s]    67 |   [01;31m[K_value_type[m[K value;
[219.978s]       |   [01;31m[K^~~~~~~~~~~[m[K
[219.978s] [01m[K/workspaces/bdai/bosdyn_msgs/build/bosdyn_msgs/rosidl_generator_cpp/bosdyn_msgs/msg/detail/key_string_value_bosdyn_msgs_dict_param__struct.hpp:77:29:[m[K [01;31m[Kerror: [m[Kâ€˜[01m[KDictParam_[m[Kâ€™ in namespace â€˜[01m[Kbosdyn_msgs::msg[m[Kâ€™ does not name a template type; did you mean â€˜[01m[KListParam_[m[Kâ€™?
[219.979s]    77 |     const bosdyn_msgs::msg::[01;31m[KDictParam_[m[K<ContainerAllocator> & _arg)
[219.979s]       |                             [01;31m[K^~~~~~~~~~[m[K
[219.979s]       |                             [32m[KListParam_[m[K
[219.979s] [01m[K/workspaces/bdai/bosdyn_msgs/build/bosdyn_msgs/rosidl_generator_cpp/bosdyn_msgs/msg/detail/key_string_value_bosdyn_msgs_dict_param__struct.hpp:77:39:[m[K [01;31m[Kerror: [m[Kexpected â€˜[01m[K,[m[Kâ€™ or â€˜[01m[K...[m[Kâ€™ before â€˜[01m[K<[m[Kâ€™ token
[219.979s]    77 |     const bosdyn_msgs::msg::DictParam_[01;31m[K<[m[KContainerAllocator> & _arg)
[219.980s]       |                                       [01;31m[K^[m[K
[219.980s] [01m[K/workspaces/bdai/bosdyn_msgs/build/bosdyn_msgs/rosidl_generator_cpp/bosdyn_msgs/msg/detail/key_string_value_bosdyn_msgs_dict_param__struct.hpp:[m[K In constructor â€˜[01m[Kbosdyn_msgs::msg::KeyStringValueBosdynMsgsDictParam_<ContainerAllocator>::KeyStringValueBosdynMsgsDictParam_(rosidl_runtime_cpp::MessageInitialization)[m[Kâ€™:
[219.980s] [01m[K/workspaces/bdai/bosdyn_msgs/build/bosdyn_msgs/rosidl_generator_cpp/bosdyn_msgs/msg/detail/key_string_value_bosdyn_msgs_dict_param__struct.hpp:41:5:[m[K [01;31m[Kerror: [m[Kclass â€˜[01m[Kbosdyn_msgs::msg::KeyStringValueBosdynMsgsDictParam_<ContainerAllocator>[m[Kâ€™ does not have any field named â€˜[01m[Kvalue[m[Kâ€™
[219.980s]    41 |   : [01;31m[Kvalue[m[K(_init)
[219.981s]       |     [01;31m[K^~~~~[m[K
[219.981s] [01m[K/workspaces/bdai/bosdyn_msgs/build/bosdyn_msgs/rosidl_generator_cpp/bosdyn_msgs/msg/detail/key_string_value_bosdyn_msgs_dict_param__struct.hpp:[m[K In constructor â€˜[01m[Kbosdyn_msgs::msg::KeyStringValueBosdynMsgsDictParam_<ContainerAllocator>::KeyStringValueBosdynMsgsDictParam_(const ContainerAllocator&, rosidl_runtime_cpp::MessageInitialization)[m[Kâ€™:
[219.981s] [01m[K/workspaces/bdai/bosdyn_msgs/build/bosdyn_msgs/rosidl_generator_cpp/bosdyn_msgs/msg/detail/key_string_value_bosdyn_msgs_dict_param__struct.hpp:52:5:[m[K [01;31m[Kerror: [m[Kclass â€˜[01m[Kbosdyn_msgs::msg::KeyStringValueBosdynMsgsDictParam_<ContainerAllocator>[m[Kâ€™ does not have any field named â€˜[01m[Kvalue[m[Kâ€™
[219.981s]    52 |     [01;31m[Kvalue[m[K(_alloc, _init)
[219.981s]       |     [01;31m[K^~~~~[m[K
[219.981s] [01m[K/workspaces/bdai/bosdyn_msgs/build/bosdyn_msgs/rosidl_generator_cpp/bosdyn_msgs/msg/detail/key_string_value_bosdyn_msgs_dict_param__struct.hpp:[m[K In member function â€˜[01m[Kbosdyn_msgs::msg::KeyStringValueBosdynMsgsDictParam_<ContainerAllocator>::Type& bosdyn_msgs::msg::KeyStringValueBosdynMsgsDictParam_<ContainerAllocator>::set__value(int)[m[Kâ€™:
[219.982s] [01m[K/workspaces/bdai/bosdyn_msgs/build/bosdyn_msgs/rosidl_generator_cpp/bosdyn_msgs/msg/detail/key_string_value_bosdyn_msgs_dict_param__struct.hpp:79:19:[m[K [01;31m[Kerror: [m[Kâ€˜[01m[K_arg[m[Kâ€™ was not declared in this scope
[219.982s]    79 |     this->value = [01;31m[K_arg[m[K;
[219.982s]       |                   [01;31m[K^~~~[m[K
[220.023s] In file included from [01m[K/workspaces/bdai/bosdyn_msgs/build/bosdyn_msgs/rosidl_generator_cpp/bosdyn_msgs/msg/detail/one_of_param__struct.hpp:20[m[K,
[220.024s]                  from [01m[K/workspaces/bdai/bosdyn_msgs/build/bosdyn_msgs/rosidl_generator_cpp/bosdyn_msgs/msg/detail/custom_param_one_of_value__struct.hpp:34[m[K,
[220.024s]                  from [01m[K/workspaces/bdai/bosdyn_msgs/build/bosdyn_msgs/rosidl_generator_cpp/bosdyn_msgs/msg/detail/custom_param__struct.hpp:20[m[K,
[220.024s]                  from [01m[K/workspaces/bdai/bosdyn_msgs/build/bosdyn_msgs/rosidl_generator_cpp/bosdyn_msgs/msg/detail/key_string_value_bosdyn_msgs_custom_param__struct.hpp:20[m[K,
[220.024s]                  from [01m[K/workspaces/bdai/bosdyn_msgs/build/bosdyn_msgs/rosidl_generator_cpp/bosdyn_msgs/msg/detail/dict_param__struct.hpp:20[m[K,
[220.024s]                  from [01m[K/workspaces/bdai/bosdyn_msgs/build/bosdyn_msgs/rosidl_generator_cpp/bosdyn_msgs/msg/detail/image_request__struct.hpp:24[m[K,
[220.024s]                  from [01m[K/workspaces/bdai/bosdyn_msgs/build/bosdyn_msgs/rosidl_generator_cpp/bosdyn_msgs/msg/detail/image_source_capture__struct.hpp:20[m[K,
[220.024s]                  from [01m[K/workspaces/bdai/bosdyn_msgs/build/bosdyn_msgs/rosidl_generator_cpp/bosdyn_msgs/msg/detail/acquisition_request_list__struct.hpp:20[m[K,
[220.025s]                  from [01m[K/workspaces/bdai/bosdyn_msgs/build/bosdyn_msgs/rosidl_generator_cpp/bosdyn_msgs/msg/detail/acquire_data_request__struct.hpp:26[m[K,
[220.025s]                  from [01m[K/workspaces/bdai/bosdyn_msgs/build/bosdyn_msgs/rosidl_generator_cpp/bosdyn_msgs/msg/detail/action_data_acquisition__struct.hpp:20[m[K,
[220.025s]                  from [01m[K/workspaces/bdai/bosdyn_msgs/build/bosdyn_msgs/rosidl_generator_cpp/bosdyn_msgs/msg/detail/action_one_of_action__struct.hpp:22[m[K,
[220.025s]                  from [01m[K/workspaces/bdai/bosdyn_msgs/build/bosdyn_msgs/rosidl_typesupport_fastrtps_cpp/bosdyn_msgs/msg/detail/action_one_of_action__rosidl_typesupport_fastrtps_cpp.hpp:11[m[K,
[220.025s]                  from [01m[K/workspaces/bdai/bosdyn_msgs/build/bosdyn_msgs/rosidl_typesupport_fastrtps_cpp/bosdyn_msgs/msg/detail/dds_fastrtps/action_one_of_action__type_support.cpp:4[m[K:
[220.025s] [01m[K/workspaces/bdai/bosdyn_msgs/build/bosdyn_msgs/rosidl_generator_cpp/bosdyn_msgs/msg/detail/key_string_value_bosdyn_msgs_dict_param__struct.hpp:66:23:[m[K [01;31m[Kerror: [m[Kâ€˜[01m[KDictParam_[m[Kâ€™ in namespace â€˜[01m[Kbosdyn_msgs::msg[m[Kâ€™ does not name a template type; did you mean â€˜[01m[KListParam_[m[Kâ€™?
[220.025s]    66 |     bosdyn_msgs::msg::[01;31m[KDictParam_[m[K<ContainerAllocator>;
[220.026s]       |                       [01;31m[K^~~~~~~~~~[m[K
[220.026s]       |                       [32m[KListParam_[m[K
[220.026s] [01m[K/workspaces/bdai/bosdyn_msgs/build/bosdyn_msgs/rosidl_generator_cpp/bosdyn_msgs/msg/detail/key_string_value_bosdyn_msgs_dict_param__struct.hpp:67:3:[m[K [01;31m[Kerror: [m[Kâ€˜[01m[K_value_type[m[Kâ€™ does not name a type
[220.027s]    67 |   [01;31m[K_value_type[m[K value;
[220.027s]       |   [01;31m[K^~~~~~~~~~~[m[K
[220.027s] [01m[K/workspaces/bdai/bosdyn_msgs/build/bosdyn_msgs/rosidl_generator_cpp/bosdyn_msgs/msg/detail/key_string_value_bosdyn_msgs_dict_param__struct.hpp:77:29:[m[K [01;31m[Kerror: [m[Kâ€˜[01m[KDictParam_[m[Kâ€™ in namespace â€˜[01m[Kbosdyn_msgs::msg[m[Kâ€™ does not name a template type; did you mean â€˜[01m[KListParam_[m[Kâ€™?
[220.027s]    77 |     const bosdyn_msgs::msg::[01;31m[KDictParam_[m[K<ContainerAllocator> & _arg)
[220.027s]       |                             [01;31m[K^~~~~~~~~~[m[K
[220.028s]       |                             [32m[KListParam_[m[K
[220.028s] [01m[K/workspaces/bdai/bosdyn_msgs/build/bosdyn_msgs/rosidl_generator_cpp/bosdyn_msgs/msg/detail/key_string_value_bosdyn_msgs_dict_param__struct.hpp:77:39:[m[K [01;31m[Kerror: [m[Kexpected â€˜[01m[K,[m[Kâ€™ or â€˜[01m[K...[m[Kâ€™ before â€˜[01m[K<[m[Kâ€™ token
[220.028s]    77 |     const bosdyn_msgs::msg::DictParam_[01;31m[K<[m[KContainerAllocator> & _arg)
[220.029s]       |                                       [01;31m[K^[m[K
[220.029s] [01m[K/workspaces/bdai/bosdyn_msgs/build/bosdyn_msgs/rosidl_generator_cpp/bosdyn_msgs/msg/detail/key_string_value_bosdyn_msgs_dict_param__struct.hpp:[m[K In constructor â€˜[01m[Kbosdyn_msgs::msg::KeyStringValueBosdynMsgsDictParam_<ContainerAllocator>::KeyStringValueBosdynMsgsDictParam_(rosidl_runtime_cpp::MessageInitialization)[m[Kâ€™:
[220.029s] [01m[K/workspaces/bdai/bosdyn_msgs/build/bosdyn_msgs/rosidl_generator_cpp/bosdyn_msgs/msg/detail/key_string_value_bosdyn_msgs_dict_param__struct.hpp:41:5:[m[K [01;31m[Kerror: [m[Kclass â€˜[01m[Kbosdyn_msgs::msg::KeyStringValueBosdynMsgsDictParam_<ContainerAllocator>[m[Kâ€™ does not have any field named â€˜[01m[Kvalue[m[Kâ€™
[220.029s]    41 |   : [01;31m[Kvalue[m[K(_init)
[220.029s]       |     [01;31m[K^~~~~[m[K
[220.030s] [01m[K/workspaces/bdai/bosdyn_msgs/build/bosdyn_msgs/rosidl_generator_cpp/bosdyn_msgs/msg/detail/key_string_value_bosdyn_msgs_dict_param__struct.hpp:[m[K In constructor â€˜[01m[Kbosdyn_msgs::msg::KeyStringValueBosdynMsgsDictParam_<ContainerAllocator>::KeyStringValueBosdynMsgsDictParam_(const ContainerAllocator&, rosidl_runtime_cpp::MessageInitialization)[m[Kâ€™:
[220.030s] [01m[K/workspaces/bdai/bosdyn_msgs/build/bosdyn_msgs/rosidl_generator_cpp/bosdyn_msgs/msg/detail/key_string_value_bosdyn_msgs_dict_param__struct.hpp:52:5:[m[K [01;31m[Kerror: [m[Kclass â€˜[01m[Kbosdyn_msgs::msg::KeyStringValueBosdynMsgsDictParam_<ContainerAllocator>[m[Kâ€™ does not have any field named â€˜[01m[Kvalue[m[Kâ€™
[220.030s]    52 |     [01;31m[Kvalue[m[K(_alloc, _init)
[220.031s]       |     [01;31m[K^~~~~[m[K
[220.031s] In file included from [01m[K/workspaces/bdai/bosdyn_msgs/build/bosdyn_msgs/rosidl_generator_cpp/bosdyn_msgs/msg/detail/one_of_param__struct.hpp:20[m[K,
[220.031s]                  from [01m[K/workspaces/bdai/bosdyn_msgs/build/bosdyn_msgs/rosidl_generator_cpp/bosdyn_msgs/msg/detail/custom_param_one_of_value__struct.hpp:34[m[K,
[220.031s]                  from [01m[K/workspaces/bdai/bosdyn_msgs/build/bosdyn_msgs/rosidl_generator_cpp/bosdyn_msgs/msg/detail/custom_param__struct.hpp:20[m[K,
[220.031s]                  from [01m[K/workspaces/bdai/bosdyn_msgs/build/bosdyn_msgs/rosidl_generator_cpp/bosdyn_msgs/msg/detail/key_string_value_bosdyn_msgs_custom_param__struct.hpp:20[m[K,
[220.031s]                  from [01m[K/workspaces/bdai/bosdyn_msgs/build/bosdyn_msgs/rosidl_generator_cpp/bosdyn_msgs/msg/detail/dict_param__struct.hpp:20[m[K,
[220.032s]                  from [01m[K/workspaces/bdai/bosdyn_msgs/build/bosdyn_msgs/rosidl_generator_cpp/bosdyn_msgs/msg/detail/custom_param_collection__struct.hpp:22[m[K,
[220.032s]                  from [01m[K/workspaces/bdai/bosdyn_msgs/build/bosdyn_msgs/rosidl_generator_cpp/bosdyn_msgs/msg/detail/action_remote_grpc__struct.hpp:22[m[K,
[220.032s]                  from [01m[K/workspaces/bdai/bosdyn_msgs/build/bosdyn_msgs/rosidl_typesupport_fastrtps_cpp/bosdyn_msgs/msg/detail/action_remote_grpc__rosidl_typesupport_fastrtps_cpp.hpp:11[m[K,
[220.033s]                  from [01m[K/workspaces/bdai/bosdyn_msgs/build/bosdyn_msgs/rosidl_typesupport_fastrtps_cpp/bosdyn_msgs/msg/detail/dds_fastrtps/action_remote_grpc__type_support.cpp:4[m[K:
[220.033s] [01m[K/workspaces/bdai/bosdyn_msgs/build/bosdyn_msgs/rosidl_generator_cpp/bosdyn_msgs/msg/detail/key_string_value_bosdyn_msgs_dict_param__struct.hpp:66:23:[m[K [01;31m[Kerror: [m[Kâ€˜[01m[KDictParam_[m[Kâ€™ in namespace â€˜[01m[Kbosdyn_msgs::msg[m[Kâ€™ does not name a template type; did you mean â€˜[01m[KListParam_[m[Kâ€™?
[220.033s]    66 |     bosdyn_msgs::msg::[01;31m[KDictParam_[m[K<ContainerAllocator>;
[220.033s]       |                       [01;31m[K^~~~~~~~~~[m[K
[220.034s]       |                       [32m[KListParam_[m[K
[220.034s] [01m[K/workspaces/bdai/bosdyn_msgs/build/bosdyn_msgs/rosidl_generator_cpp/bosdyn_msgs/msg/detail/key_string_value_bosdyn_msgs_dict_param__struct.hpp:67:3:[m[K [01;31m[Kerror: [m[Kâ€˜[01m[K_value_type[m[Kâ€™ does not name a type
[220.034s]    67 |   [01;31m[K_value_type[m[K value;
[220.034s]       |   [01;31m[K^~~~~~~~~~~[m[K
[220.034s] [01m[K/workspaces/bdai/bosdyn_msgs/build/bosdyn_msgs/rosidl_generator_cpp/bosdyn_msgs/msg/detail/key_string_value_bosdyn_msgs_dict_param__struct.hpp:77:29:[m[K [01;31m[Kerror: [m[Kâ€˜[01m[KDictParam_[m[Kâ€™ in namespace â€˜[01m[Kbosdyn_msgs::msg[m[Kâ€™ does not name a template type; did you mean â€˜[01m[KListParam_[m[Kâ€™?
[220.035s]    77 |     const bosdyn_msgs::msg::[01;31m[KDictParam_[m[K<ContainerAllocator> & _arg)
[220.035s]       |                             [01;31m[K^~~~~~~~~~[m[K
[220.035s]       |                             [32m[KListParam_[m[K
[220.035s] [01m[K/workspaces/bdai/bosdyn_msgs/build/bosdyn_msgs/rosidl_generator_cpp/bosdyn_msgs/msg/detail/key_string_value_bosdyn_msgs_dict_param__struct.hpp:77:39:[m[K [01;31m[Kerror: [m[Kexpected â€˜[01m[K,[m[Kâ€™ or â€˜[01m[K...[m[Kâ€™ before â€˜[01m[K<[m[Kâ€™ token
[220.036s]    77 |     const bosdyn_msgs::msg::DictParam_[01;31m[K<[m[KContainerAllocator> & _arg)
[220.036s]       |                                       [01;31m[K^[m[K
[220.036s] [01m[K/workspaces/bdai/bosdyn_msgs/build/bosdyn_msgs/rosidl_generator_cpp/bosdyn_msgs/msg/detail/key_string_value_bosdyn_msgs_dict_param__struct.hpp:[m[K In constructor â€˜[01m[Kbosdyn_msgs::msg::KeyStringValueBosdynMsgsDictParam_<ContainerAllocator>::KeyStringValueBosdynMsgsDictParam_(rosidl_runtime_cpp::MessageInitialization)[m[Kâ€™:
[220.036s] [01m[K/workspaces/bdai/bosdyn_msgs/build/bosdyn_msgs/rosidl_generator_cpp/bosdyn_msgs/msg/detail/key_string_value_bosdyn_msgs_dict_param__struct.hpp:41:5:[m[K [01;31m[Kerror: [m[Kclass â€˜[01m[Kbosdyn_msgs::msg::KeyStringValueBosdynMsgsDictParam_<ContainerAllocator>[m[Kâ€™ does not have any field named â€˜[01m[Kvalue[m[Kâ€™
[220.036s]    41 |   : [01;31m[Kvalue[m[K(_init)
[220.037s]       |     [01;31m[K^~~~~[m[K
[220.037s] [01m[K/workspaces/bdai/bosdyn_msgs/build/bosdyn_msgs/rosidl_generator_cpp/bosdyn_msgs/msg/detail/key_string_value_bosdyn_msgs_dict_param__struct.hpp:[m[K In constructor â€˜[01m[Kbosdyn_msgs::msg::KeyStringValueBosdynMsgsDictParam_<ContainerAllocator>::KeyStringValueBosdynMsgsDictParam_(const ContainerAllocator&, rosidl_runtime_cpp::MessageInitialization)[m[Kâ€™:
[220.037s] [01m[K/workspaces/bdai/bosdyn_msgs/build/bosdyn_msgs/rosidl_generator_cpp/bosdyn_msgs/msg/detail/key_string_value_bosdyn_msgs_dict_param__struct.hpp:52:5:[m[K [01;31m[Kerror: [m[Kclass â€˜[01m[Kbosdyn_msgs::msg::KeyStringValueBosdynMsgsDictParam_<ContainerAllocator>[m[Kâ€™ does not have any field named â€˜[01m[Kvalue[m[Kâ€™
[220.037s]    52 |     [01;31m[Kvalue[m[K(_alloc, _init)
[220.037s]       |     [01;31m[K^~~~~[m[K
[220.038s] [01m[K/workspaces/bdai/bosdyn_msgs/build/bosdyn_msgs/rosidl_generator_cpp/bosdyn_msgs/msg/detail/key_string_value_bosdyn_msgs_dict_param__struct.hpp:[m[K In member function â€˜[01m[Kbosdyn_msgs::msg::KeyStringValueBosdynMsgsDictParam_<ContainerAllocator>::Type& bosdyn_msgs::msg::KeyStringValueBosdynMsgsDictParam_<ContainerAllocator>::set__value(int)[m[Kâ€™:
[220.038s] [01m[K/workspaces/bdai/bosdyn_msgs/build/bosdyn_msgs/rosidl_generator_cpp/bosdyn_msgs/msg/detail/key_string_value_bosdyn_msgs_dict_param__struct.hpp:79:19:[m[K [01;31m[Kerror: [m[Kâ€˜[01m[K_arg[m[Kâ€™ was not declared in this scope
[220.038s]    79 |     this->value = [01;31m[K_arg[m[K;
[220.038s]       |                   [01;31m[K^~~~[m[K
[220.038s] [01m[K/workspaces/bdai/bosdyn_msgs/build/bosdyn_msgs/rosidl_generator_cpp/bosdyn_msgs/msg/detail/key_string_value_bosdyn_msgs_dict_param__struct.hpp:[m[K In member function â€˜[01m[Kbosdyn_msgs::msg::KeyStringValueBosdynMsgsDictParam_<ContainerAllocator>::Type& bosdyn_msgs::msg::KeyStringValueBosdynMsgsDictParam_<ContainerAllocator>::set__value(int)[m[Kâ€™:
[220.039s] [01m[K/workspaces/bdai/bosdyn_msgs/build/bosdyn_msgs/rosidl_generator_cpp/bosdyn_msgs/msg/detail/key_string_value_bosdyn_msgs_dict_param__struct.hpp:79:19:[m[K [01;31m[Kerror: [m[Kâ€˜[01m[K_arg[m[Kâ€™ was not declared in this scope
[220.039s]    79 |     this->value = [01;31m[K_arg[m[K;
[220.039s]       |                   [01;31m[K^~~~[m[K
[220.354s] gmake[2]: *** [CMakeFiles/bosdyn_msgs__rosidl_typesupport_fastrtps_cpp.dir/build.make:9840: CMakeFiles/bosdyn_msgs__rosidl_typesupport_fastrtps_cpp.dir/rosidl_typesupport_fastrtps_cpp/bosdyn_msgs/msg/detail/dds_fastrtps/action_one_of_action__type_support.cpp.o] Error 1
[220.412s] gmake[2]: *** [CMakeFiles/bosdyn_msgs__rosidl_typesupport_fastrtps_cpp.dir/build.make:9812: CMakeFiles/bosdyn_msgs__rosidl_typesupport_fastrtps_cpp.dir/rosidl_typesupport_fastrtps_cpp/bosdyn_msgs/msg/detail/dds_fastrtps/action_data_acquisition__type_support.cpp.o] Error 1
[220.511s] gmake[2]: *** [CMakeFiles/bosdyn_msgs__rosidl_typesupport_fastrtps_cpp.dir/build.make:9854: CMakeFiles/bosdyn_msgs__rosidl_typesupport_fastrtps_cpp.dir/rosidl_typesupport_fastrtps_cpp/bosdyn_msgs/msg/detail/dds_fastrtps/action_remote_grpc__type_support.cpp.o] Error 1
[220.585s] gmake[1]: *** [CMakeFiles/Makefile2:291: CMakeFiles/bosdyn_msgs__rosidl_typesupport_fastrtps_cpp.dir/all] Error 2
[220.586s] gmake: *** [Makefile:146: all] Error 2
[220.599s] Invoked command in '/workspaces/bdai/bosdyn_msgs/build/bosdyn_msgs' returned '2': CMAKE_PREFIX_PATH=${CMAKE_PREFIX_PATH}:/workspaces/bdai/projects/watch_understand_do/ws/install/visual_servoing:/workspaces/bdai/projects/watch_understand_do/ws/install/primitives_ros:/workspaces/bdai/projects/watch_understand_do/ws/install/look_at_that_ros:/workspaces/bdai/projects/watch_understand_do/ws/install/diagnose_repair_ros:/workspaces/bdai/projects/tir/ws/install/ur_pick_and_place_ros:/workspaces/bdai/projects/storefront/ws/install/spot_dancing:/workspaces/bdai/ws/install/utilities:/workspaces/bdai/ws/install/spot_spotter:/workspaces/bdai/ws/install/spot_driver:/workspaces/bdai/ws/install/simple_walk_forward:/workspaces/bdai/ws/install/simple_arm_motion:/workspaces/bdai/ws/install/mocap_driver_utilities:/workspaces/bdai/ws/install/camera_interfaces:/workspaces/bdai/ws/install/bdai_ros2_wrappers:/workspaces/bdai/ws/install/bdai_ros:/opt/ros/humble /usr/bin/cmake --build /workspaces/bdai/bosdyn_msgs/build/bosdyn_msgs -- -j16 -l16
